1.7735 	WARNING 	We strongly recommend you activate the PTB sound engine in PsychoPy prefs as the preferred audio engine. Its timing is vastly superior. Your prefs are currently set to use ['sounddevice', 'PTB', 'pyo', 'pygame'] (in that order).
13.3948 	WARNING 	User requested fullscreen with size [1024  768], but screen is actually [1920, 1080]. Using actual size
16.5286 	EXP 	Created window1 = Window(allowGUI=False, allowStencil=False, autoLog=True, backendConf=UNKNOWN, bitsMode=UNKNOWN, blendMode='avg', bpc=(8, 8, 8), color=array([0, 0, 0]), colorSpace='rgb', depthBits=8, fullscr=<method-wrapper '__getattribute__' of attributeSetter object at 0x000001799D65ABE0>, gamma=None, gammaErrorPolicy='raise', lms=UNKNOWN, monitor=<psychopy.monitors.calibTools.Monitor object at 0x000001799D6B1080>, multiSample=False, name='window1', numSamples=2, pos=[0.0, 0.0], screen=0, size=array([1920, 1080]), stencilBits=0, stereo=False, units='height', useFBO=True, useRetina=False, viewOri=0.0, viewPos=None, viewScale=None, waitBlanking=True, winType='pyglet')
16.5289 	EXP 	window1: mouseVisible = True
16.5290 	EXP 	window1: recordFrameIntervals = False
16.6946 	EXP 	window1: recordFrameIntervals = True
16.8781 	EXP 	window1: recordFrameIntervals = False
17.5617 	EXP 	Created instr = ImageStim(__class__=<class 'psychopy.visual.image.ImageStim'>, autoLog=True, color=array([1., 1., 1.]), colorSpace='rgb', contrast=1.0, depth=0.0, flipHoriz=False, flipVert=False, image='instuctions.png', interpolate=True, mask=None, maskParams=None, name='instr', opacity=1, ori=0.0, pos=array([0., 0.]), size=array([0.5, 0.5]), texRes=128.0, units='height', win=Window(...))
17.7303 	EXP 	Created isNative = TextStim(__class__=<class 'psychopy.visual.text.TextStim'>, alignHoriz=method-wrapper(...), alignText='center', alignVert=method-wrapper(...), anchorHoriz='center', anchorVert='center', antialias=True, autoLog=True, bold=False, color=array([1., 1., 1.]), colorSpace='rgb', contrast=1.0, depth=0.0, flipHoriz=False, flipVert=False, font='Open Sans', fontFiles=[], height=0.1, italic=False, languageStyle='LTR', name='isNative', opacity=1, ori=0.0, pos=array([0., 0.]), rgb=UNKNOWN, text=str(...), units='height', win=Window(...), wrapWidth=1)
17.7487 	EXP 	Created text = TextStim(__class__=<class 'psychopy.visual.text.TextStim'>, alignHoriz=method-wrapper(...), alignText='center', alignVert=method-wrapper(...), anchorHoriz='center', anchorVert='center', antialias=True, autoLog=True, bold=False, color=array([1., 1., 1.]), colorSpace='rgb', contrast=1.0, depth=0.0, flipHoriz=False, flipVert=False, font='Open Sans', fontFiles=[], height=0.1, italic=False, languageStyle='LTR', name='text', opacity=1, ori=0.0, pos=array([0., 0.]), rgb=UNKNOWN, text=str(...), units='height', win=Window(...), wrapWidth=1)
17.7513 	EXP 	Created text_2 = TextStim(__class__=<class 'psychopy.visual.text.TextStim'>, alignHoriz=method-wrapper(...), alignText='center', alignVert=method-wrapper(...), anchorHoriz='center', anchorVert='center', antialias=True, autoLog=True, bold=False, color=array([1., 1., 1.]), colorSpace='rgb', contrast=1.0, depth=-1.0, flipHoriz=False, flipVert=False, font='Open Sans', fontFiles=[], height=0.1, italic=False, languageStyle='LTR', name='text_2', opacity=1, ori=0.0, pos=array([0., 0.]), rgb=UNKNOWN, text='', units='height', win=Window(...), wrapWidth=1)
17.7591 	EXP 	Created practice1Cross = TextStim(__class__=<class 'psychopy.visual.text.TextStim'>, alignHoriz=method-wrapper(...), alignText='center', alignVert=method-wrapper(...), anchorHoriz='center', anchorVert='center', antialias=True, autoLog=True, bold=False, color=array([1., 1., 1.]), colorSpace='rgb', contrast=1.0, depth=0.0, flipHoriz=False, flipVert=False, font='Open Sans', fontFiles=[], height=0.1, italic=False, languageStyle='LTR', name='practice1Cross', opacity=1, ori=0.0, pos=array([0., 0.]), rgb=UNKNOWN, text='+', units='height', win=Window(...), wrapWidth=1)
17.7717 	EXP 	Created practice1Text = TextStim(__class__=<class 'psychopy.visual.text.TextStim'>, alignHoriz=method-wrapper(...), alignText='center', alignVert=method-wrapper(...), anchorHoriz='center', anchorVert='center', antialias=True, autoLog=True, bold=False, color=array([1., 1., 1.]), colorSpace='rgb', contrast=1.0, depth=-1.0, flipHoriz=False, flipVert=False, font='Open Sans', fontFiles=[], height=0.1, italic=False, languageStyle='LTR', name='practice1Text', opacity=1, ori=0.0, pos=array([0., 0.]), rgb=UNKNOWN, text='The driver crashed the car.', units='height', win=Window(...), wrapWidth=1)
17.7743 	EXP 	Created feedback1Text = TextStim(__class__=<class 'psychopy.visual.text.TextStim'>, alignHoriz=method-wrapper(...), alignText='center', alignVert=method-wrapper(...), anchorHoriz='center', anchorVert='center', antialias=True, autoLog=True, bold=False, color=array([1., 1., 1.]), colorSpace='rgb', contrast=1.0, depth=0.0, flipHoriz=False, flipVert=False, font='Open Sans', fontFiles=[], height=0.1, italic=False, languageStyle='LTR', name='feedback1Text', opacity=1, ori=0.0, pos=array([0., 0.]), rgb=UNKNOWN, text='', units='height', win=Window(...), wrapWidth=1)
17.7769 	EXP 	Created feedback1Blank = TextStim(__class__=<class 'psychopy.visual.text.TextStim'>, alignHoriz=method-wrapper(...), alignText='center', alignVert=method-wrapper(...), anchorHoriz='center', anchorVert='center', antialias=True, autoLog=True, bold=False, color=array([1., 1., 1.]), colorSpace='rgb', contrast=1.0, depth=-1.0, flipHoriz=False, flipVert=False, font='Open Sans', fontFiles=[], height=0.1, italic=False, languageStyle='LTR', name='feedback1Blank', opacity=1, ori=0.0, pos=array([0., 0.]), rgb=UNKNOWN, text='', units='height', win=Window(...), wrapWidth=1)
17.7813 	EXP 	Created practice2Cross = TextStim(__class__=<class 'psychopy.visual.text.TextStim'>, alignHoriz=method-wrapper(...), alignText='center', alignVert=method-wrapper(...), anchorHoriz='center', anchorVert='center', antialias=True, autoLog=True, bold=False, color=array([1., 1., 1.]), colorSpace='rgb', contrast=1.0, depth=0.0, flipHoriz=False, flipVert=False, font='Open Sans', fontFiles=[], height=0.1, italic=False, languageStyle='LTR', name='practice2Cross', opacity=1, ori=0.0, pos=array([0., 0.]), rgb=UNKNOWN, text='+', units='height', win=Window(...), wrapWidth=1)
17.7921 	EXP 	Created practice2Text = TextStim(__class__=<class 'psychopy.visual.text.TextStim'>, alignHoriz=method-wrapper(...), alignText='center', alignVert=method-wrapper(...), anchorHoriz='center', anchorVert='center', antialias=True, autoLog=True, bold=False, color=array([1., 1., 1.]), colorSpace='rgb', contrast=1.0, depth=-1.0, flipHoriz=False, flipVert=False, font='Open Sans', fontFiles=[], height=0.1, italic=False, languageStyle='LTR', name='practice2Text', opacity=1, ori=0.0, pos=array([0., 0.]), rgb=UNKNOWN, text='The car drives the airplane.', units='height', win=Window(...), wrapWidth=1)
17.7945 	EXP 	Created feedback2Text = TextStim(__class__=<class 'psychopy.visual.text.TextStim'>, alignHoriz=method-wrapper(...), alignText='center', alignVert=method-wrapper(...), anchorHoriz='center', anchorVert='center', antialias=True, autoLog=True, bold=False, color=array([1., 1., 1.]), colorSpace='rgb', contrast=1.0, depth=0.0, flipHoriz=False, flipVert=False, font='Open Sans', fontFiles=[], height=0.1, italic=False, languageStyle='LTR', name='feedback2Text', opacity=1, ori=0.0, pos=array([0., 0.]), rgb=UNKNOWN, text='', units='height', win=Window(...), wrapWidth=1)
17.7971 	EXP 	Created feedback2Blank = TextStim(__class__=<class 'psychopy.visual.text.TextStim'>, alignHoriz=method-wrapper(...), alignText='center', alignVert=method-wrapper(...), anchorHoriz='center', anchorVert='center', antialias=True, autoLog=True, bold=False, color=array([1., 1., 1.]), colorSpace='rgb', contrast=1.0, depth=-1.0, flipHoriz=False, flipVert=False, font='Open Sans', fontFiles=[], height=0.1, italic=False, languageStyle='LTR', name='feedback2Blank', opacity=1, ori=0.0, pos=array([0., 0.]), rgb=UNKNOWN, text='', units='height', win=Window(...), wrapWidth=1)
17.7993 	EXP 	Created sentence = TextStim(__class__=<class 'psychopy.visual.text.TextStim'>, alignHoriz=method-wrapper(...), alignText='center', alignVert=method-wrapper(...), anchorHoriz='center', anchorVert='center', antialias=True, autoLog=True, bold=False, color=array([1., 1., 1.]), colorSpace='rgb', contrast=1.0, depth=0.0, flipHoriz=False, flipVert=False, font='Open Sans', fontFiles=[], height=0.1, italic=False, languageStyle='LTR', name='sentence', opacity=1, ori=0.0, pos=array([0., 0.]), rgb=UNKNOWN, text='', units='height', win=Window(...), wrapWidth=1)
17.8037 	EXP 	Created fixationCross = TextStim(__class__=<class 'psychopy.visual.text.TextStim'>, alignHoriz=method-wrapper(...), alignText='center', alignVert=method-wrapper(...), anchorHoriz='center', anchorVert='center', antialias=True, autoLog=True, bold=False, color=array([1., 1., 1.]), colorSpace='rgb', contrast=1.0, depth=-1.0, flipHoriz=False, flipVert=False, font='Open Sans', fontFiles=[], height=0.1, italic=False, languageStyle='LTR', name='fixationCross', opacity=1, ori=0.0, pos=array([0., 0.]), rgb=UNKNOWN, text='+', units='height', win=Window(...), wrapWidth=1)
17.8312 	EXP 	Created debriefText = TextStim(__class__=<class 'psychopy.visual.text.TextStim'>, alignHoriz=method-wrapper(...), alignText='center', alignVert=method-wrapper(...), anchorHoriz='center', anchorVert='center', antialias=True, autoLog=True, bold=False, color=array([1., 1., 1.]), colorSpace='rgb', contrast=1.0, depth=0.0, flipHoriz=False, flipVert=False, font='Open Sans', fontFiles=[], height=0.1, italic=False, languageStyle='LTR', name='debriefText', opacity=1, ori=0.0, pos=array([0., 0.]), rgb=UNKNOWN, text=str(...), units='height', win=Window(...), wrapWidth=1)
17.8977 	EXP 	instr: autoDraw = True
75.8558 	DATA 	Keypress: y
75.8633 	EXP 	instr: autoDraw = False
75.8633 	EXP 	isNative: autoDraw = True
79.7697 	DATA 	Keypress: n
79.7933 	EXP 	isNative: autoDraw = False
79.7933 	EXP 	text: autoDraw = True
84.7725 	EXP 	text_2: autoDraw = True
84.8052 	EXP 	text: autoDraw = False
87.7862 	EXP 	text_2: autoDraw = False
87.7862 	EXP 	text: autoDraw = False
87.7862 	EXP 	text_2: autoDraw = False
87.7862 	EXP 	practice1Cross: autoDraw = True
88.7691 	EXP 	practice1Text: autoDraw = True
88.7857 	EXP 	practice1Cross: autoDraw = False
90.4588 	DATA 	Keypress: y
90.5120 	EXP 	practice1Cross: autoDraw = False
90.5120 	EXP 	practice1Text: autoDraw = False
90.5120 	EXP 	feedback1Text: text = "Your response was: 'yes'. Now let's try one more round."
90.5120 	EXP 	feedback1Text: autoDraw = True
95.4969 	EXP 	feedback1Blank: autoDraw = True
95.5129 	EXP 	feedback1Text: autoDraw = False
98.5106 	EXP 	feedback1Blank: autoDraw = False
98.5106 	EXP 	feedback1Text: autoDraw = False
98.5106 	EXP 	feedback1Blank: autoDraw = False
98.5106 	EXP 	practice2Cross: autoDraw = True
99.4936 	EXP 	practice2Text: autoDraw = True
99.5102 	EXP 	practice2Cross: autoDraw = False
100.9818 	DATA 	Keypress: n
100.9855 	EXP 	practice2Cross: autoDraw = False
100.9855 	EXP 	practice2Text: autoDraw = False
100.9855 	EXP 	feedback2Text: text = "Your response was: 'no', which is correct. The experiment will begin now."
100.9855 	EXP 	feedback2Text: autoDraw = True
105.9720 	EXP 	feedback2Blank: autoDraw = True
105.9878 	EXP 	feedback2Text: autoDraw = False
109.0290 	EXP 	Imported stimuliFiltered.xlsx as conditions, 64 conditions, 5 params
109.0309 	EXP 	Created sequence: random, trialTypes=64, nReps=1, seed=None
109.0318 	EXP 	New trial (rep=0, index=0): {'sentenceID': 55, 'isConcordant': False, 'sentenceType': 'intransitive', 'isPlausible': True, 'sentenceContent': 'The sugar dissolved in the milk.'}
109.0569 	EXP 	feedback2Blank: autoDraw = False
109.0569 	EXP 	feedback2Text: autoDraw = False
109.0569 	EXP 	feedback2Blank: autoDraw = False
109.0569 	EXP 	sentence: text = 'The sugar dissolved in the milk.'
109.0569 	EXP 	fixationCross: autoDraw = True
110.0517 	EXP 	sentence: autoDraw = True
110.0682 	EXP 	fixationCross: autoDraw = False
111.4597 	DATA 	Keypress: y
111.4747 	EXP 	New trial (rep=0, index=1): {'sentenceID': 59, 'isConcordant': False, 'sentenceType': 'intransitive', 'isPlausible': True, 'sentenceContent': 'The soup heated in the pot.'}
111.4967 	EXP 	sentence: autoDraw = False
111.4967 	EXP 	fixationCross: autoDraw = False
111.4967 	EXP 	sentence: text = 'The soup heated in the pot.'
111.4967 	EXP 	fixationCross: autoDraw = True
112.4829 	EXP 	sentence: autoDraw = True
112.4995 	EXP 	fixationCross: autoDraw = False
113.6711 	EXP 	New trial (rep=0, index=2): {'sentenceID': 5, 'isConcordant': True, 'sentenceType': 'transitive', 'isPlausible': True, 'sentenceContent': 'The waiter poured the wine.'}
113.6902 	DATA 	Keypress: y
113.6929 	EXP 	sentence: autoDraw = False
113.6929 	EXP 	fixationCross: autoDraw = False
113.6929 	EXP 	sentence: text = 'The waiter poured the wine.'
113.6929 	EXP 	fixationCross: autoDraw = True
114.6811 	EXP 	sentence: autoDraw = True
114.6976 	EXP 	fixationCross: autoDraw = False
115.8064 	DATA 	Keypress: n
115.8203 	EXP 	New trial (rep=0, index=3): {'sentenceID': 2, 'isConcordant': True, 'sentenceType': 'transitive', 'isPlausible': False, 'sentenceContent': 'The box opened the teacher.'}
115.8429 	EXP 	sentence: autoDraw = False
115.8429 	EXP 	fixationCross: autoDraw = False
115.8429 	EXP 	sentence: text = 'The box opened the teacher.'
115.8429 	EXP 	fixationCross: autoDraw = True
116.8292 	EXP 	sentence: autoDraw = True
116.8461 	EXP 	fixationCross: autoDraw = False
117.9208 	DATA 	Keypress: n
117.9347 	EXP 	New trial (rep=0, index=4): {'sentenceID': 54, 'isConcordant': False, 'sentenceType': 'intransitive', 'isPlausible': False, 'sentenceContent': 'The table poured over the wine.'}
117.9625 	EXP 	sentence: autoDraw = False
117.9625 	EXP 	fixationCross: autoDraw = False
117.9625 	EXP 	sentence: text = 'The table poured over the wine.'
117.9625 	EXP 	fixationCross: autoDraw = True
118.9606 	EXP 	sentence: autoDraw = True
118.9773 	EXP 	fixationCross: autoDraw = False
120.1496 	EXP 	New trial (rep=0, index=5): {'sentenceID': 49, 'isConcordant': False, 'sentenceType': 'intransitive', 'isPlausible': True, 'sentenceContent': 'The box opened after a short while.'}
120.1787 	DATA 	Keypress: n
120.1816 	EXP 	sentence: autoDraw = False
120.1816 	EXP 	fixationCross: autoDraw = False
120.1816 	EXP 	sentence: text = 'The box opened after a short while.'
120.1816 	EXP 	fixationCross: autoDraw = True
121.1756 	EXP 	sentence: autoDraw = True
121.1922 	EXP 	fixationCross: autoDraw = False
122.5647 	EXP 	New trial (rep=0, index=6): {'sentenceID': 7, 'isConcordant': True, 'sentenceType': 'transitive', 'isPlausible': True, 'sentenceContent': 'The baker dissolved the sugar.'}
122.5836 	DATA 	Keypress: y
122.5867 	EXP 	sentence: autoDraw = False
122.5867 	EXP 	fixationCross: autoDraw = False
122.5867 	EXP 	sentence: text = 'The baker dissolved the sugar.'
122.5867 	EXP 	fixationCross: autoDraw = True
123.5739 	EXP 	sentence: autoDraw = True
123.5904 	EXP 	fixationCross: autoDraw = False
124.5460 	EXP 	New trial (rep=0, index=7): {'sentenceID': 13, 'isConcordant': True, 'sentenceType': 'transitive', 'isPlausible': True, 'sentenceContent': 'The assistant shut the store.'}
124.5660 	DATA 	Keypress: y
124.5691 	EXP 	sentence: autoDraw = False
124.5691 	EXP 	fixationCross: autoDraw = False
124.5691 	EXP 	sentence: text = 'The assistant shut the store.'
124.5691 	EXP 	fixationCross: autoDraw = True
125.5555 	EXP 	sentence: autoDraw = True
125.5721 	EXP 	fixationCross: autoDraw = False
126.4793 	DATA 	Keypress: y
126.4938 	EXP 	New trial (rep=0, index=8): {'sentenceID': 11, 'isConcordant': True, 'sentenceType': 'transitive', 'isPlausible': True, 'sentenceContent': 'The cook heated the soup.'}
126.5155 	EXP 	sentence: autoDraw = False
126.5155 	EXP 	fixationCross: autoDraw = False
126.5155 	EXP 	sentence: text = 'The cook heated the soup.'
126.5155 	EXP 	fixationCross: autoDraw = True
127.5040 	EXP 	sentence: autoDraw = True
127.5205 	EXP 	fixationCross: autoDraw = False
128.3095 	EXP 	New trial (rep=0, index=9): {'sentenceID': 51, 'isConcordant': False, 'sentenceType': 'intransitive', 'isPlausible': True, 'sentenceContent': 'The pipe clogged after the rain.'}
128.3303 	DATA 	Keypress: y
128.3332 	EXP 	sentence: autoDraw = False
128.3332 	EXP 	fixationCross: autoDraw = False
128.3332 	EXP 	sentence: text = 'The pipe clogged after the rain.'
128.3332 	EXP 	fixationCross: autoDraw = True
129.3189 	EXP 	sentence: autoDraw = True
129.3356 	EXP 	fixationCross: autoDraw = False
130.1910 	EXP 	New trial (rep=0, index=10): {'sentenceID': 31, 'isConcordant': True, 'sentenceType': 'intransitive', 'isPlausible': True, 'sentenceContent': 'The soup boiled in the pot.'}
130.2113 	DATA 	Keypress: y
130.2143 	EXP 	sentence: autoDraw = False
130.2143 	EXP 	fixationCross: autoDraw = False
130.2143 	EXP 	sentence: text = 'The soup boiled in the pot.'
130.2143 	EXP 	fixationCross: autoDraw = True
131.2007 	EXP 	sentence: autoDraw = True
131.2174 	EXP 	fixationCross: autoDraw = False
132.0067 	EXP 	New trial (rep=0, index=11): {'sentenceID': 15, 'isConcordant': True, 'sentenceType': 'transitive', 'isPlausible': True, 'sentenceContent': 'The girl tore her sweater.'}
132.0255 	DATA 	Keypress: y
132.0284 	EXP 	sentence: autoDraw = False
132.0284 	EXP 	fixationCross: autoDraw = False
132.0284 	EXP 	sentence: text = 'The girl tore her sweater.'
132.0284 	EXP 	fixationCross: autoDraw = True
133.0160 	EXP 	sentence: autoDraw = True
133.0326 	EXP 	fixationCross: autoDraw = False
134.2708 	EXP 	New trial (rep=0, index=12): {'sentenceID': 33, 'isConcordant': False, 'sentenceType': 'transitive', 'isPlausible': True, 'sentenceContent': 'His parents grow flowers on their balcony.'}
134.3013 	DATA 	Keypress: y
134.3043 	EXP 	sentence: autoDraw = False
134.3043 	EXP 	fixationCross: autoDraw = False
134.3043 	EXP 	sentence: text = 'His parents grow flowers on their balcony.'
134.3043 	EXP 	fixationCross: autoDraw = True
135.2977 	EXP 	sentence: autoDraw = True
135.3143 	EXP 	fixationCross: autoDraw = False
136.6392 	DATA 	Keypress: y
136.6530 	EXP 	New trial (rep=0, index=13): {'sentenceID': 22, 'isConcordant': True, 'sentenceType': 'intransitive', 'isPlausible': False, 'sentenceContent': 'The street exploded in the bomb.'}
136.6777 	EXP 	sentence: autoDraw = False
136.6777 	EXP 	fixationCross: autoDraw = False
136.6777 	EXP 	sentence: text = 'The street exploded in the bomb.'
136.6777 	EXP 	fixationCross: autoDraw = True
137.6622 	EXP 	sentence: autoDraw = True
137.6789 	EXP 	fixationCross: autoDraw = False
138.4340 	EXP 	New trial (rep=0, index=14): {'sentenceID': 42, 'isConcordant': False, 'sentenceType': 'transitive', 'isPlausible': False, 'sentenceContent': 'The shirt shrank the hot water.'}
138.4554 	DATA 	Keypress: y
138.4588 	EXP 	sentence: autoDraw = False
138.4588 	EXP 	fixationCross: autoDraw = False
138.4588 	EXP 	sentence: text = 'The shirt shrank the hot water.'
138.4588 	EXP 	fixationCross: autoDraw = True
139.4441 	EXP 	sentence: autoDraw = True
139.4607 	EXP 	fixationCross: autoDraw = False
140.8342 	DATA 	Keypress: y
140.8488 	EXP 	New trial (rep=0, index=15): {'sentenceID': 6, 'isConcordant': True, 'sentenceType': 'transitive', 'isPlausible': False, 'sentenceContent': 'The wine poured the waiter.'}
140.8705 	EXP 	sentence: autoDraw = False
140.8705 	EXP 	fixationCross: autoDraw = False
140.8705 	EXP 	sentence: text = 'The wine poured the waiter.'
140.8705 	EXP 	fixationCross: autoDraw = True
141.8588 	EXP 	sentence: autoDraw = True
141.8754 	EXP 	fixationCross: autoDraw = False
143.3982 	DATA 	Keypress: n
143.4132 	EXP 	New trial (rep=0, index=16): {'sentenceID': 24, 'isConcordant': True, 'sentenceType': 'intransitive', 'isPlausible': False, 'sentenceContent': 'The sun hardened in the concrete.'}
143.4350 	EXP 	sentence: autoDraw = False
143.4350 	EXP 	fixationCross: autoDraw = False
143.4350 	EXP 	sentence: text = 'The sun hardened in the concrete.'
143.4350 	EXP 	fixationCross: autoDraw = True
144.4233 	EXP 	sentence: autoDraw = True
144.4400 	EXP 	fixationCross: autoDraw = False
146.0617 	EXP 	New trial (rep=0, index=17): {'sentenceID': 45, 'isConcordant': False, 'sentenceType': 'transitive', 'isPlausible': True, 'sentenceContent': 'The boy burst the balloon.'}
146.0798 	DATA 	Keypress: y
146.0828 	EXP 	sentence: autoDraw = False
146.0828 	EXP 	fixationCross: autoDraw = False
146.0828 	EXP 	sentence: text = 'The boy burst the balloon.'
146.0828 	EXP 	fixationCross: autoDraw = True
147.0712 	EXP 	sentence: autoDraw = True
147.0876 	EXP 	fixationCross: autoDraw = False
148.1104 	EXP 	New trial (rep=0, index=18): {'sentenceID': 48, 'isConcordant': False, 'sentenceType': 'transitive', 'isPlausible': False, 'sentenceContent': 'The soup boiled the cook.'}
148.1284 	DATA 	Keypress: y
148.1314 	EXP 	sentence: autoDraw = False
148.1314 	EXP 	fixationCross: autoDraw = False
148.1314 	EXP 	sentence: text = 'The soup boiled the cook.'
148.1314 	EXP 	fixationCross: autoDraw = True
149.1193 	EXP 	sentence: autoDraw = True
149.1361 	EXP 	fixationCross: autoDraw = False
150.1101 	DATA 	Keypress: n
150.1244 	EXP 	New trial (rep=0, index=19): {'sentenceID': 32, 'isConcordant': True, 'sentenceType': 'intransitive', 'isPlausible': False, 'sentenceContent': 'The cook boiled in the pot.'}
150.1451 	EXP 	sentence: autoDraw = False
150.1451 	EXP 	fixationCross: autoDraw = False
150.1451 	EXP 	sentence: text = 'The cook boiled in the pot.'
150.1451 	EXP 	fixationCross: autoDraw = True
151.1344 	EXP 	sentence: autoDraw = True
151.1510 	EXP 	fixationCross: autoDraw = False
152.2396 	EXP 	New trial (rep=0, index=20): {'sentenceID': 28, 'isConcordant': True, 'sentenceType': 'intransitive', 'isPlausible': False, 'sentenceContent': 'My hands crumbled in the cake.'}
152.2702 	DATA 	Keypress: y
152.2734 	EXP 	sentence: autoDraw = False
152.2734 	EXP 	fixationCross: autoDraw = False
152.2734 	EXP 	sentence: text = 'My hands crumbled in the cake.'
152.2734 	EXP 	fixationCross: autoDraw = True
153.2661 	EXP 	sentence: autoDraw = True
153.2826 	EXP 	fixationCross: autoDraw = False
154.5554 	DATA 	Keypress: y
154.5711 	EXP 	New trial (rep=0, index=21): {'sentenceID': 38, 'isConcordant': False, 'sentenceType': 'transitive', 'isPlausible': False, 'sentenceContent': 'The bomb exploded the guards.'}
154.5933 	EXP 	sentence: autoDraw = False
154.5933 	EXP 	fixationCross: autoDraw = False
154.5933 	EXP 	sentence: text = 'The bomb exploded the guards.'
154.5933 	EXP 	fixationCross: autoDraw = True
155.5807 	EXP 	sentence: autoDraw = True
155.5972 	EXP 	fixationCross: autoDraw = False
156.8862 	EXP 	New trial (rep=0, index=22): {'sentenceID': 58, 'isConcordant': False, 'sentenceType': 'intransitive', 'isPlausible': False, 'sentenceContent': 'The heat softened the butter.'}
156.9063 	DATA 	Keypress: y
156.9093 	EXP 	sentence: autoDraw = False
156.9093 	EXP 	fixationCross: autoDraw = False
156.9093 	EXP 	sentence: text = 'The heat softened the butter.'
156.9093 	EXP 	fixationCross: autoDraw = True
157.8955 	EXP 	sentence: autoDraw = True
157.9122 	EXP 	fixationCross: autoDraw = False
159.3678 	DATA 	Keypress: y
159.3840 	EXP 	New trial (rep=0, index=23): {'sentenceID': 1, 'isConcordant': True, 'sentenceType': 'transitive', 'isPlausible': True, 'sentenceContent': 'The teacher opened the box. '}
159.4085 	EXP 	sentence: autoDraw = False
159.4085 	EXP 	fixationCross: autoDraw = False
159.4085 	EXP 	sentence: text = 'The teacher opened the box. '
159.4085 	EXP 	fixationCross: autoDraw = True
160.3934 	EXP 	sentence: autoDraw = True
160.4101 	EXP 	fixationCross: autoDraw = False
161.3341 	DATA 	Keypress: y
161.3486 	EXP 	New trial (rep=0, index=24): {'sentenceID': 56, 'isConcordant': False, 'sentenceType': 'intransitive', 'isPlausible': False, 'sentenceContent': 'The baker dissolved in the milk.'}
161.3712 	EXP 	sentence: autoDraw = False
161.3712 	EXP 	fixationCross: autoDraw = False
161.3712 	EXP 	sentence: text = 'The baker dissolved in the milk.'
161.3712 	EXP 	fixationCross: autoDraw = True
162.3586 	EXP 	sentence: autoDraw = True
162.3752 	EXP 	fixationCross: autoDraw = False
163.2680 	DATA 	Keypress: y
163.2812 	EXP 	New trial (rep=0, index=25): {'sentenceID': 4, 'isConcordant': True, 'sentenceType': 'transitive', 'isPlausible': False, 'sentenceContent': 'The pipe clogged the leaves.'}
163.3037 	EXP 	sentence: autoDraw = False
163.3037 	EXP 	fixationCross: autoDraw = False
163.3037 	EXP 	sentence: text = 'The pipe clogged the leaves.'
163.3037 	EXP 	fixationCross: autoDraw = True
164.2903 	EXP 	sentence: autoDraw = True
164.3069 	EXP 	fixationCross: autoDraw = False
165.8963 	DATA 	Keypress: n
165.9114 	EXP 	New trial (rep=0, index=26): {'sentenceID': 60, 'isConcordant': False, 'sentenceType': 'intransitive', 'isPlausible': False, 'sentenceContent': 'The cook heated in the soup.'}
165.9342 	EXP 	sentence: autoDraw = False
165.9342 	EXP 	fixationCross: autoDraw = False
165.9342 	EXP 	sentence: text = 'The cook heated in the soup.'
165.9342 	EXP 	fixationCross: autoDraw = True
166.9213 	EXP 	sentence: autoDraw = True
166.9381 	EXP 	fixationCross: autoDraw = False
168.8610 	DATA 	Keypress: n
168.8761 	EXP 	New trial (rep=0, index=27): {'sentenceID': 52, 'isConcordant': False, 'sentenceType': 'intransitive', 'isPlausible': False, 'sentenceContent': 'The leaves clogged after the rain.'}
168.8982 	EXP 	sentence: autoDraw = False
168.8982 	EXP 	fixationCross: autoDraw = False
168.8982 	EXP 	sentence: text = 'The leaves clogged after the rain.'
168.8982 	EXP 	fixationCross: autoDraw = True
169.8856 	EXP 	sentence: autoDraw = True
169.9022 	EXP 	fixationCross: autoDraw = False
171.0571 	EXP 	New trial (rep=0, index=28): {'sentenceID': 27, 'isConcordant': True, 'sentenceType': 'intransitive', 'isPlausible': True, 'sentenceContent': 'The cake crumbled in my hands.'}
171.0772 	DATA 	Keypress: y
171.0802 	EXP 	sentence: autoDraw = False
171.0802 	EXP 	fixationCross: autoDraw = False
171.0802 	EXP 	sentence: text = 'The cake crumbled in my hands.'
171.0802 	EXP 	fixationCross: autoDraw = True
172.0672 	EXP 	sentence: autoDraw = True
172.0840 	EXP 	fixationCross: autoDraw = False
174.1735 	DATA 	Keypress: y
174.1886 	EXP 	New trial (rep=0, index=29): {'sentenceID': 46, 'isConcordant': False, 'sentenceType': 'transitive', 'isPlausible': False, 'sentenceContent': 'The balloon burst the boy.'}
174.2107 	EXP 	sentence: autoDraw = False
174.2107 	EXP 	fixationCross: autoDraw = False
174.2107 	EXP 	sentence: text = 'The balloon burst the boy.'
174.2107 	EXP 	fixationCross: autoDraw = True
175.1980 	EXP 	sentence: autoDraw = True
175.2146 	EXP 	fixationCross: autoDraw = False
176.4695 	EXP 	New trial (rep=0, index=30): {'sentenceID': 10, 'isConcordant': True, 'sentenceType': 'transitive', 'isPlausible': False, 'sentenceContent': 'The butter softened the heat.'}
176.4879 	DATA 	Keypress: n
176.4910 	EXP 	sentence: autoDraw = False
176.4910 	EXP 	fixationCross: autoDraw = False
176.4910 	EXP 	sentence: text = 'The butter softened the heat.'
176.4910 	EXP 	fixationCross: autoDraw = True
177.4794 	EXP 	sentence: autoDraw = True
177.4961 	EXP 	fixationCross: autoDraw = False
179.0360 	DATA 	Keypress: n
179.0506 	EXP 	New trial (rep=0, index=31): {'sentenceID': 41, 'isConcordant': False, 'sentenceType': 'transitive', 'isPlausible': True, 'sentenceContent': 'The hot water shrank the shirt.'}
179.0724 	EXP 	sentence: autoDraw = False
179.0724 	EXP 	fixationCross: autoDraw = False
179.0724 	EXP 	sentence: text = 'The hot water shrank the shirt.'
179.0724 	EXP 	fixationCross: autoDraw = True
180.0607 	EXP 	sentence: autoDraw = True
180.0772 	EXP 	fixationCross: autoDraw = False
181.9482 	EXP 	New trial (rep=0, index=32): {'sentenceID': 23, 'isConcordant': True, 'sentenceType': 'intransitive', 'isPlausible': True, 'sentenceContent': 'The concrete hardened in the sun.'}
181.9703 	DATA 	Keypress: y
181.9733 	EXP 	sentence: autoDraw = False
181.9733 	EXP 	fixationCross: autoDraw = False
181.9733 	EXP 	sentence: text = 'The concrete hardened in the sun.'
181.9733 	EXP 	fixationCross: autoDraw = True
182.9583 	EXP 	sentence: autoDraw = True
182.9751 	EXP 	fixationCross: autoDraw = False
184.1966 	EXP 	New trial (rep=0, index=33): {'sentenceID': 25, 'isConcordant': True, 'sentenceType': 'intransitive', 'isPlausible': True, 'sentenceContent': 'The shirt shrank in the wash.'}
184.2174 	DATA 	Keypress: y
184.2204 	EXP 	sentence: autoDraw = False
184.2204 	EXP 	fixationCross: autoDraw = False
184.2204 	EXP 	sentence: text = 'The shirt shrank in the wash.'
184.2204 	EXP 	fixationCross: autoDraw = True
185.2064 	EXP 	sentence: autoDraw = True
185.2229 	EXP 	fixationCross: autoDraw = False
187.2113 	EXP 	New trial (rep=0, index=34): {'sentenceID': 44, 'isConcordant': False, 'sentenceType': 'transitive', 'isPlausible': False, 'sentenceContent': 'The cake crumbled the cook.'}
187.2376 	DATA 	Keypress: y
187.2403 	EXP 	sentence: autoDraw = False
187.2403 	EXP 	fixationCross: autoDraw = False
187.2403 	EXP 	sentence: text = 'The cake crumbled the cook.'
187.2403 	EXP 	fixationCross: autoDraw = True
188.2371 	EXP 	sentence: autoDraw = True
188.2537 	EXP 	fixationCross: autoDraw = False
189.6269 	DATA 	Keypress: n
189.6423 	EXP 	New trial (rep=0, index=35): {'sentenceID': 16, 'isConcordant': True, 'sentenceType': 'transitive', 'isPlausible': False, 'sentenceContent': 'The sweater tore the girl.'}
189.6629 	EXP 	sentence: autoDraw = False
189.6629 	EXP 	fixationCross: autoDraw = False
189.6629 	EXP 	sentence: text = 'The sweater tore the girl.'
189.6629 	EXP 	fixationCross: autoDraw = True
190.6518 	EXP 	sentence: autoDraw = True
190.6685 	EXP 	fixationCross: autoDraw = False
192.4403 	EXP 	New trial (rep=0, index=36): {'sentenceID': 62, 'isConcordant': False, 'sentenceType': 'intransitive', 'isPlausible': False, 'sentenceContent': 'The assistant shut at six o’clock.'}
192.4708 	DATA 	Keypress: n
192.4738 	EXP 	sentence: autoDraw = False
192.4738 	EXP 	fixationCross: autoDraw = False
192.4738 	EXP 	sentence: text = 'The assistant shut at six o’clock.'
192.4738 	EXP 	fixationCross: autoDraw = True
193.4663 	EXP 	sentence: autoDraw = True
193.4830 	EXP 	fixationCross: autoDraw = False
195.0713 	EXP 	New trial (rep=0, index=37): {'sentenceID': 8, 'isConcordant': True, 'sentenceType': 'transitive', 'isPlausible': False, 'sentenceContent': 'The sugar dissolved the baker.'}
195.0908 	DATA 	Keypress: n
195.0938 	EXP 	sentence: autoDraw = False
195.0938 	EXP 	fixationCross: autoDraw = False
195.0938 	EXP 	sentence: text = 'The sugar dissolved the baker.'
195.0938 	EXP 	fixationCross: autoDraw = True
196.0810 	EXP 	sentence: autoDraw = True
196.0975 	EXP 	fixationCross: autoDraw = False
197.1868 	DATA 	Keypress: n
197.2025 	EXP 	New trial (rep=0, index=38): {'sentenceID': 43, 'isConcordant': False, 'sentenceType': 'transitive', 'isPlausible': True, 'sentenceContent': 'The cook crumbled the cake.'}
197.2254 	EXP 	sentence: autoDraw = False
197.2254 	EXP 	fixationCross: autoDraw = False
197.2254 	EXP 	sentence: text = 'The cook crumbled the cake.'
197.2254 	EXP 	fixationCross: autoDraw = True
198.2125 	EXP 	sentence: autoDraw = True
198.2291 	EXP 	fixationCross: autoDraw = False
199.4367 	DATA 	Keypress: y
199.4510 	EXP 	New trial (rep=0, index=39): {'sentenceID': 26, 'isConcordant': True, 'sentenceType': 'intransitive', 'isPlausible': False, 'sentenceContent': 'The wash shrank in the shirt.'}
199.4746 	EXP 	sentence: autoDraw = False
199.4746 	EXP 	fixationCross: autoDraw = False
199.4746 	EXP 	sentence: text = 'The wash shrank in the shirt.'
199.4746 	EXP 	fixationCross: autoDraw = True
200.4606 	EXP 	sentence: autoDraw = True
200.4771 	EXP 	fixationCross: autoDraw = False
202.9747 	EXP 	sentence: autoDraw = False
203.3638 	EXP 	New trial (rep=0, index=40): {'sentenceID': 64, 'isConcordant': False, 'sentenceType': 'intransitive', 'isPlausible': False, 'sentenceContent': 'The seams tore along the sweater.'}
203.3852 	DATA 	Keypress: n
203.3881 	EXP 	sentence: autoDraw = False
203.3881 	EXP 	fixationCross: autoDraw = False
203.3881 	EXP 	sentence: text = 'The seams tore along the sweater.'
203.3881 	EXP 	fixationCross: autoDraw = True
204.3740 	EXP 	sentence: autoDraw = True
204.3907 	EXP 	fixationCross: autoDraw = False
206.5627 	EXP 	New trial (rep=0, index=41): {'sentenceID': 39, 'isConcordant': False, 'sentenceType': 'transitive', 'isPlausible': True, 'sentenceContent': 'The sun hardened the sand.'}
206.5809 	DATA 	Keypress: n
206.5840 	EXP 	sentence: autoDraw = False
206.5840 	EXP 	fixationCross: autoDraw = False
206.5840 	EXP 	sentence: text = 'The sun hardened the sand.'
206.5840 	EXP 	fixationCross: autoDraw = True
207.5715 	EXP 	sentence: autoDraw = True
207.5880 	EXP 	fixationCross: autoDraw = False
208.8117 	DATA 	Keypress: y
208.8263 	EXP 	New trial (rep=0, index=42): {'sentenceID': 9, 'isConcordant': True, 'sentenceType': 'transitive', 'isPlausible': True, 'sentenceContent': 'The heat softened the butter.'}
208.8483 	EXP 	sentence: autoDraw = False
208.8483 	EXP 	fixationCross: autoDraw = False
208.8483 	EXP 	sentence: text = 'The heat softened the butter.'
208.8483 	EXP 	fixationCross: autoDraw = True
209.8362 	EXP 	sentence: autoDraw = True
209.8526 	EXP 	fixationCross: autoDraw = False
212.2906 	EXP 	New trial (rep=0, index=43): {'sentenceID': 14, 'isConcordant': True, 'sentenceType': 'transitive', 'isPlausible': False, 'sentenceContent': 'The store shut the assistant.'}
212.3119 	DATA 	Keypress: n
212.3150 	EXP 	sentence: autoDraw = False
212.3150 	EXP 	fixationCross: autoDraw = False
212.3150 	EXP 	sentence: text = 'The store shut the assistant.'
212.3150 	EXP 	fixationCross: autoDraw = True
213.2998 	EXP 	sentence: autoDraw = True
213.3166 	EXP 	fixationCross: autoDraw = False
214.4215 	EXP 	New trial (rep=0, index=44): {'sentenceID': 47, 'isConcordant': False, 'sentenceType': 'transitive', 'isPlausible': True, 'sentenceContent': 'The cook boiled the soup.'}
214.4396 	DATA 	Keypress: n
214.4425 	EXP 	sentence: autoDraw = False
214.4425 	EXP 	fixationCross: autoDraw = False
214.4425 	EXP 	sentence: text = 'The cook boiled the soup.'
214.4425 	EXP 	fixationCross: autoDraw = True
215.4337 	EXP 	sentence: autoDraw = True
215.4480 	EXP 	fixationCross: autoDraw = False
216.4538 	EXP 	New trial (rep=0, index=45): {'sentenceID': 29, 'isConcordant': True, 'sentenceType': 'intransitive', 'isPlausible': True, 'sentenceContent': 'The balloon burst behind the boy.'}
216.4748 	DATA 	Keypress: y
216.4775 	EXP 	sentence: autoDraw = False
216.4775 	EXP 	fixationCross: autoDraw = False
216.4775 	EXP 	sentence: text = 'The balloon burst behind the boy.'
216.4775 	EXP 	fixationCross: autoDraw = True
217.4632 	EXP 	sentence: autoDraw = True
217.4798 	EXP 	fixationCross: autoDraw = False
218.4187 	EXP 	New trial (rep=0, index=46): {'sentenceID': 21, 'isConcordant': True, 'sentenceType': 'intransitive', 'isPlausible': True, 'sentenceContent': 'The bomb exploded in the street.'}
218.4412 	DATA 	Keypress: n
218.4442 	EXP 	sentence: autoDraw = False
218.4442 	EXP 	fixationCross: autoDraw = False
218.4442 	EXP 	sentence: text = 'The bomb exploded in the street.'
218.4442 	EXP 	fixationCross: autoDraw = True
219.4284 	EXP 	sentence: autoDraw = True
219.4450 	EXP 	fixationCross: autoDraw = False
220.7344 	DATA 	Keypress: y
220.7497 	EXP 	New trial (rep=0, index=47): {'sentenceID': 53, 'isConcordant': False, 'sentenceType': 'intransitive', 'isPlausible': True, 'sentenceContent': 'The wine poured over the table.'}
220.7713 	EXP 	sentence: autoDraw = False
220.7713 	EXP 	fixationCross: autoDraw = False
220.7713 	EXP 	sentence: text = 'The wine poured over the table.'
220.7713 	EXP 	fixationCross: autoDraw = True
221.7598 	EXP 	sentence: autoDraw = True
221.7764 	EXP 	fixationCross: autoDraw = False
222.8843 	DATA 	Keypress: y
222.8986 	EXP 	New trial (rep=0, index=48): {'sentenceID': 18, 'isConcordant': True, 'sentenceType': 'intransitive', 'isPlausible': False, 'sentenceContent': 'The clusters grew in the flowers.'}
222.9221 	EXP 	sentence: autoDraw = False
222.9221 	EXP 	fixationCross: autoDraw = False
222.9221 	EXP 	sentence: text = 'The clusters grew in the flowers.'
222.9221 	EXP 	fixationCross: autoDraw = True
223.9080 	EXP 	sentence: autoDraw = True
223.9245 	EXP 	fixationCross: autoDraw = False
225.9126 	EXP 	New trial (rep=0, index=49): {'sentenceID': 12, 'isConcordant': True, 'sentenceType': 'transitive', 'isPlausible': False, 'sentenceContent': 'The soup heated the cook.'}
225.9310 	DATA 	Keypress: n
225.9341 	EXP 	sentence: autoDraw = False
225.9341 	EXP 	fixationCross: autoDraw = False
225.9341 	EXP 	sentence: text = 'The soup heated the cook.'
225.9341 	EXP 	fixationCross: autoDraw = True
226.9221 	EXP 	sentence: autoDraw = True
226.9388 	EXP 	fixationCross: autoDraw = False
228.5121 	DATA 	Keypress: n
228.5272 	EXP 	New trial (rep=0, index=50): {'sentenceID': 50, 'isConcordant': False, 'sentenceType': 'intransitive', 'isPlausible': False, 'sentenceContent': 'The teacher opened after a short while.'}
228.5521 	EXP 	sentence: autoDraw = False
228.5521 	EXP 	fixationCross: autoDraw = False
228.5521 	EXP 	sentence: text = 'The teacher opened after a short while.'
228.5521 	EXP 	fixationCross: autoDraw = True
229.5367 	EXP 	sentence: autoDraw = True
229.5532 	EXP 	fixationCross: autoDraw = False
231.5413 	EXP 	New trial (rep=0, index=51): {'sentenceID': 40, 'isConcordant': False, 'sentenceType': 'transitive', 'isPlausible': False, 'sentenceContent': 'The sand hardened the sun.'}
231.5607 	DATA 	Keypress: n
231.5641 	EXP 	sentence: autoDraw = False
231.5641 	EXP 	fixationCross: autoDraw = False
231.5641 	EXP 	sentence: text = 'The sand hardened the sun.'
231.5641 	EXP 	fixationCross: autoDraw = True
232.5507 	EXP 	sentence: autoDraw = True
232.5675 	EXP 	fixationCross: autoDraw = False
233.8060 	EXP 	New trial (rep=0, index=52): {'sentenceID': 35, 'isConcordant': False, 'sentenceType': 'transitive', 'isPlausible': True, 'sentenceContent': 'The waves sank the boat.'}
233.8253 	DATA 	Keypress: n
233.8280 	EXP 	sentence: autoDraw = False
233.8280 	EXP 	fixationCross: autoDraw = False
233.8280 	EXP 	sentence: text = 'The waves sank the boat.'
233.8280 	EXP 	fixationCross: autoDraw = True
234.8156 	EXP 	sentence: autoDraw = True
234.8323 	EXP 	fixationCross: autoDraw = False
236.2041 	EXP 	New trial (rep=0, index=53): {'sentenceID': 19, 'isConcordant': True, 'sentenceType': 'intransitive', 'isPlausible': True, 'sentenceContent': 'The boat sank in the storm.'}
236.2251 	DATA 	Keypress: y
236.2280 	EXP 	sentence: autoDraw = False
236.2280 	EXP 	fixationCross: autoDraw = False
236.2280 	EXP 	sentence: text = 'The boat sank in the storm.'
236.2280 	EXP 	fixationCross: autoDraw = True
237.2137 	EXP 	sentence: autoDraw = True
237.2304 	EXP 	fixationCross: autoDraw = False
238.5022 	EXP 	New trial (rep=0, index=54): {'sentenceID': 61, 'isConcordant': False, 'sentenceType': 'intransitive', 'isPlausible': True, 'sentenceContent': 'The store shut at six o’clock.'}
238.5246 	DATA 	Keypress: y
238.5276 	EXP 	sentence: autoDraw = False
238.5276 	EXP 	fixationCross: autoDraw = False
238.5276 	EXP 	sentence: text = 'The store shut at six o’clock.'
238.5276 	EXP 	fixationCross: autoDraw = True
239.5119 	EXP 	sentence: autoDraw = True
239.5284 	EXP 	fixationCross: autoDraw = False
240.6003 	EXP 	New trial (rep=0, index=55): {'sentenceID': 37, 'isConcordant': False, 'sentenceType': 'transitive', 'isPlausible': True, 'sentenceContent': 'The guards exploded the bomb.'}
240.6207 	DATA 	Keypress: y
240.6237 	EXP 	sentence: autoDraw = False
240.6237 	EXP 	fixationCross: autoDraw = False
240.6237 	EXP 	sentence: text = 'The guards exploded the bomb.'
240.6237 	EXP 	fixationCross: autoDraw = True
241.6101 	EXP 	sentence: autoDraw = True
241.6267 	EXP 	fixationCross: autoDraw = False
242.8336 	DATA 	Keypress: n
242.8496 	EXP 	New trial (rep=0, index=56): {'sentenceID': 36, 'isConcordant': False, 'sentenceType': 'transitive', 'isPlausible': False, 'sentenceContent': 'The boat sank the waves.'}
242.8720 	EXP 	sentence: autoDraw = False
242.8720 	EXP 	fixationCross: autoDraw = False
242.8720 	EXP 	sentence: text = 'The boat sank the waves.'
242.8720 	EXP 	fixationCross: autoDraw = True
243.8582 	EXP 	sentence: autoDraw = True
243.8748 	EXP 	fixationCross: autoDraw = False
246.3724 	EXP 	sentence: autoDraw = False
246.9101 	DATA 	Keypress: y
246.9281 	EXP 	New trial (rep=0, index=57): {'sentenceID': 63, 'isConcordant': False, 'sentenceType': 'intransitive', 'isPlausible': True, 'sentenceContent': 'The sweater tore along the seams.'}
246.9520 	EXP 	sentence: autoDraw = False
246.9520 	EXP 	fixationCross: autoDraw = False
246.9520 	EXP 	sentence: text = 'The sweater tore along the seams.'
246.9520 	EXP 	fixationCross: autoDraw = True
247.9382 	EXP 	sentence: autoDraw = True
247.9549 	EXP 	fixationCross: autoDraw = False
249.0957 	DATA 	Keypress: y
249.1100 	EXP 	New trial (rep=0, index=58): {'sentenceID': 30, 'isConcordant': True, 'sentenceType': 'intransitive', 'isPlausible': False, 'sentenceContent': 'The boy burst behind the balloon.'}
249.1335 	EXP 	sentence: autoDraw = False
249.1335 	EXP 	fixationCross: autoDraw = False
249.1335 	EXP 	sentence: text = 'The boy burst behind the balloon.'
249.1335 	EXP 	fixationCross: autoDraw = True
250.1197 	EXP 	sentence: autoDraw = True
250.1363 	EXP 	fixationCross: autoDraw = False
251.3744 	EXP 	New trial (rep=0, index=59): {'sentenceID': 3, 'isConcordant': True, 'sentenceType': 'transitive', 'isPlausible': True, 'sentenceContent': 'The leaves clogged the pipe.'}
251.3935 	DATA 	Keypress: n
251.3966 	EXP 	sentence: autoDraw = False
251.3966 	EXP 	fixationCross: autoDraw = False
251.3966 	EXP 	sentence: text = 'The leaves clogged the pipe.'
251.3966 	EXP 	fixationCross: autoDraw = True
252.3842 	EXP 	sentence: autoDraw = True
252.4009 	EXP 	fixationCross: autoDraw = False
253.4115 	DATA 	Keypress: y
253.4251 	EXP 	New trial (rep=0, index=60): {'sentenceID': 17, 'isConcordant': True, 'sentenceType': 'intransitive', 'isPlausible': True, 'sentenceContent': 'The flowers grew in clusters.'}
253.4629 	EXP 	sentence: autoDraw = False
253.4629 	EXP 	fixationCross: autoDraw = False
253.4629 	EXP 	sentence: text = 'The flowers grew in clusters.'
253.4629 	EXP 	fixationCross: autoDraw = True
254.4494 	EXP 	sentence: autoDraw = True
254.4662 	EXP 	fixationCross: autoDraw = False
255.5398 	DATA 	Keypress: y
255.5552 	EXP 	New trial (rep=0, index=61): {'sentenceID': 20, 'isConcordant': True, 'sentenceType': 'intransitive', 'isPlausible': False, 'sentenceContent': 'The storm sank in the boat.'}
255.5813 	EXP 	sentence: autoDraw = False
255.5813 	EXP 	fixationCross: autoDraw = False
255.5813 	EXP 	sentence: text = 'The storm sank in the boat.'
255.5813 	EXP 	fixationCross: autoDraw = True
256.5811 	EXP 	sentence: autoDraw = True
256.5811 	EXP 	fixationCross: autoDraw = False
258.7373 	DATA 	Keypress: y
258.7524 	EXP 	New trial (rep=0, index=62): {'sentenceID': 57, 'isConcordant': False, 'sentenceType': 'intransitive', 'isPlausible': True, 'sentenceContent': 'The butter softened in the heat.'}
258.7741 	EXP 	sentence: autoDraw = False
258.7741 	EXP 	fixationCross: autoDraw = False
258.7741 	EXP 	sentence: text = 'The butter softened in the heat.'
258.7741 	EXP 	fixationCross: autoDraw = True
259.7618 	EXP 	sentence: autoDraw = True
259.7785 	EXP 	fixationCross: autoDraw = False
260.9189 	DATA 	Keypress: y
260.9333 	EXP 	New trial (rep=0, index=63): {'sentenceID': 34, 'isConcordant': False, 'sentenceType': 'transitive', 'isPlausible': False, 'sentenceContent': 'Flowers grow his parents on their balcony.'}
260.9644 	EXP 	sentence: autoDraw = False
260.9644 	EXP 	fixationCross: autoDraw = False
260.9644 	EXP 	sentence: text = 'Flowers grow his parents on their balcony.'
260.9644 	EXP 	fixationCross: autoDraw = True
261.9601 	EXP 	sentence: autoDraw = True
261.9767 	EXP 	fixationCross: autoDraw = False
264.3728 	DATA 	Keypress: y
264.3767 	EXP 	sentence: autoDraw = False
264.3767 	EXP 	fixationCross: autoDraw = False
264.3767 	EXP 	debriefText: autoDraw = True
271.3851 	EXP 	debriefText: autoDraw = False
271.3851 	EXP 	debriefText: autoDraw = False
271.6789 	EXP 	window1: mouseVisible = True
