2.3479 	WARNING 	We strongly recommend you activate the PTB sound engine in PsychoPy prefs as the preferred audio engine. Its timing is vastly superior. Your prefs are currently set to use ['sounddevice', 'PTB', 'pyo', 'pygame'] (in that order).
15.0567 	WARNING 	User requested fullscreen with size [1024  768], but screen is actually [1920, 1080]. Using actual size
17.8812 	EXP 	Created window1 = Window(allowGUI=False, allowStencil=False, autoLog=True, backendConf=UNKNOWN, bitsMode=UNKNOWN, blendMode='avg', bpc=(8, 8, 8), color=array([0, 0, 0]), colorSpace='rgb', depthBits=8, fullscr=<method-wrapper '__getattribute__' of attributeSetter object at 0x000002BAE368ABE0>, gamma=None, gammaErrorPolicy='raise', lms=UNKNOWN, monitor=<psychopy.monitors.calibTools.Monitor object at 0x000002BAE36E10B8>, multiSample=False, name='window1', numSamples=2, pos=[0.0, 0.0], screen=0, size=array([1920, 1080]), stencilBits=0, stereo=False, units='height', useFBO=True, useRetina=False, viewOri=0.0, viewPos=None, viewScale=None, waitBlanking=True, winType='pyglet')
17.8817 	EXP 	window1: mouseVisible = True
17.8819 	EXP 	window1: recordFrameIntervals = False
18.0470 	EXP 	window1: recordFrameIntervals = True
18.2303 	EXP 	window1: recordFrameIntervals = False
19.1823 	EXP 	Created instr = ImageStim(__class__=<class 'psychopy.visual.image.ImageStim'>, autoLog=True, color=array([1., 1., 1.]), colorSpace='rgb', contrast=1.0, depth=0.0, flipHoriz=False, flipVert=False, image='instuctions.png', interpolate=True, mask=None, maskParams=None, name='instr', opacity=1, ori=0.0, pos=array([0., 0.]), size=array([0.5, 0.5]), texRes=128.0, units='height', win=Window(...))
19.4364 	EXP 	Created isNative = TextStim(__class__=<class 'psychopy.visual.text.TextStim'>, alignHoriz=method-wrapper(...), alignText='center', alignVert=method-wrapper(...), anchorHoriz='center', anchorVert='center', antialias=True, autoLog=True, bold=False, color=array([1., 1., 1.]), colorSpace='rgb', contrast=1.0, depth=0.0, flipHoriz=False, flipVert=False, font='Open Sans', fontFiles=[], height=0.1, italic=False, languageStyle='LTR', name='isNative', opacity=1, ori=0.0, pos=array([0., 0.]), rgb=UNKNOWN, text=str(...), units='height', win=Window(...), wrapWidth=1)
19.4614 	EXP 	Created text = TextStim(__class__=<class 'psychopy.visual.text.TextStim'>, alignHoriz=method-wrapper(...), alignText='center', alignVert=method-wrapper(...), anchorHoriz='center', anchorVert='center', antialias=True, autoLog=True, bold=False, color=array([1., 1., 1.]), colorSpace='rgb', contrast=1.0, depth=0.0, flipHoriz=False, flipVert=False, font='Open Sans', fontFiles=[], height=0.1, italic=False, languageStyle='LTR', name='text', opacity=1, ori=0.0, pos=array([0., 0.]), rgb=UNKNOWN, text=str(...), units='height', win=Window(...), wrapWidth=1)
19.4641 	EXP 	Created text_2 = TextStim(__class__=<class 'psychopy.visual.text.TextStim'>, alignHoriz=method-wrapper(...), alignText='center', alignVert=method-wrapper(...), anchorHoriz='center', anchorVert='center', antialias=True, autoLog=True, bold=False, color=array([1., 1., 1.]), colorSpace='rgb', contrast=1.0, depth=-1.0, flipHoriz=False, flipVert=False, font='Open Sans', fontFiles=[], height=0.1, italic=False, languageStyle='LTR', name='text_2', opacity=1, ori=0.0, pos=array([0., 0.]), rgb=UNKNOWN, text='', units='height', win=Window(...), wrapWidth=1)
19.4725 	EXP 	Created practice1Cross = TextStim(__class__=<class 'psychopy.visual.text.TextStim'>, alignHoriz=method-wrapper(...), alignText='center', alignVert=method-wrapper(...), anchorHoriz='center', anchorVert='center', antialias=True, autoLog=True, bold=False, color=array([1., 1., 1.]), colorSpace='rgb', contrast=1.0, depth=0.0, flipHoriz=False, flipVert=False, font='Open Sans', fontFiles=[], height=0.1, italic=False, languageStyle='LTR', name='practice1Cross', opacity=1, ori=0.0, pos=array([0., 0.]), rgb=UNKNOWN, text='+', units='height', win=Window(...), wrapWidth=1)
19.4881 	EXP 	Created practice1Text = TextStim(__class__=<class 'psychopy.visual.text.TextStim'>, alignHoriz=method-wrapper(...), alignText='center', alignVert=method-wrapper(...), anchorHoriz='center', anchorVert='center', antialias=True, autoLog=True, bold=False, color=array([1., 1., 1.]), colorSpace='rgb', contrast=1.0, depth=-1.0, flipHoriz=False, flipVert=False, font='Open Sans', fontFiles=[], height=0.1, italic=False, languageStyle='LTR', name='practice1Text', opacity=1, ori=0.0, pos=array([0., 0.]), rgb=UNKNOWN, text='The driver crashed the car.', units='height', win=Window(...), wrapWidth=1)
19.4911 	EXP 	Created feedback1Text = TextStim(__class__=<class 'psychopy.visual.text.TextStim'>, alignHoriz=method-wrapper(...), alignText='center', alignVert=method-wrapper(...), anchorHoriz='center', anchorVert='center', antialias=True, autoLog=True, bold=False, color=array([1., 1., 1.]), colorSpace='rgb', contrast=1.0, depth=0.0, flipHoriz=False, flipVert=False, font='Open Sans', fontFiles=[], height=0.1, italic=False, languageStyle='LTR', name='feedback1Text', opacity=1, ori=0.0, pos=array([0., 0.]), rgb=UNKNOWN, text='', units='height', win=Window(...), wrapWidth=1)
19.4947 	EXP 	Created feedback1Blank = TextStim(__class__=<class 'psychopy.visual.text.TextStim'>, alignHoriz=method-wrapper(...), alignText='center', alignVert=method-wrapper(...), anchorHoriz='center', anchorVert='center', antialias=True, autoLog=True, bold=False, color=array([1., 1., 1.]), colorSpace='rgb', contrast=1.0, depth=-1.0, flipHoriz=False, flipVert=False, font='Open Sans', fontFiles=[], height=0.1, italic=False, languageStyle='LTR', name='feedback1Blank', opacity=1, ori=0.0, pos=array([0., 0.]), rgb=UNKNOWN, text='', units='height', win=Window(...), wrapWidth=1)
19.5005 	EXP 	Created practice2Cross = TextStim(__class__=<class 'psychopy.visual.text.TextStim'>, alignHoriz=method-wrapper(...), alignText='center', alignVert=method-wrapper(...), anchorHoriz='center', anchorVert='center', antialias=True, autoLog=True, bold=False, color=array([1., 1., 1.]), colorSpace='rgb', contrast=1.0, depth=0.0, flipHoriz=False, flipVert=False, font='Open Sans', fontFiles=[], height=0.1, italic=False, languageStyle='LTR', name='practice2Cross', opacity=1, ori=0.0, pos=array([0., 0.]), rgb=UNKNOWN, text='+', units='height', win=Window(...), wrapWidth=1)
19.5135 	EXP 	Created practice2Text = TextStim(__class__=<class 'psychopy.visual.text.TextStim'>, alignHoriz=method-wrapper(...), alignText='center', alignVert=method-wrapper(...), anchorHoriz='center', anchorVert='center', antialias=True, autoLog=True, bold=False, color=array([1., 1., 1.]), colorSpace='rgb', contrast=1.0, depth=-1.0, flipHoriz=False, flipVert=False, font='Open Sans', fontFiles=[], height=0.1, italic=False, languageStyle='LTR', name='practice2Text', opacity=1, ori=0.0, pos=array([0., 0.]), rgb=UNKNOWN, text='The car drives the airplane.', units='height', win=Window(...), wrapWidth=1)
19.5167 	EXP 	Created feedback2Text = TextStim(__class__=<class 'psychopy.visual.text.TextStim'>, alignHoriz=method-wrapper(...), alignText='center', alignVert=method-wrapper(...), anchorHoriz='center', anchorVert='center', antialias=True, autoLog=True, bold=False, color=array([1., 1., 1.]), colorSpace='rgb', contrast=1.0, depth=0.0, flipHoriz=False, flipVert=False, font='Open Sans', fontFiles=[], height=0.1, italic=False, languageStyle='LTR', name='feedback2Text', opacity=1, ori=0.0, pos=array([0., 0.]), rgb=UNKNOWN, text='', units='height', win=Window(...), wrapWidth=1)
19.5199 	EXP 	Created feedback2Blank = TextStim(__class__=<class 'psychopy.visual.text.TextStim'>, alignHoriz=method-wrapper(...), alignText='center', alignVert=method-wrapper(...), anchorHoriz='center', anchorVert='center', antialias=True, autoLog=True, bold=False, color=array([1., 1., 1.]), colorSpace='rgb', contrast=1.0, depth=-1.0, flipHoriz=False, flipVert=False, font='Open Sans', fontFiles=[], height=0.1, italic=False, languageStyle='LTR', name='feedback2Blank', opacity=1, ori=0.0, pos=array([0., 0.]), rgb=UNKNOWN, text='', units='height', win=Window(...), wrapWidth=1)
19.5227 	EXP 	Created sentence = TextStim(__class__=<class 'psychopy.visual.text.TextStim'>, alignHoriz=method-wrapper(...), alignText='center', alignVert=method-wrapper(...), anchorHoriz='center', anchorVert='center', antialias=True, autoLog=True, bold=False, color=array([1., 1., 1.]), colorSpace='rgb', contrast=1.0, depth=0.0, flipHoriz=False, flipVert=False, font='Open Sans', fontFiles=[], height=0.1, italic=False, languageStyle='LTR', name='sentence', opacity=1, ori=0.0, pos=array([0., 0.]), rgb=UNKNOWN, text='', units='height', win=Window(...), wrapWidth=1)
19.5287 	EXP 	Created fixationCross = TextStim(__class__=<class 'psychopy.visual.text.TextStim'>, alignHoriz=method-wrapper(...), alignText='center', alignVert=method-wrapper(...), anchorHoriz='center', anchorVert='center', antialias=True, autoLog=True, bold=False, color=array([1., 1., 1.]), colorSpace='rgb', contrast=1.0, depth=-1.0, flipHoriz=False, flipVert=False, font='Open Sans', fontFiles=[], height=0.1, italic=False, languageStyle='LTR', name='fixationCross', opacity=1, ori=0.0, pos=array([0., 0.]), rgb=UNKNOWN, text='+', units='height', win=Window(...), wrapWidth=1)
19.5674 	EXP 	Created debriefText = TextStim(__class__=<class 'psychopy.visual.text.TextStim'>, alignHoriz=method-wrapper(...), alignText='center', alignVert=method-wrapper(...), anchorHoriz='center', anchorVert='center', antialias=True, autoLog=True, bold=False, color=array([1., 1., 1.]), colorSpace='rgb', contrast=1.0, depth=0.0, flipHoriz=False, flipVert=False, font='Open Sans', fontFiles=[], height=0.1, italic=False, languageStyle='LTR', name='debriefText', opacity=1, ori=0.0, pos=array([0., 0.]), rgb=UNKNOWN, text=str(...), units='height', win=Window(...), wrapWidth=1)
19.6740 	EXP 	instr: autoDraw = True
68.0356 	DATA 	Keypress: y
68.0488 	EXP 	instr: autoDraw = False
68.0488 	EXP 	isNative: autoDraw = True
70.5667 	DATA 	Keypress: y
70.5706 	EXP 	isNative: autoDraw = False
70.5706 	EXP 	text: autoDraw = True
75.5500 	EXP 	text_2: autoDraw = True
75.5826 	EXP 	text: autoDraw = False
78.5636 	EXP 	text_2: autoDraw = False
78.5636 	EXP 	text: autoDraw = False
78.5636 	EXP 	text_2: autoDraw = False
78.5636 	EXP 	practice1Cross: autoDraw = True
79.5465 	EXP 	practice1Text: autoDraw = True
79.5631 	EXP 	practice1Cross: autoDraw = False
80.5710 	DATA 	Keypress: y
80.6256 	EXP 	practice1Cross: autoDraw = False
80.6256 	EXP 	practice1Text: autoDraw = False
80.6256 	EXP 	feedback1Text: text = "Your response was: 'yes'. Now let's try one more round."
80.6256 	EXP 	feedback1Text: autoDraw = True
85.6084 	EXP 	feedback1Blank: autoDraw = True
85.6244 	EXP 	feedback1Text: autoDraw = False
88.6218 	EXP 	feedback1Blank: autoDraw = False
88.6218 	EXP 	feedback1Text: autoDraw = False
88.6218 	EXP 	feedback1Blank: autoDraw = False
88.6218 	EXP 	practice2Cross: autoDraw = True
89.6047 	EXP 	practice2Text: autoDraw = True
89.6214 	EXP 	practice2Cross: autoDraw = False
90.7919 	DATA 	Keypress: n
90.7955 	EXP 	practice2Cross: autoDraw = False
90.7955 	EXP 	practice2Text: autoDraw = False
90.7955 	EXP 	feedback2Text: text = "Your response was: 'no', which is correct. The experiment will begin now."
90.7955 	EXP 	feedback2Text: autoDraw = True
95.7836 	EXP 	feedback2Blank: autoDraw = True
95.7994 	EXP 	feedback2Text: autoDraw = False
98.8381 	EXP 	Imported stimuliFiltered.xlsx as conditions, 64 conditions, 5 params
98.8401 	EXP 	Created sequence: random, trialTypes=64, nReps=1, seed=None
98.8409 	EXP 	New trial (rep=0, index=0): {'sentenceID': 49, 'isConcordant': False, 'sentenceType': 'intransitive', 'isPlausible': True, 'sentenceContent': 'The box opened after a short while.'}
98.8662 	EXP 	feedback2Blank: autoDraw = False
98.8662 	EXP 	feedback2Text: autoDraw = False
98.8662 	EXP 	feedback2Blank: autoDraw = False
98.8662 	EXP 	sentence: text = 'The box opened after a short while.'
98.8662 	EXP 	fixationCross: autoDraw = True
99.8630 	EXP 	sentence: autoDraw = True
99.8798 	EXP 	fixationCross: autoDraw = False
101.7192 	EXP 	New trial (rep=0, index=1): {'sentenceID': 30, 'isConcordant': True, 'sentenceType': 'intransitive', 'isPlausible': False, 'sentenceContent': 'The boy burst behind the balloon.'}
101.7413 	DATA 	Keypress: n
101.7442 	EXP 	sentence: autoDraw = False
101.7442 	EXP 	fixationCross: autoDraw = False
101.7442 	EXP 	sentence: text = 'The boy burst behind the balloon.'
101.7442 	EXP 	fixationCross: autoDraw = True
102.7275 	EXP 	sentence: autoDraw = True
102.7441 	EXP 	fixationCross: autoDraw = False
104.1836 	DATA 	Keypress: n
104.1994 	EXP 	New trial (rep=0, index=2): {'sentenceID': 40, 'isConcordant': False, 'sentenceType': 'transitive', 'isPlausible': False, 'sentenceContent': 'The sand hardened the sun.'}
104.2208 	EXP 	sentence: autoDraw = False
104.2208 	EXP 	fixationCross: autoDraw = False
104.2208 	EXP 	sentence: text = 'The sand hardened the sun.'
104.2208 	EXP 	fixationCross: autoDraw = True
105.2086 	EXP 	sentence: autoDraw = True
105.2253 	EXP 	fixationCross: autoDraw = False
106.7306 	EXP 	New trial (rep=0, index=3): {'sentenceID': 57, 'isConcordant': False, 'sentenceType': 'intransitive', 'isPlausible': True, 'sentenceContent': 'The butter softened in the heat.'}
106.7506 	DATA 	Keypress: y
106.7537 	EXP 	sentence: autoDraw = False
106.7537 	EXP 	fixationCross: autoDraw = False
106.7537 	EXP 	sentence: text = 'The butter softened in the heat.'
106.7537 	EXP 	fixationCross: autoDraw = True
107.7399 	EXP 	sentence: autoDraw = True
107.7566 	EXP 	fixationCross: autoDraw = False
108.8621 	EXP 	New trial (rep=0, index=4): {'sentenceID': 22, 'isConcordant': True, 'sentenceType': 'intransitive', 'isPlausible': False, 'sentenceContent': 'The street exploded in the bomb.'}
108.8836 	DATA 	Keypress: y
108.8866 	EXP 	sentence: autoDraw = False
108.8866 	EXP 	fixationCross: autoDraw = False
108.8866 	EXP 	sentence: text = 'The street exploded in the bomb.'
108.8866 	EXP 	fixationCross: autoDraw = True
109.8717 	EXP 	sentence: autoDraw = True
109.8881 	EXP 	fixationCross: autoDraw = False
110.9105 	EXP 	New trial (rep=0, index=5): {'sentenceID': 60, 'isConcordant': False, 'sentenceType': 'intransitive', 'isPlausible': False, 'sentenceContent': 'The cook heated in the soup.'}
110.9303 	DATA 	Keypress: n
110.9332 	EXP 	sentence: autoDraw = False
110.9332 	EXP 	fixationCross: autoDraw = False
110.9332 	EXP 	sentence: text = 'The cook heated in the soup.'
110.9332 	EXP 	fixationCross: autoDraw = True
111.9199 	EXP 	sentence: autoDraw = True
111.9365 	EXP 	fixationCross: autoDraw = False
113.3585 	EXP 	New trial (rep=0, index=6): {'sentenceID': 37, 'isConcordant': False, 'sentenceType': 'transitive', 'isPlausible': True, 'sentenceContent': 'The guards exploded the bomb.'}
113.3802 	DATA 	Keypress: y
113.3831 	EXP 	sentence: autoDraw = False
113.3831 	EXP 	fixationCross: autoDraw = False
113.3831 	EXP 	sentence: text = 'The guards exploded the bomb.'
113.3831 	EXP 	fixationCross: autoDraw = True
114.3679 	EXP 	sentence: autoDraw = True
114.3845 	EXP 	fixationCross: autoDraw = False
116.8395 	DATA 	Keypress: y
116.8556 	EXP 	New trial (rep=0, index=7): {'sentenceID': 21, 'isConcordant': True, 'sentenceType': 'intransitive', 'isPlausible': True, 'sentenceContent': 'The bomb exploded in the street.'}
116.8791 	EXP 	sentence: autoDraw = False
116.8791 	EXP 	fixationCross: autoDraw = False
116.8791 	EXP 	sentence: text = 'The bomb exploded in the street.'
116.8791 	EXP 	fixationCross: autoDraw = True
117.8649 	EXP 	sentence: autoDraw = True
117.8816 	EXP 	fixationCross: autoDraw = False
119.3702 	EXP 	New trial (rep=0, index=8): {'sentenceID': 23, 'isConcordant': True, 'sentenceType': 'intransitive', 'isPlausible': True, 'sentenceContent': 'The concrete hardened in the sun.'}
119.3900 	DATA 	Keypress: y
119.3929 	EXP 	sentence: autoDraw = False
119.3929 	EXP 	fixationCross: autoDraw = False
119.3929 	EXP 	sentence: text = 'The concrete hardened in the sun.'
119.3929 	EXP 	fixationCross: autoDraw = True
120.3797 	EXP 	sentence: autoDraw = True
120.3963 	EXP 	fixationCross: autoDraw = False
121.6011 	EXP 	New trial (rep=0, index=9): {'sentenceID': 33, 'isConcordant': False, 'sentenceType': 'transitive', 'isPlausible': True, 'sentenceContent': 'His parents grow flowers on their balcony.'}
121.6299 	DATA 	Keypress: y
121.6329 	EXP 	sentence: autoDraw = False
121.6329 	EXP 	fixationCross: autoDraw = False
121.6329 	EXP 	sentence: text = 'His parents grow flowers on their balcony.'
121.6329 	EXP 	fixationCross: autoDraw = True
122.6279 	EXP 	sentence: autoDraw = True
122.6445 	EXP 	fixationCross: autoDraw = False
124.2008 	DATA 	Keypress: y
124.2164 	EXP 	New trial (rep=0, index=10): {'sentenceID': 11, 'isConcordant': True, 'sentenceType': 'transitive', 'isPlausible': True, 'sentenceContent': 'The cook heated the soup.'}
124.2392 	EXP 	sentence: autoDraw = False
124.2392 	EXP 	fixationCross: autoDraw = False
124.2392 	EXP 	sentence: text = 'The cook heated the soup.'
124.2392 	EXP 	fixationCross: autoDraw = True
125.2256 	EXP 	sentence: autoDraw = True
125.2422 	EXP 	fixationCross: autoDraw = False
126.2479 	EXP 	New trial (rep=0, index=11): {'sentenceID': 61, 'isConcordant': False, 'sentenceType': 'intransitive', 'isPlausible': True, 'sentenceContent': 'The store shut at six o’clock.'}
126.2745 	DATA 	Keypress: y
126.2775 	EXP 	sentence: autoDraw = False
126.2775 	EXP 	fixationCross: autoDraw = False
126.2775 	EXP 	sentence: text = 'The store shut at six o’clock.'
126.2775 	EXP 	fixationCross: autoDraw = True
127.2740 	EXP 	sentence: autoDraw = True
127.2906 	EXP 	fixationCross: autoDraw = False
128.7951 	EXP 	New trial (rep=0, index=12): {'sentenceID': 12, 'isConcordant': True, 'sentenceType': 'transitive', 'isPlausible': False, 'sentenceContent': 'The soup heated the cook.'}
128.8135 	DATA 	Keypress: y
128.8167 	EXP 	sentence: autoDraw = False
128.8167 	EXP 	fixationCross: autoDraw = False
128.8167 	EXP 	sentence: text = 'The soup heated the cook.'
128.8167 	EXP 	fixationCross: autoDraw = True
129.8051 	EXP 	sentence: autoDraw = True
129.8218 	EXP 	fixationCross: autoDraw = False
131.4603 	EXP 	New trial (rep=0, index=13): {'sentenceID': 26, 'isConcordant': True, 'sentenceType': 'intransitive', 'isPlausible': False, 'sentenceContent': 'The wash shrank in the shirt.'}
131.4843 	DATA 	Keypress: n
131.4874 	EXP 	sentence: autoDraw = False
131.4874 	EXP 	fixationCross: autoDraw = False
131.4874 	EXP 	sentence: text = 'The wash shrank in the shirt.'
131.4874 	EXP 	fixationCross: autoDraw = True
132.4696 	EXP 	sentence: autoDraw = True
132.5031 	EXP 	fixationCross: autoDraw = False
133.8583 	EXP 	New trial (rep=0, index=14): {'sentenceID': 50, 'isConcordant': False, 'sentenceType': 'intransitive', 'isPlausible': False, 'sentenceContent': 'The teacher opened after a short while.'}
133.8811 	DATA 	Keypress: y
133.8840 	EXP 	sentence: autoDraw = False
133.8840 	EXP 	fixationCross: autoDraw = False
133.8840 	EXP 	sentence: text = 'The teacher opened after a short while.'
133.8840 	EXP 	fixationCross: autoDraw = True
134.8678 	EXP 	sentence: autoDraw = True
134.8843 	EXP 	fixationCross: autoDraw = False
136.4561 	EXP 	New trial (rep=0, index=15): {'sentenceID': 27, 'isConcordant': True, 'sentenceType': 'intransitive', 'isPlausible': True, 'sentenceContent': 'The cake crumbled in my hands.'}
136.4764 	DATA 	Keypress: y
136.4795 	EXP 	sentence: autoDraw = False
136.4795 	EXP 	fixationCross: autoDraw = False
136.4795 	EXP 	sentence: text = 'The cake crumbled in my hands.'
136.4795 	EXP 	fixationCross: autoDraw = True
137.4656 	EXP 	sentence: autoDraw = True
137.4823 	EXP 	fixationCross: autoDraw = False
138.8558 	DATA 	Keypress: y
138.8709 	EXP 	New trial (rep=0, index=16): {'sentenceID': 18, 'isConcordant': True, 'sentenceType': 'intransitive', 'isPlausible': False, 'sentenceContent': 'The clusters grew in the flowers.'}
138.8988 	EXP 	sentence: autoDraw = False
138.8988 	EXP 	fixationCross: autoDraw = False
138.8988 	EXP 	sentence: text = 'The clusters grew in the flowers.'
138.8988 	EXP 	fixationCross: autoDraw = True
139.8969 	EXP 	sentence: autoDraw = True
139.9136 	EXP 	fixationCross: autoDraw = False
141.2019 	EXP 	New trial (rep=0, index=17): {'sentenceID': 24, 'isConcordant': True, 'sentenceType': 'intransitive', 'isPlausible': False, 'sentenceContent': 'The sun hardened in the concrete.'}
141.2240 	DATA 	Keypress: y
141.2272 	EXP 	sentence: autoDraw = False
141.2272 	EXP 	fixationCross: autoDraw = False
141.2272 	EXP 	sentence: text = 'The sun hardened in the concrete.'
141.2272 	EXP 	fixationCross: autoDraw = True
142.2118 	EXP 	sentence: autoDraw = True
142.2282 	EXP 	fixationCross: autoDraw = False
143.4010 	EXP 	New trial (rep=0, index=18): {'sentenceID': 1, 'isConcordant': True, 'sentenceType': 'transitive', 'isPlausible': True, 'sentenceContent': 'The teacher opened the box. '}
143.4211 	DATA 	Keypress: y
143.4241 	EXP 	sentence: autoDraw = False
143.4241 	EXP 	fixationCross: autoDraw = False
143.4241 	EXP 	sentence: text = 'The teacher opened the box. '
143.4241 	EXP 	fixationCross: autoDraw = True
144.4096 	EXP 	sentence: autoDraw = True
144.4265 	EXP 	fixationCross: autoDraw = False
145.5985 	EXP 	New trial (rep=0, index=19): {'sentenceID': 19, 'isConcordant': True, 'sentenceType': 'intransitive', 'isPlausible': True, 'sentenceContent': 'The boat sank in the storm.'}
145.6196 	DATA 	Keypress: y
145.6228 	EXP 	sentence: autoDraw = False
145.6228 	EXP 	fixationCross: autoDraw = False
145.6228 	EXP 	sentence: text = 'The boat sank in the storm.'
145.6228 	EXP 	fixationCross: autoDraw = True
146.6080 	EXP 	sentence: autoDraw = True
146.6247 	EXP 	fixationCross: autoDraw = False
147.6130 	EXP 	New trial (rep=0, index=20): {'sentenceID': 64, 'isConcordant': False, 'sentenceType': 'intransitive', 'isPlausible': False, 'sentenceContent': 'The seams tore along the sweater.'}
147.6345 	DATA 	Keypress: y
147.6377 	EXP 	sentence: autoDraw = False
147.6377 	EXP 	fixationCross: autoDraw = False
147.6377 	EXP 	sentence: text = 'The seams tore along the sweater.'
147.6377 	EXP 	fixationCross: autoDraw = True
148.6230 	EXP 	sentence: autoDraw = True
148.6397 	EXP 	fixationCross: autoDraw = False
149.6952 	EXP 	New trial (rep=0, index=21): {'sentenceID': 53, 'isConcordant': False, 'sentenceType': 'intransitive', 'isPlausible': True, 'sentenceContent': 'The wine poured over the table.'}
149.7146 	DATA 	Keypress: n
149.7176 	EXP 	sentence: autoDraw = False
149.7176 	EXP 	fixationCross: autoDraw = False
149.7176 	EXP 	sentence: text = 'The wine poured over the table.'
149.7176 	EXP 	fixationCross: autoDraw = True
150.7046 	EXP 	sentence: autoDraw = True
150.7212 	EXP 	fixationCross: autoDraw = False
152.3606 	EXP 	New trial (rep=0, index=22): {'sentenceID': 17, 'isConcordant': True, 'sentenceType': 'intransitive', 'isPlausible': True, 'sentenceContent': 'The flowers grew in clusters.'}
152.3824 	DATA 	Keypress: y
152.3854 	EXP 	sentence: autoDraw = False
152.3854 	EXP 	fixationCross: autoDraw = False
152.3854 	EXP 	sentence: text = 'The flowers grew in clusters.'
152.3854 	EXP 	fixationCross: autoDraw = True
153.3690 	EXP 	sentence: autoDraw = True
153.3858 	EXP 	fixationCross: autoDraw = False
155.1405 	EXP 	New trial (rep=0, index=23): {'sentenceID': 25, 'isConcordant': True, 'sentenceType': 'intransitive', 'isPlausible': True, 'sentenceContent': 'The shirt shrank in the wash.'}
155.1626 	DATA 	Keypress: y
155.1656 	EXP 	sentence: autoDraw = False
155.1656 	EXP 	fixationCross: autoDraw = False
155.1656 	EXP 	sentence: text = 'The shirt shrank in the wash.'
155.1656 	EXP 	fixationCross: autoDraw = True
156.1501 	EXP 	sentence: autoDraw = True
156.1667 	EXP 	fixationCross: autoDraw = False
157.5059 	EXP 	New trial (rep=0, index=24): {'sentenceID': 29, 'isConcordant': True, 'sentenceType': 'intransitive', 'isPlausible': True, 'sentenceContent': 'The balloon burst behind the boy.'}
157.5329 	DATA 	Keypress: y
157.5356 	EXP 	sentence: autoDraw = False
157.5356 	EXP 	fixationCross: autoDraw = False
157.5356 	EXP 	sentence: text = 'The balloon burst behind the boy.'
157.5356 	EXP 	fixationCross: autoDraw = True
158.5315 	EXP 	sentence: autoDraw = True
158.5481 	EXP 	fixationCross: autoDraw = False
160.1533 	EXP 	New trial (rep=0, index=25): {'sentenceID': 4, 'isConcordant': True, 'sentenceType': 'transitive', 'isPlausible': False, 'sentenceContent': 'The pipe clogged the leaves.'}
160.1751 	DATA 	Keypress: y
160.1782 	EXP 	sentence: autoDraw = False
160.1782 	EXP 	fixationCross: autoDraw = False
160.1782 	EXP 	sentence: text = 'The pipe clogged the leaves.'
160.1782 	EXP 	fixationCross: autoDraw = True
161.1626 	EXP 	sentence: autoDraw = True
161.1793 	EXP 	fixationCross: autoDraw = False
162.2014 	EXP 	New trial (rep=0, index=26): {'sentenceID': 45, 'isConcordant': False, 'sentenceType': 'transitive', 'isPlausible': True, 'sentenceContent': 'The boy burst the balloon.'}
162.2215 	DATA 	Keypress: n
162.2245 	EXP 	sentence: autoDraw = False
162.2245 	EXP 	fixationCross: autoDraw = False
162.2245 	EXP 	sentence: text = 'The boy burst the balloon.'
162.2245 	EXP 	fixationCross: autoDraw = True
163.2111 	EXP 	sentence: autoDraw = True
163.2276 	EXP 	fixationCross: autoDraw = False
164.3664 	EXP 	New trial (rep=0, index=27): {'sentenceID': 34, 'isConcordant': False, 'sentenceType': 'transitive', 'isPlausible': False, 'sentenceContent': 'Flowers grow his parents on their balcony.'}
164.3984 	DATA 	Keypress: y
164.4014 	EXP 	sentence: autoDraw = False
164.4014 	EXP 	fixationCross: autoDraw = False
164.4014 	EXP 	sentence: text = 'Flowers grow his parents on their balcony.'
164.4014 	EXP 	fixationCross: autoDraw = True
165.3927 	EXP 	sentence: autoDraw = True
165.4093 	EXP 	fixationCross: autoDraw = False
166.9001 	DATA 	Keypress: y
166.9151 	EXP 	New trial (rep=0, index=28): {'sentenceID': 41, 'isConcordant': False, 'sentenceType': 'transitive', 'isPlausible': True, 'sentenceContent': 'The hot water shrank the shirt.'}
166.9383 	EXP 	sentence: autoDraw = False
166.9383 	EXP 	fixationCross: autoDraw = False
166.9383 	EXP 	sentence: text = 'The hot water shrank the shirt.'
166.9383 	EXP 	fixationCross: autoDraw = True
167.9238 	EXP 	sentence: autoDraw = True
167.9402 	EXP 	fixationCross: autoDraw = False
169.1126 	EXP 	New trial (rep=0, index=29): {'sentenceID': 10, 'isConcordant': True, 'sentenceType': 'transitive', 'isPlausible': False, 'sentenceContent': 'The butter softened the heat.'}
169.1325 	DATA 	Keypress: y
169.1354 	EXP 	sentence: autoDraw = False
169.1354 	EXP 	fixationCross: autoDraw = False
169.1354 	EXP 	sentence: text = 'The butter softened the heat.'
169.1354 	EXP 	fixationCross: autoDraw = True
170.1221 	EXP 	sentence: autoDraw = True
170.1386 	EXP 	fixationCross: autoDraw = False
170.9799 	DATA 	Keypress: y
170.9947 	EXP 	New trial (rep=0, index=30): {'sentenceID': 7, 'isConcordant': True, 'sentenceType': 'transitive', 'isPlausible': True, 'sentenceContent': 'The baker dissolved the sugar.'}
171.0160 	EXP 	sentence: autoDraw = False
171.0160 	EXP 	fixationCross: autoDraw = False
171.0160 	EXP 	sentence: text = 'The baker dissolved the sugar.'
171.0160 	EXP 	fixationCross: autoDraw = True
172.0038 	EXP 	sentence: autoDraw = True
172.0205 	EXP 	fixationCross: autoDraw = False
173.0926 	EXP 	New trial (rep=0, index=31): {'sentenceID': 13, 'isConcordant': True, 'sentenceType': 'transitive', 'isPlausible': True, 'sentenceContent': 'The assistant shut the store.'}
173.1128 	DATA 	Keypress: y
173.1157 	EXP 	sentence: autoDraw = False
173.1157 	EXP 	fixationCross: autoDraw = False
173.1157 	EXP 	sentence: text = 'The assistant shut the store.'
173.1157 	EXP 	fixationCross: autoDraw = True
174.1021 	EXP 	sentence: autoDraw = True
174.1187 	EXP 	fixationCross: autoDraw = False
175.4753 	DATA 	Keypress: y
175.4907 	EXP 	New trial (rep=0, index=32): {'sentenceID': 54, 'isConcordant': False, 'sentenceType': 'intransitive', 'isPlausible': False, 'sentenceContent': 'The table poured over the wine.'}
175.5160 	EXP 	sentence: autoDraw = False
175.5160 	EXP 	fixationCross: autoDraw = False
175.5160 	EXP 	sentence: text = 'The table poured over the wine.'
175.5160 	EXP 	fixationCross: autoDraw = True
176.5000 	EXP 	sentence: autoDraw = True
176.5168 	EXP 	fixationCross: autoDraw = False
177.5723 	EXP 	New trial (rep=0, index=33): {'sentenceID': 43, 'isConcordant': False, 'sentenceType': 'transitive', 'isPlausible': True, 'sentenceContent': 'The cook crumbled the cake.'}
177.5925 	DATA 	Keypress: n
177.5955 	EXP 	sentence: autoDraw = False
177.5955 	EXP 	fixationCross: autoDraw = False
177.5955 	EXP 	sentence: text = 'The cook crumbled the cake.'
177.5955 	EXP 	fixationCross: autoDraw = True
178.5817 	EXP 	sentence: autoDraw = True
178.5983 	EXP 	fixationCross: autoDraw = False
179.4370 	EXP 	New trial (rep=0, index=34): {'sentenceID': 14, 'isConcordant': True, 'sentenceType': 'transitive', 'isPlausible': False, 'sentenceContent': 'The store shut the assistant.'}
179.4568 	DATA 	Keypress: y
179.4595 	EXP 	sentence: autoDraw = False
179.4595 	EXP 	fixationCross: autoDraw = False
179.4595 	EXP 	sentence: text = 'The store shut the assistant.'
179.4595 	EXP 	fixationCross: autoDraw = True
180.4466 	EXP 	sentence: autoDraw = True
180.4633 	EXP 	fixationCross: autoDraw = False
182.0515 	EXP 	New trial (rep=0, index=35): {'sentenceID': 44, 'isConcordant': False, 'sentenceType': 'transitive', 'isPlausible': False, 'sentenceContent': 'The cake crumbled the cook.'}
182.0710 	DATA 	Keypress: n
182.0737 	EXP 	sentence: autoDraw = False
182.0737 	EXP 	fixationCross: autoDraw = False
182.0737 	EXP 	sentence: text = 'The cake crumbled the cook.'
182.0737 	EXP 	fixationCross: autoDraw = True
183.0613 	EXP 	sentence: autoDraw = True
183.0779 	EXP 	fixationCross: autoDraw = False
183.9498 	EXP 	New trial (rep=0, index=36): {'sentenceID': 62, 'isConcordant': False, 'sentenceType': 'intransitive', 'isPlausible': False, 'sentenceContent': 'The assistant shut at six o’clock.'}
183.9712 	DATA 	Keypress: y
183.9743 	EXP 	sentence: autoDraw = False
183.9743 	EXP 	fixationCross: autoDraw = False
183.9743 	EXP 	sentence: text = 'The assistant shut at six o’clock.'
183.9743 	EXP 	fixationCross: autoDraw = True
184.9599 	EXP 	sentence: autoDraw = True
184.9764 	EXP 	fixationCross: autoDraw = False
186.4982 	EXP 	New trial (rep=0, index=37): {'sentenceID': 48, 'isConcordant': False, 'sentenceType': 'transitive', 'isPlausible': False, 'sentenceContent': 'The soup boiled the cook.'}
186.5163 	DATA 	Keypress: y
186.5194 	EXP 	sentence: autoDraw = False
186.5194 	EXP 	fixationCross: autoDraw = False
186.5194 	EXP 	sentence: text = 'The soup boiled the cook.'
186.5194 	EXP 	fixationCross: autoDraw = True
187.5076 	EXP 	sentence: autoDraw = True
187.5244 	EXP 	fixationCross: autoDraw = False
189.0144 	DATA 	Keypress: n
189.0296 	EXP 	New trial (rep=0, index=38): {'sentenceID': 39, 'isConcordant': False, 'sentenceType': 'transitive', 'isPlausible': True, 'sentenceContent': 'The sun hardened the sand.'}
189.0512 	EXP 	sentence: autoDraw = False
189.0512 	EXP 	fixationCross: autoDraw = False
189.0512 	EXP 	sentence: text = 'The sun hardened the sand.'
189.0512 	EXP 	fixationCross: autoDraw = True
190.0389 	EXP 	sentence: autoDraw = True
190.0556 	EXP 	fixationCross: autoDraw = False
191.1281 	EXP 	New trial (rep=0, index=39): {'sentenceID': 2, 'isConcordant': True, 'sentenceType': 'transitive', 'isPlausible': False, 'sentenceContent': 'The box opened the teacher.'}
191.1475 	DATA 	Keypress: n
191.1505 	EXP 	sentence: autoDraw = False
191.1505 	EXP 	fixationCross: autoDraw = False
191.1505 	EXP 	sentence: text = 'The box opened the teacher.'
191.1505 	EXP 	fixationCross: autoDraw = True
192.1373 	EXP 	sentence: autoDraw = True
192.1538 	EXP 	fixationCross: autoDraw = False
193.5275 	DATA 	Keypress: n
193.5426 	EXP 	New trial (rep=0, index=40): {'sentenceID': 9, 'isConcordant': True, 'sentenceType': 'transitive', 'isPlausible': True, 'sentenceContent': 'The heat softened the butter.'}
193.5646 	EXP 	sentence: autoDraw = False
193.5646 	EXP 	fixationCross: autoDraw = False
193.5646 	EXP 	sentence: text = 'The heat softened the butter.'
193.5646 	EXP 	fixationCross: autoDraw = True
194.5517 	EXP 	sentence: autoDraw = True
194.5684 	EXP 	fixationCross: autoDraw = False
195.5909 	EXP 	New trial (rep=0, index=41): {'sentenceID': 32, 'isConcordant': True, 'sentenceType': 'intransitive', 'isPlausible': False, 'sentenceContent': 'The cook boiled in the pot.'}
195.6100 	DATA 	Keypress: y
195.6131 	EXP 	sentence: autoDraw = False
195.6131 	EXP 	fixationCross: autoDraw = False
195.6131 	EXP 	sentence: text = 'The cook boiled in the pot.'
195.6131 	EXP 	fixationCross: autoDraw = True
196.6003 	EXP 	sentence: autoDraw = True
196.6169 	EXP 	fixationCross: autoDraw = False
197.9719 	EXP 	New trial (rep=0, index=42): {'sentenceID': 55, 'isConcordant': False, 'sentenceType': 'intransitive', 'isPlausible': True, 'sentenceContent': 'The sugar dissolved in the milk.'}
197.9931 	DATA 	Keypress: n
197.9962 	EXP 	sentence: autoDraw = False
197.9962 	EXP 	fixationCross: autoDraw = False
197.9962 	EXP 	sentence: text = 'The sugar dissolved in the milk.'
197.9962 	EXP 	fixationCross: autoDraw = True
198.9817 	EXP 	sentence: autoDraw = True
198.9982 	EXP 	fixationCross: autoDraw = False
200.3203 	EXP 	New trial (rep=0, index=43): {'sentenceID': 58, 'isConcordant': False, 'sentenceType': 'intransitive', 'isPlausible': False, 'sentenceContent': 'The heat softened the butter.'}
200.3404 	DATA 	Keypress: y
200.3434 	EXP 	sentence: autoDraw = False
200.3434 	EXP 	fixationCross: autoDraw = False
200.3434 	EXP 	sentence: text = 'The heat softened the butter.'
200.3434 	EXP 	fixationCross: autoDraw = True
201.3297 	EXP 	sentence: autoDraw = True
201.3463 	EXP 	fixationCross: autoDraw = False
202.5019 	EXP 	New trial (rep=0, index=44): {'sentenceID': 15, 'isConcordant': True, 'sentenceType': 'transitive', 'isPlausible': True, 'sentenceContent': 'The girl tore her sweater.'}
202.5201 	DATA 	Keypress: y
202.5231 	EXP 	sentence: autoDraw = False
202.5231 	EXP 	fixationCross: autoDraw = False
202.5231 	EXP 	sentence: text = 'The girl tore her sweater.'
202.5231 	EXP 	fixationCross: autoDraw = True
203.5112 	EXP 	sentence: autoDraw = True
203.5277 	EXP 	fixationCross: autoDraw = False
204.4495 	EXP 	New trial (rep=0, index=45): {'sentenceID': 52, 'isConcordant': False, 'sentenceType': 'intransitive', 'isPlausible': False, 'sentenceContent': 'The leaves clogged after the rain.'}
204.4697 	DATA 	Keypress: y
204.4727 	EXP 	sentence: autoDraw = False
204.4727 	EXP 	fixationCross: autoDraw = False
204.4727 	EXP 	sentence: text = 'The leaves clogged after the rain.'
204.4727 	EXP 	fixationCross: autoDraw = True
205.4596 	EXP 	sentence: autoDraw = True
205.4763 	EXP 	fixationCross: autoDraw = False
206.6853 	DATA 	Keypress: n
206.6986 	EXP 	New trial (rep=0, index=46): {'sentenceID': 35, 'isConcordant': False, 'sentenceType': 'transitive', 'isPlausible': True, 'sentenceContent': 'The waves sank the boat.'}
206.7191 	EXP 	sentence: autoDraw = False
206.7191 	EXP 	fixationCross: autoDraw = False
206.7191 	EXP 	sentence: text = 'The waves sank the boat.'
206.7191 	EXP 	fixationCross: autoDraw = True
207.7079 	EXP 	sentence: autoDraw = True
207.7243 	EXP 	fixationCross: autoDraw = False
208.6650 	DATA 	Keypress: y
208.6800 	EXP 	New trial (rep=0, index=47): {'sentenceID': 5, 'isConcordant': True, 'sentenceType': 'transitive', 'isPlausible': True, 'sentenceContent': 'The waiter poured the wine.'}
208.7008 	EXP 	sentence: autoDraw = False
208.7008 	EXP 	fixationCross: autoDraw = False
208.7008 	EXP 	sentence: text = 'The waiter poured the wine.'
208.7008 	EXP 	fixationCross: autoDraw = True
209.6896 	EXP 	sentence: autoDraw = True
209.7062 	EXP 	fixationCross: autoDraw = False
210.7780 	EXP 	New trial (rep=0, index=48): {'sentenceID': 16, 'isConcordant': True, 'sentenceType': 'transitive', 'isPlausible': False, 'sentenceContent': 'The sweater tore the girl.'}
210.7969 	DATA 	Keypress: y
210.7999 	EXP 	sentence: autoDraw = False
210.7999 	EXP 	fixationCross: autoDraw = False
210.7999 	EXP 	sentence: text = 'The sweater tore the girl.'
210.7999 	EXP 	fixationCross: autoDraw = True
211.7878 	EXP 	sentence: autoDraw = True
211.8043 	EXP 	fixationCross: autoDraw = False
212.8266 	EXP 	New trial (rep=0, index=49): {'sentenceID': 20, 'isConcordant': True, 'sentenceType': 'intransitive', 'isPlausible': False, 'sentenceContent': 'The storm sank in the boat.'}
212.8479 	DATA 	Keypress: n
212.8511 	EXP 	sentence: autoDraw = False
212.8511 	EXP 	fixationCross: autoDraw = False
212.8511 	EXP 	sentence: text = 'The storm sank in the boat.'
212.8511 	EXP 	fixationCross: autoDraw = True
213.8361 	EXP 	sentence: autoDraw = True
213.8527 	EXP 	fixationCross: autoDraw = False
214.7083 	EXP 	New trial (rep=0, index=50): {'sentenceID': 28, 'isConcordant': True, 'sentenceType': 'intransitive', 'isPlausible': False, 'sentenceContent': 'My hands crumbled in the cake.'}
214.7361 	DATA 	Keypress: y
214.7392 	EXP 	sentence: autoDraw = False
214.7392 	EXP 	fixationCross: autoDraw = False
214.7392 	EXP 	sentence: text = 'My hands crumbled in the cake.'
214.7392 	EXP 	fixationCross: autoDraw = True
215.7343 	EXP 	sentence: autoDraw = True
215.7512 	EXP 	fixationCross: autoDraw = False
216.9090 	DATA 	Keypress: y
216.9234 	EXP 	New trial (rep=0, index=51): {'sentenceID': 42, 'isConcordant': False, 'sentenceType': 'transitive', 'isPlausible': False, 'sentenceContent': 'The shirt shrank the hot water.'}
216.9474 	EXP 	sentence: autoDraw = False
216.9474 	EXP 	fixationCross: autoDraw = False
216.9474 	EXP 	sentence: text = 'The shirt shrank the hot water.'
216.9474 	EXP 	fixationCross: autoDraw = True
217.9329 	EXP 	sentence: autoDraw = True
217.9494 	EXP 	fixationCross: autoDraw = False
218.9231 	DATA 	Keypress: y
218.9389 	EXP 	New trial (rep=0, index=52): {'sentenceID': 36, 'isConcordant': False, 'sentenceType': 'transitive', 'isPlausible': False, 'sentenceContent': 'The boat sank the waves.'}
218.9608 	EXP 	sentence: autoDraw = False
218.9608 	EXP 	fixationCross: autoDraw = False
218.9608 	EXP 	sentence: text = 'The boat sank the waves.'
218.9608 	EXP 	fixationCross: autoDraw = True
219.9476 	EXP 	sentence: autoDraw = True
219.9644 	EXP 	fixationCross: autoDraw = False
221.1693 	EXP 	New trial (rep=0, index=53): {'sentenceID': 8, 'isConcordant': True, 'sentenceType': 'transitive', 'isPlausible': False, 'sentenceContent': 'The sugar dissolved the baker.'}
221.1883 	DATA 	Keypress: y
221.1914 	EXP 	sentence: autoDraw = False
221.1914 	EXP 	fixationCross: autoDraw = False
221.1914 	EXP 	sentence: text = 'The sugar dissolved the baker.'
221.1914 	EXP 	fixationCross: autoDraw = True
222.1792 	EXP 	sentence: autoDraw = True
222.1957 	EXP 	fixationCross: autoDraw = False
223.3700 	DATA 	Keypress: n
223.3842 	EXP 	New trial (rep=0, index=54): {'sentenceID': 6, 'isConcordant': True, 'sentenceType': 'transitive', 'isPlausible': False, 'sentenceContent': 'The wine poured the waiter.'}
223.4066 	EXP 	sentence: autoDraw = False
223.4066 	EXP 	fixationCross: autoDraw = False
223.4066 	EXP 	sentence: text = 'The wine poured the waiter.'
223.4066 	EXP 	fixationCross: autoDraw = True
224.3941 	EXP 	sentence: autoDraw = True
224.4107 	EXP 	fixationCross: autoDraw = False
225.7828 	EXP 	New trial (rep=0, index=55): {'sentenceID': 63, 'isConcordant': False, 'sentenceType': 'intransitive', 'isPlausible': True, 'sentenceContent': 'The sweater tore along the seams.'}
225.8054 	DATA 	Keypress: n
225.8083 	EXP 	sentence: autoDraw = False
225.8083 	EXP 	fixationCross: autoDraw = False
225.8083 	EXP 	sentence: text = 'The sweater tore along the seams.'
225.8083 	EXP 	fixationCross: autoDraw = True
226.7922 	EXP 	sentence: autoDraw = True
226.8088 	EXP 	fixationCross: autoDraw = False
228.0309 	EXP 	New trial (rep=0, index=56): {'sentenceID': 31, 'isConcordant': True, 'sentenceType': 'intransitive', 'isPlausible': True, 'sentenceContent': 'The soup boiled in the pot.'}
228.0501 	DATA 	Keypress: y
228.0531 	EXP 	sentence: autoDraw = False
228.0531 	EXP 	fixationCross: autoDraw = False
228.0531 	EXP 	sentence: text = 'The soup boiled in the pot.'
228.0531 	EXP 	fixationCross: autoDraw = True
229.0402 	EXP 	sentence: autoDraw = True
229.0569 	EXP 	fixationCross: autoDraw = False
230.4286 	EXP 	New trial (rep=0, index=57): {'sentenceID': 59, 'isConcordant': False, 'sentenceType': 'intransitive', 'isPlausible': True, 'sentenceContent': 'The soup heated in the pot.'}
230.4479 	DATA 	Keypress: y
230.4510 	EXP 	sentence: autoDraw = False
230.4510 	EXP 	fixationCross: autoDraw = False
230.4510 	EXP 	sentence: text = 'The soup heated in the pot.'
230.4510 	EXP 	fixationCross: autoDraw = True
231.4382 	EXP 	sentence: autoDraw = True
231.4549 	EXP 	fixationCross: autoDraw = False
232.4938 	EXP 	New trial (rep=0, index=58): {'sentenceID': 38, 'isConcordant': False, 'sentenceType': 'transitive', 'isPlausible': False, 'sentenceContent': 'The bomb exploded the guards.'}
232.5140 	DATA 	Keypress: y
232.5170 	EXP 	sentence: autoDraw = False
232.5170 	EXP 	fixationCross: autoDraw = False
232.5170 	EXP 	sentence: text = 'The bomb exploded the guards.'
232.5170 	EXP 	fixationCross: autoDraw = True
233.5033 	EXP 	sentence: autoDraw = True
233.5199 	EXP 	fixationCross: autoDraw = False
234.7438 	DATA 	Keypress: n
234.7584 	EXP 	New trial (rep=0, index=59): {'sentenceID': 46, 'isConcordant': False, 'sentenceType': 'transitive', 'isPlausible': False, 'sentenceContent': 'The balloon burst the boy.'}
234.7788 	EXP 	sentence: autoDraw = False
234.7788 	EXP 	fixationCross: autoDraw = False
234.7788 	EXP 	sentence: text = 'The balloon burst the boy.'
234.7788 	EXP 	fixationCross: autoDraw = True
235.7681 	EXP 	sentence: autoDraw = True
235.7845 	EXP 	fixationCross: autoDraw = False
237.0895 	EXP 	New trial (rep=0, index=60): {'sentenceID': 51, 'isConcordant': False, 'sentenceType': 'intransitive', 'isPlausible': True, 'sentenceContent': 'The pipe clogged after the rain.'}
237.1111 	DATA 	Keypress: n
237.1140 	EXP 	sentence: autoDraw = False
237.1140 	EXP 	fixationCross: autoDraw = False
237.1140 	EXP 	sentence: text = 'The pipe clogged after the rain.'
237.1140 	EXP 	fixationCross: autoDraw = True
238.0995 	EXP 	sentence: autoDraw = True
238.1160 	EXP 	fixationCross: autoDraw = False
239.3714 	EXP 	New trial (rep=0, index=61): {'sentenceID': 3, 'isConcordant': True, 'sentenceType': 'transitive', 'isPlausible': True, 'sentenceContent': 'The leaves clogged the pipe.'}
239.3914 	DATA 	Keypress: n
239.3942 	EXP 	sentence: autoDraw = False
239.3942 	EXP 	fixationCross: autoDraw = False
239.3942 	EXP 	sentence: text = 'The leaves clogged the pipe.'
239.3942 	EXP 	fixationCross: autoDraw = True
240.3807 	EXP 	sentence: autoDraw = True
240.3975 	EXP 	fixationCross: autoDraw = False
241.6688 	EXP 	New trial (rep=0, index=62): {'sentenceID': 47, 'isConcordant': False, 'sentenceType': 'transitive', 'isPlausible': True, 'sentenceContent': 'The cook boiled the soup.'}
241.6880 	DATA 	Keypress: y
241.6909 	EXP 	sentence: autoDraw = False
241.6909 	EXP 	fixationCross: autoDraw = False
241.6909 	EXP 	sentence: text = 'The cook boiled the soup.'
241.6909 	EXP 	fixationCross: autoDraw = True
242.6790 	EXP 	sentence: autoDraw = True
242.6957 	EXP 	fixationCross: autoDraw = False
243.9369 	DATA 	Keypress: y
243.9512 	EXP 	New trial (rep=0, index=63): {'sentenceID': 56, 'isConcordant': False, 'sentenceType': 'intransitive', 'isPlausible': False, 'sentenceContent': 'The baker dissolved in the milk.'}
243.9765 	EXP 	sentence: autoDraw = False
243.9765 	EXP 	fixationCross: autoDraw = False
243.9765 	EXP 	sentence: text = 'The baker dissolved in the milk.'
243.9765 	EXP 	fixationCross: autoDraw = True
244.9605 	EXP 	sentence: autoDraw = True
244.9772 	EXP 	fixationCross: autoDraw = False
246.1013 	DATA 	Keypress: y
246.1270 	EXP 	sentence: autoDraw = False
246.1270 	EXP 	fixationCross: autoDraw = False
246.1270 	EXP 	debriefText: autoDraw = True
253.1367 	EXP 	debriefText: autoDraw = False
253.1367 	EXP 	debriefText: autoDraw = False
253.4320 	EXP 	window1: mouseVisible = True
