1.7035 	WARNING 	We strongly recommend you activate the PTB sound engine in PsychoPy prefs as the preferred audio engine. Its timing is vastly superior. Your prefs are currently set to use ['sounddevice', 'PTB', 'pyo', 'pygame'] (in that order).
9.6551 	WARNING 	User requested fullscreen with size [1024  768], but screen is actually [1920, 1080]. Using actual size
11.8788 	EXP 	Created window1 = Window(allowGUI=False, allowStencil=False, autoLog=True, backendConf=UNKNOWN, bitsMode=UNKNOWN, blendMode='avg', bpc=(8, 8, 8), color=array([0, 0, 0]), colorSpace='rgb', depthBits=8, fullscr=<method-wrapper '__getattribute__' of attributeSetter object at 0x000001F787BFBDA0>, gamma=None, gammaErrorPolicy='raise', lms=UNKNOWN, monitor=<psychopy.monitors.calibTools.Monitor object at 0x000001F787C61208>, multiSample=False, name='window1', numSamples=2, pos=[0.0, 0.0], screen=0, size=array([1920, 1080]), stencilBits=0, stereo=False, units='height', useFBO=True, useRetina=False, viewOri=0.0, viewPos=None, viewScale=None, waitBlanking=True, winType='pyglet')
11.8795 	EXP 	window1: mouseVisible = True
11.8796 	EXP 	window1: recordFrameIntervals = False
12.0444 	EXP 	window1: recordFrameIntervals = True
12.2282 	EXP 	window1: recordFrameIntervals = False
13.0857 	EXP 	Created instr = ImageStim(__class__=<class 'psychopy.visual.image.ImageStim'>, autoLog=True, color=array([1., 1., 1.]), colorSpace='rgb', contrast=1.0, depth=0.0, flipHoriz=False, flipVert=False, image='instuctions.png', interpolate=True, mask=None, maskParams=None, name='instr', opacity=1, ori=0.0, pos=array([0., 0.]), size=array([0.5, 0.5]), texRes=128.0, units='height', win=Window(...))
13.2706 	EXP 	Created isNative = TextStim(__class__=<class 'psychopy.visual.text.TextStim'>, alignHoriz=method-wrapper(...), alignText='center', alignVert=method-wrapper(...), anchorHoriz='center', anchorVert='center', antialias=True, autoLog=True, bold=False, color=array([1., 1., 1.]), colorSpace='rgb', contrast=1.0, depth=0.0, flipHoriz=False, flipVert=False, font='Open Sans', fontFiles=[], height=0.1, italic=False, languageStyle='LTR', name='isNative', opacity=1, ori=0.0, pos=array([0., 0.]), rgb=UNKNOWN, text=str(...), units='height', win=Window(...), wrapWidth=1)
13.2919 	EXP 	Created hasReadProb = TextStim(__class__=<class 'psychopy.visual.text.TextStim'>, alignHoriz=method-wrapper(...), alignText='center', alignVert=method-wrapper(...), anchorHoriz='center', anchorVert='center', antialias=True, autoLog=True, bold=False, color=array([1., 1., 1.]), colorSpace='rgb', contrast=1.0, depth=0.0, flipHoriz=False, flipVert=False, font='Open Sans', fontFiles=[], height=0.1, italic=False, languageStyle='LTR', name='hasReadProb', opacity=1, ori=0.0, pos=array([0., 0.]), rgb=UNKNOWN, text=str(...), units='height', win=Window(...), wrapWidth=1)
13.3044 	EXP 	Created text = TextStim(__class__=<class 'psychopy.visual.text.TextStim'>, alignHoriz=method-wrapper(...), alignText='center', alignVert=method-wrapper(...), anchorHoriz='center', anchorVert='center', antialias=True, autoLog=True, bold=False, color=array([1., 1., 1.]), colorSpace='rgb', contrast=1.0, depth=0.0, flipHoriz=False, flipVert=False, font='Open Sans', fontFiles=[], height=0.1, italic=False, languageStyle='LTR', name='text', opacity=1, ori=0.0, pos=array([0., 0.]), rgb=UNKNOWN, text=str(...), units='height', win=Window(...), wrapWidth=1)
13.3062 	EXP 	Created text_2 = TextStim(__class__=<class 'psychopy.visual.text.TextStim'>, alignHoriz=method-wrapper(...), alignText='center', alignVert=method-wrapper(...), anchorHoriz='center', anchorVert='center', antialias=True, autoLog=True, bold=False, color=array([1., 1., 1.]), colorSpace='rgb', contrast=1.0, depth=-1.0, flipHoriz=False, flipVert=False, font='Open Sans', fontFiles=[], height=0.1, italic=False, languageStyle='LTR', name='text_2', opacity=1, ori=0.0, pos=array([0., 0.]), rgb=UNKNOWN, text='', units='height', win=Window(...), wrapWidth=1)
13.3130 	EXP 	Created practice1Cross = TextStim(__class__=<class 'psychopy.visual.text.TextStim'>, alignHoriz=method-wrapper(...), alignText='center', alignVert=method-wrapper(...), anchorHoriz='center', anchorVert='center', antialias=True, autoLog=True, bold=False, color=array([1., 1., 1.]), colorSpace='rgb', contrast=1.0, depth=0.0, flipHoriz=False, flipVert=False, font='Open Sans', fontFiles=[], height=0.1, italic=False, languageStyle='LTR', name='practice1Cross', opacity=1, ori=0.0, pos=array([0., 0.]), rgb=UNKNOWN, text='+', units='height', win=Window(...), wrapWidth=1)
13.3240 	EXP 	Created practice1Text = TextStim(__class__=<class 'psychopy.visual.text.TextStim'>, alignHoriz=method-wrapper(...), alignText='center', alignVert=method-wrapper(...), anchorHoriz='center', anchorVert='center', antialias=True, autoLog=True, bold=False, color=array([1., 1., 1.]), colorSpace='rgb', contrast=1.0, depth=-1.0, flipHoriz=False, flipVert=False, font='Open Sans', fontFiles=[], height=0.1, italic=False, languageStyle='LTR', name='practice1Text', opacity=1, ori=0.0, pos=array([0., 0.]), rgb=UNKNOWN, text='The driver crashed the car.', units='height', win=Window(...), wrapWidth=1)
13.3257 	EXP 	Created feedback1Text = TextStim(__class__=<class 'psychopy.visual.text.TextStim'>, alignHoriz=method-wrapper(...), alignText='center', alignVert=method-wrapper(...), anchorHoriz='center', anchorVert='center', antialias=True, autoLog=True, bold=False, color=array([1., 1., 1.]), colorSpace='rgb', contrast=1.0, depth=0.0, flipHoriz=False, flipVert=False, font='Open Sans', fontFiles=[], height=0.1, italic=False, languageStyle='LTR', name='feedback1Text', opacity=1, ori=0.0, pos=array([0., 0.]), rgb=UNKNOWN, text='', units='height', win=Window(...), wrapWidth=1)
13.3280 	EXP 	Created feedback1Blank = TextStim(__class__=<class 'psychopy.visual.text.TextStim'>, alignHoriz=method-wrapper(...), alignText='center', alignVert=method-wrapper(...), anchorHoriz='center', anchorVert='center', antialias=True, autoLog=True, bold=False, color=array([1., 1., 1.]), colorSpace='rgb', contrast=1.0, depth=-1.0, flipHoriz=False, flipVert=False, font='Open Sans', fontFiles=[], height=0.1, italic=False, languageStyle='LTR', name='feedback1Blank', opacity=1, ori=0.0, pos=array([0., 0.]), rgb=UNKNOWN, text='', units='height', win=Window(...), wrapWidth=1)
13.3315 	EXP 	Created practice2Cross = TextStim(__class__=<class 'psychopy.visual.text.TextStim'>, alignHoriz=method-wrapper(...), alignText='center', alignVert=method-wrapper(...), anchorHoriz='center', anchorVert='center', antialias=True, autoLog=True, bold=False, color=array([1., 1., 1.]), colorSpace='rgb', contrast=1.0, depth=0.0, flipHoriz=False, flipVert=False, font='Open Sans', fontFiles=[], height=0.1, italic=False, languageStyle='LTR', name='practice2Cross', opacity=1, ori=0.0, pos=array([0., 0.]), rgb=UNKNOWN, text='+', units='height', win=Window(...), wrapWidth=1)
13.3390 	EXP 	Created practice2Text = TextStim(__class__=<class 'psychopy.visual.text.TextStim'>, alignHoriz=method-wrapper(...), alignText='center', alignVert=method-wrapper(...), anchorHoriz='center', anchorVert='center', antialias=True, autoLog=True, bold=False, color=array([1., 1., 1.]), colorSpace='rgb', contrast=1.0, depth=-1.0, flipHoriz=False, flipVert=False, font='Open Sans', fontFiles=[], height=0.1, italic=False, languageStyle='LTR', name='practice2Text', opacity=1, ori=0.0, pos=array([0., 0.]), rgb=UNKNOWN, text='The car drives the airplane.', units='height', win=Window(...), wrapWidth=1)
13.3407 	EXP 	Created feedback2Text = TextStim(__class__=<class 'psychopy.visual.text.TextStim'>, alignHoriz=method-wrapper(...), alignText='center', alignVert=method-wrapper(...), anchorHoriz='center', anchorVert='center', antialias=True, autoLog=True, bold=False, color=array([1., 1., 1.]), colorSpace='rgb', contrast=1.0, depth=0.0, flipHoriz=False, flipVert=False, font='Open Sans', fontFiles=[], height=0.1, italic=False, languageStyle='LTR', name='feedback2Text', opacity=1, ori=0.0, pos=array([0., 0.]), rgb=UNKNOWN, text='', units='height', win=Window(...), wrapWidth=1)
13.3426 	EXP 	Created feedback2Blank = TextStim(__class__=<class 'psychopy.visual.text.TextStim'>, alignHoriz=method-wrapper(...), alignText='center', alignVert=method-wrapper(...), anchorHoriz='center', anchorVert='center', antialias=True, autoLog=True, bold=False, color=array([1., 1., 1.]), colorSpace='rgb', contrast=1.0, depth=-1.0, flipHoriz=False, flipVert=False, font='Open Sans', fontFiles=[], height=0.1, italic=False, languageStyle='LTR', name='feedback2Blank', opacity=1, ori=0.0, pos=array([0., 0.]), rgb=UNKNOWN, text='', units='height', win=Window(...), wrapWidth=1)
13.3451 	EXP 	Created sentence = TextStim(__class__=<class 'psychopy.visual.text.TextStim'>, alignHoriz=method-wrapper(...), alignText='center', alignVert=method-wrapper(...), anchorHoriz='center', anchorVert='center', antialias=True, autoLog=True, bold=False, color=array([1., 1., 1.]), colorSpace='rgb', contrast=1.0, depth=0.0, flipHoriz=False, flipVert=False, font='Open Sans', fontFiles=[], height=0.1, italic=False, languageStyle='LTR', name='sentence', opacity=1, ori=0.0, pos=array([0., 0.]), rgb=UNKNOWN, text='', units='height', win=Window(...), wrapWidth=1)
13.3494 	EXP 	Created fixationCross = TextStim(__class__=<class 'psychopy.visual.text.TextStim'>, alignHoriz=method-wrapper(...), alignText='center', alignVert=method-wrapper(...), anchorHoriz='center', anchorVert='center', antialias=True, autoLog=True, bold=False, color=array([1., 1., 1.]), colorSpace='rgb', contrast=1.0, depth=-1.0, flipHoriz=False, flipVert=False, font='Open Sans', fontFiles=[], height=0.1, italic=False, languageStyle='LTR', name='fixationCross', opacity=1, ori=0.0, pos=array([0., 0.]), rgb=UNKNOWN, text='+', units='height', win=Window(...), wrapWidth=1)
13.3707 	EXP 	Created debriefText = TextStim(__class__=<class 'psychopy.visual.text.TextStim'>, alignHoriz=method-wrapper(...), alignText='center', alignVert=method-wrapper(...), anchorHoriz='center', anchorVert='center', antialias=True, autoLog=True, bold=False, color=array([1., 1., 1.]), colorSpace='rgb', contrast=1.0, depth=0.0, flipHoriz=False, flipVert=False, font='Open Sans', fontFiles=[], height=0.1, italic=False, languageStyle='LTR', name='debriefText', opacity=1, ori=0.0, pos=array([0., 0.]), rgb=UNKNOWN, text=str(...), units='height', win=Window(...), wrapWidth=1)
13.4456 	EXP 	instr: autoDraw = True
16.1149 	DATA 	Keypress: y
16.1222 	EXP 	instr: autoDraw = False
16.1222 	EXP 	isNative: autoDraw = True
19.4092 	DATA 	Keypress: escape
19.6809 	EXP 	window1: mouseVisible = True
1.3516 	WARNING 	We strongly recommend you activate the PTB sound engine in PsychoPy prefs as the preferred audio engine. Its timing is vastly superior. Your prefs are currently set to use ['sounddevice', 'PTB', 'pyo', 'pygame'] (in that order).
5.6197 	WARNING 	User requested fullscreen with size [1024  768], but screen is actually [1920, 1080]. Using actual size
7.4635 	EXP 	Created window1 = Window(allowGUI=False, allowStencil=False, autoLog=True, backendConf=UNKNOWN, bitsMode=UNKNOWN, blendMode='avg', bpc=(8, 8, 8), color=array([0, 0, 0]), colorSpace='rgb', depthBits=8, fullscr=<method-wrapper '__getattribute__' of attributeSetter object at 0x000001B84B26AD68>, gamma=None, gammaErrorPolicy='raise', lms=UNKNOWN, monitor=<psychopy.monitors.calibTools.Monitor object at 0x000001B84B2C1208>, multiSample=False, name='window1', numSamples=2, pos=[0.0, 0.0], screen=0, size=array([1920, 1080]), stencilBits=0, stereo=False, units='height', useFBO=True, useRetina=False, viewOri=0.0, viewPos=None, viewScale=None, waitBlanking=True, winType='pyglet')
7.4640 	EXP 	window1: mouseVisible = True
7.4642 	EXP 	window1: recordFrameIntervals = False
7.6292 	EXP 	window1: recordFrameIntervals = True
7.8130 	EXP 	window1: recordFrameIntervals = False
8.4120 	EXP 	Created instr = ImageStim(__class__=<class 'psychopy.visual.image.ImageStim'>, autoLog=True, color=array([1., 1., 1.]), colorSpace='rgb', contrast=1.0, depth=0.0, flipHoriz=False, flipVert=False, image='instuctions.png', interpolate=True, mask=None, maskParams=None, name='instr', opacity=1, ori=0.0, pos=array([0., 0.]), size=array([0.5, 0.5]), texRes=128.0, units='height', win=Window(...))
8.5676 	EXP 	Created isNative = TextStim(__class__=<class 'psychopy.visual.text.TextStim'>, alignHoriz=method-wrapper(...), alignText='center', alignVert=method-wrapper(...), anchorHoriz='center', anchorVert='center', antialias=True, autoLog=True, bold=False, color=array([1., 1., 1.]), colorSpace='rgb', contrast=1.0, depth=0.0, flipHoriz=False, flipVert=False, font='Open Sans', fontFiles=[], height=0.1, italic=False, languageStyle='LTR', name='isNative', opacity=1, ori=0.0, pos=array([0., 0.]), rgb=UNKNOWN, text=str(...), units='height', win=Window(...), wrapWidth=1)
8.5866 	EXP 	Created hasReadProb = TextStim(__class__=<class 'psychopy.visual.text.TextStim'>, alignHoriz=method-wrapper(...), alignText='center', alignVert=method-wrapper(...), anchorHoriz='center', anchorVert='center', antialias=True, autoLog=True, bold=False, color=array([1., 1., 1.]), colorSpace='rgb', contrast=1.0, depth=0.0, flipHoriz=False, flipVert=False, font='Open Sans', fontFiles=[], height=0.1, italic=False, languageStyle='LTR', name='hasReadProb', opacity=1, ori=0.0, pos=array([0., 0.]), rgb=UNKNOWN, text=str(...), units='height', win=Window(...), wrapWidth=1)
8.5995 	EXP 	Created text = TextStim(__class__=<class 'psychopy.visual.text.TextStim'>, alignHoriz=method-wrapper(...), alignText='center', alignVert=method-wrapper(...), anchorHoriz='center', anchorVert='center', antialias=True, autoLog=True, bold=False, color=array([1., 1., 1.]), colorSpace='rgb', contrast=1.0, depth=0.0, flipHoriz=False, flipVert=False, font='Open Sans', fontFiles=[], height=0.1, italic=False, languageStyle='LTR', name='text', opacity=1, ori=0.0, pos=array([0., 0.]), rgb=UNKNOWN, text=str(...), units='height', win=Window(...), wrapWidth=1)
8.6014 	EXP 	Created text_2 = TextStim(__class__=<class 'psychopy.visual.text.TextStim'>, alignHoriz=method-wrapper(...), alignText='center', alignVert=method-wrapper(...), anchorHoriz='center', anchorVert='center', antialias=True, autoLog=True, bold=False, color=array([1., 1., 1.]), colorSpace='rgb', contrast=1.0, depth=-1.0, flipHoriz=False, flipVert=False, font='Open Sans', fontFiles=[], height=0.1, italic=False, languageStyle='LTR', name='text_2', opacity=1, ori=0.0, pos=array([0., 0.]), rgb=UNKNOWN, text='', units='height', win=Window(...), wrapWidth=1)
8.6074 	EXP 	Created practice1Cross = TextStim(__class__=<class 'psychopy.visual.text.TextStim'>, alignHoriz=method-wrapper(...), alignText='center', alignVert=method-wrapper(...), anchorHoriz='center', anchorVert='center', antialias=True, autoLog=True, bold=False, color=array([1., 1., 1.]), colorSpace='rgb', contrast=1.0, depth=0.0, flipHoriz=False, flipVert=False, font='Open Sans', fontFiles=[], height=0.1, italic=False, languageStyle='LTR', name='practice1Cross', opacity=1, ori=0.0, pos=array([0., 0.]), rgb=UNKNOWN, text='+', units='height', win=Window(...), wrapWidth=1)
8.6178 	EXP 	Created practice1Text = TextStim(__class__=<class 'psychopy.visual.text.TextStim'>, alignHoriz=method-wrapper(...), alignText='center', alignVert=method-wrapper(...), anchorHoriz='center', anchorVert='center', antialias=True, autoLog=True, bold=False, color=array([1., 1., 1.]), colorSpace='rgb', contrast=1.0, depth=-1.0, flipHoriz=False, flipVert=False, font='Open Sans', fontFiles=[], height=0.1, italic=False, languageStyle='LTR', name='practice1Text', opacity=1, ori=0.0, pos=array([0., 0.]), rgb=UNKNOWN, text='The driver crashed the car.', units='height', win=Window(...), wrapWidth=1)
8.6195 	EXP 	Created feedback1Text = TextStim(__class__=<class 'psychopy.visual.text.TextStim'>, alignHoriz=method-wrapper(...), alignText='center', alignVert=method-wrapper(...), anchorHoriz='center', anchorVert='center', antialias=True, autoLog=True, bold=False, color=array([1., 1., 1.]), colorSpace='rgb', contrast=1.0, depth=0.0, flipHoriz=False, flipVert=False, font='Open Sans', fontFiles=[], height=0.1, italic=False, languageStyle='LTR', name='feedback1Text', opacity=1, ori=0.0, pos=array([0., 0.]), rgb=UNKNOWN, text='', units='height', win=Window(...), wrapWidth=1)
8.6212 	EXP 	Created feedback1Blank = TextStim(__class__=<class 'psychopy.visual.text.TextStim'>, alignHoriz=method-wrapper(...), alignText='center', alignVert=method-wrapper(...), anchorHoriz='center', anchorVert='center', antialias=True, autoLog=True, bold=False, color=array([1., 1., 1.]), colorSpace='rgb', contrast=1.0, depth=-1.0, flipHoriz=False, flipVert=False, font='Open Sans', fontFiles=[], height=0.1, italic=False, languageStyle='LTR', name='feedback1Blank', opacity=1, ori=0.0, pos=array([0., 0.]), rgb=UNKNOWN, text='', units='height', win=Window(...), wrapWidth=1)
8.6243 	EXP 	Created practice2Cross = TextStim(__class__=<class 'psychopy.visual.text.TextStim'>, alignHoriz=method-wrapper(...), alignText='center', alignVert=method-wrapper(...), anchorHoriz='center', anchorVert='center', antialias=True, autoLog=True, bold=False, color=array([1., 1., 1.]), colorSpace='rgb', contrast=1.0, depth=0.0, flipHoriz=False, flipVert=False, font='Open Sans', fontFiles=[], height=0.1, italic=False, languageStyle='LTR', name='practice2Cross', opacity=1, ori=0.0, pos=array([0., 0.]), rgb=UNKNOWN, text='+', units='height', win=Window(...), wrapWidth=1)
8.6323 	EXP 	Created practice2Text = TextStim(__class__=<class 'psychopy.visual.text.TextStim'>, alignHoriz=method-wrapper(...), alignText='center', alignVert=method-wrapper(...), anchorHoriz='center', anchorVert='center', antialias=True, autoLog=True, bold=False, color=array([1., 1., 1.]), colorSpace='rgb', contrast=1.0, depth=-1.0, flipHoriz=False, flipVert=False, font='Open Sans', fontFiles=[], height=0.1, italic=False, languageStyle='LTR', name='practice2Text', opacity=1, ori=0.0, pos=array([0., 0.]), rgb=UNKNOWN, text='The car drives the airplane.', units='height', win=Window(...), wrapWidth=1)
8.6341 	EXP 	Created feedback2Text = TextStim(__class__=<class 'psychopy.visual.text.TextStim'>, alignHoriz=method-wrapper(...), alignText='center', alignVert=method-wrapper(...), anchorHoriz='center', anchorVert='center', antialias=True, autoLog=True, bold=False, color=array([1., 1., 1.]), colorSpace='rgb', contrast=1.0, depth=0.0, flipHoriz=False, flipVert=False, font='Open Sans', fontFiles=[], height=0.1, italic=False, languageStyle='LTR', name='feedback2Text', opacity=1, ori=0.0, pos=array([0., 0.]), rgb=UNKNOWN, text='', units='height', win=Window(...), wrapWidth=1)
8.6362 	EXP 	Created feedback2Blank = TextStim(__class__=<class 'psychopy.visual.text.TextStim'>, alignHoriz=method-wrapper(...), alignText='center', alignVert=method-wrapper(...), anchorHoriz='center', anchorVert='center', antialias=True, autoLog=True, bold=False, color=array([1., 1., 1.]), colorSpace='rgb', contrast=1.0, depth=-1.0, flipHoriz=False, flipVert=False, font='Open Sans', fontFiles=[], height=0.1, italic=False, languageStyle='LTR', name='feedback2Blank', opacity=1, ori=0.0, pos=array([0., 0.]), rgb=UNKNOWN, text='', units='height', win=Window(...), wrapWidth=1)
8.6382 	EXP 	Created sentence = TextStim(__class__=<class 'psychopy.visual.text.TextStim'>, alignHoriz=method-wrapper(...), alignText='center', alignVert=method-wrapper(...), anchorHoriz='center', anchorVert='center', antialias=True, autoLog=True, bold=False, color=array([1., 1., 1.]), colorSpace='rgb', contrast=1.0, depth=0.0, flipHoriz=False, flipVert=False, font='Open Sans', fontFiles=[], height=0.1, italic=False, languageStyle='LTR', name='sentence', opacity=1, ori=0.0, pos=array([0., 0.]), rgb=UNKNOWN, text='', units='height', win=Window(...), wrapWidth=1)
8.6419 	EXP 	Created fixationCross = TextStim(__class__=<class 'psychopy.visual.text.TextStim'>, alignHoriz=method-wrapper(...), alignText='center', alignVert=method-wrapper(...), anchorHoriz='center', anchorVert='center', antialias=True, autoLog=True, bold=False, color=array([1., 1., 1.]), colorSpace='rgb', contrast=1.0, depth=-1.0, flipHoriz=False, flipVert=False, font='Open Sans', fontFiles=[], height=0.1, italic=False, languageStyle='LTR', name='fixationCross', opacity=1, ori=0.0, pos=array([0., 0.]), rgb=UNKNOWN, text='+', units='height', win=Window(...), wrapWidth=1)
8.6616 	EXP 	Created debriefText = TextStim(__class__=<class 'psychopy.visual.text.TextStim'>, alignHoriz=method-wrapper(...), alignText='center', alignVert=method-wrapper(...), anchorHoriz='center', anchorVert='center', antialias=True, autoLog=True, bold=False, color=array([1., 1., 1.]), colorSpace='rgb', contrast=1.0, depth=0.0, flipHoriz=False, flipVert=False, font='Open Sans', fontFiles=[], height=0.1, italic=False, languageStyle='LTR', name='debriefText', opacity=1, ori=0.0, pos=array([0., 0.]), rgb=UNKNOWN, text=str(...), units='height', win=Window(...), wrapWidth=1)
8.7225 	EXP 	instr: autoDraw = True
42.1401 	DATA 	Keypress: y
42.1481 	EXP 	instr: autoDraw = False
42.1481 	EXP 	isNative: autoDraw = True
44.7273 	DATA 	Keypress: n
44.7335 	EXP 	isNative: autoDraw = False
44.7335 	EXP 	hasReadProb: autoDraw = True
50.6817 	DATA 	Keypress: n
50.6891 	EXP 	hasReadProb: autoDraw = False
50.6891 	EXP 	text: autoDraw = True
55.6774 	EXP 	text_2: autoDraw = True
55.6936 	EXP 	text: autoDraw = False
58.6800 	EXP 	text_2: autoDraw = False
58.6800 	EXP 	text: autoDraw = False
58.6800 	EXP 	text_2: autoDraw = False
58.6800 	EXP 	practice1Cross: autoDraw = True
59.6646 	EXP 	practice1Text: autoDraw = True
59.6813 	EXP 	practice1Cross: autoDraw = False
61.6923 	DATA 	Keypress: y
61.6955 	EXP 	practice1Cross: autoDraw = False
61.6955 	EXP 	practice1Text: autoDraw = False
61.6955 	EXP 	feedback1Text: text = "Your response was: 'yes'. Now let's try one more round."
61.6955 	EXP 	feedback1Text: autoDraw = True
66.6885 	EXP 	feedback1Blank: autoDraw = True
66.7047 	EXP 	feedback1Text: autoDraw = False
69.6911 	EXP 	feedback1Blank: autoDraw = False
69.6911 	EXP 	feedback1Text: autoDraw = False
69.6911 	EXP 	feedback1Blank: autoDraw = False
69.6911 	EXP 	practice2Cross: autoDraw = True
70.6755 	EXP 	practice2Text: autoDraw = True
70.6921 	EXP 	practice2Cross: autoDraw = False
72.2681 	DATA 	Keypress: n
72.2714 	EXP 	practice2Cross: autoDraw = False
72.2714 	EXP 	practice2Text: autoDraw = False
72.2714 	EXP 	feedback2Text: text = "Your response was: 'no', which is correct. The experiment will begin now."
72.2714 	EXP 	feedback2Text: autoDraw = True
77.2494 	EXP 	feedback2Blank: autoDraw = True
77.2820 	EXP 	feedback2Text: autoDraw = False
80.2689 	EXP 	Imported stimuliFiltered.xlsx as conditions, 64 conditions, 5 params
80.2767 	EXP 	Created sequence: random, trialTypes=64, nReps=1, seed=None
80.2772 	EXP 	New trial (rep=0, index=0): {'sentenceID': 35, 'isConcordant': False, 'sentenceType': 'transitive', 'isPlausible': True, 'sentenceContent': 'The waves sank the boat.'}
80.2893 	EXP 	feedback2Blank: autoDraw = False
80.2893 	EXP 	feedback2Text: autoDraw = False
80.2893 	EXP 	feedback2Blank: autoDraw = False
80.2893 	EXP 	sentence: text = 'The waves sank the boat.'
80.2893 	EXP 	fixationCross: autoDraw = True
81.2862 	EXP 	sentence: autoDraw = True
81.3030 	EXP 	fixationCross: autoDraw = False
82.9489 	EXP 	New trial (rep=0, index=1): {'sentenceID': 61, 'isConcordant': False, 'sentenceType': 'intransitive', 'isPlausible': True, 'sentenceContent': 'The store shut at six o’clock.'}
82.9693 	DATA 	Keypress: y
82.9718 	EXP 	sentence: autoDraw = False
82.9718 	EXP 	fixationCross: autoDraw = False
82.9718 	EXP 	sentence: text = 'The store shut at six o’clock.'
82.9718 	EXP 	fixationCross: autoDraw = True
83.9721 	EXP 	sentence: autoDraw = True
83.9721 	EXP 	fixationCross: autoDraw = False
85.6636 	EXP 	New trial (rep=0, index=2): {'sentenceID': 17, 'isConcordant': True, 'sentenceType': 'intransitive', 'isPlausible': True, 'sentenceContent': 'The flowers grew in clusters.'}
85.6802 	DATA 	Keypress: y
85.6828 	EXP 	sentence: autoDraw = False
85.6828 	EXP 	fixationCross: autoDraw = False
85.6828 	EXP 	sentence: text = 'The flowers grew in clusters.'
85.6828 	EXP 	fixationCross: autoDraw = True
86.6750 	EXP 	sentence: autoDraw = True
86.6916 	EXP 	fixationCross: autoDraw = False
88.0819 	EXP 	New trial (rep=0, index=3): {'sentenceID': 37, 'isConcordant': False, 'sentenceType': 'transitive', 'isPlausible': True, 'sentenceContent': 'The guards exploded the bomb.'}
88.0964 	DATA 	Keypress: y
88.0989 	EXP 	sentence: autoDraw = False
88.0989 	EXP 	fixationCross: autoDraw = False
88.0989 	EXP 	sentence: text = 'The guards exploded the bomb.'
88.0989 	EXP 	fixationCross: autoDraw = True
89.0940 	EXP 	sentence: autoDraw = True
89.1109 	EXP 	fixationCross: autoDraw = False
90.4013 	EXP 	New trial (rep=0, index=4): {'sentenceID': 55, 'isConcordant': False, 'sentenceType': 'intransitive', 'isPlausible': True, 'sentenceContent': 'The sugar dissolved in the milk.'}
90.4177 	DATA 	Keypress: y
90.4202 	EXP 	sentence: autoDraw = False
90.4202 	EXP 	fixationCross: autoDraw = False
90.4202 	EXP 	sentence: text = 'The sugar dissolved in the milk.'
90.4202 	EXP 	fixationCross: autoDraw = True
91.4132 	EXP 	sentence: autoDraw = True
91.4297 	EXP 	fixationCross: autoDraw = False
93.5894 	DATA 	Keypress: y
93.6041 	EXP 	New trial (rep=0, index=5): {'sentenceID': 6, 'isConcordant': True, 'sentenceType': 'transitive', 'isPlausible': False, 'sentenceContent': 'The wine poured the waiter.'}
93.6177 	EXP 	sentence: autoDraw = False
93.6177 	EXP 	fixationCross: autoDraw = False
93.6177 	EXP 	sentence: text = 'The wine poured the waiter.'
93.6177 	EXP 	fixationCross: autoDraw = True
94.6164 	EXP 	sentence: autoDraw = True
94.6330 	EXP 	fixationCross: autoDraw = False
96.0073 	EXP 	New trial (rep=0, index=6): {'sentenceID': 48, 'isConcordant': False, 'sentenceType': 'transitive', 'isPlausible': False, 'sentenceContent': 'The soup boiled the cook.'}
96.0232 	DATA 	Keypress: n
96.0258 	EXP 	sentence: autoDraw = False
96.0258 	EXP 	fixationCross: autoDraw = False
96.0258 	EXP 	sentence: text = 'The soup boiled the cook.'
96.0258 	EXP 	fixationCross: autoDraw = True
97.0188 	EXP 	sentence: autoDraw = True
97.0353 	EXP 	fixationCross: autoDraw = False
98.8098 	EXP 	New trial (rep=0, index=7): {'sentenceID': 60, 'isConcordant': False, 'sentenceType': 'intransitive', 'isPlausible': False, 'sentenceContent': 'The cook heated in the soup.'}
98.8260 	DATA 	Keypress: n
98.8285 	EXP 	sentence: autoDraw = False
98.8285 	EXP 	fixationCross: autoDraw = False
98.8285 	EXP 	sentence: text = 'The cook heated in the soup.'
98.8285 	EXP 	fixationCross: autoDraw = True
99.8217 	EXP 	sentence: autoDraw = True
99.8380 	EXP 	fixationCross: autoDraw = False
101.8958 	EXP 	New trial (rep=0, index=8): {'sentenceID': 38, 'isConcordant': False, 'sentenceType': 'transitive', 'isPlausible': False, 'sentenceContent': 'The bomb exploded the guards.'}
101.9095 	DATA 	Keypress: n
101.9120 	EXP 	sentence: autoDraw = False
101.9120 	EXP 	fixationCross: autoDraw = False
101.9120 	EXP 	sentence: text = 'The bomb exploded the guards.'
101.9120 	EXP 	fixationCross: autoDraw = True
102.9078 	EXP 	sentence: autoDraw = True
102.9246 	EXP 	fixationCross: autoDraw = False
104.3152 	EXP 	New trial (rep=0, index=9): {'sentenceID': 11, 'isConcordant': True, 'sentenceType': 'transitive', 'isPlausible': True, 'sentenceContent': 'The cook heated the soup.'}
104.3286 	DATA 	Keypress: n
104.3312 	EXP 	sentence: autoDraw = False
104.3312 	EXP 	fixationCross: autoDraw = False
104.3312 	EXP 	sentence: text = 'The cook heated the soup.'
104.3312 	EXP 	fixationCross: autoDraw = True
105.3267 	EXP 	sentence: autoDraw = True
105.3434 	EXP 	fixationCross: autoDraw = False
106.5848 	EXP 	New trial (rep=0, index=10): {'sentenceID': 50, 'isConcordant': False, 'sentenceType': 'intransitive', 'isPlausible': False, 'sentenceContent': 'The teacher opened after a short while.'}
106.6050 	DATA 	Keypress: y
106.6076 	EXP 	sentence: autoDraw = False
106.6076 	EXP 	fixationCross: autoDraw = False
106.6076 	EXP 	sentence: text = 'The teacher opened after a short while.'
106.6076 	EXP 	fixationCross: autoDraw = True
107.5959 	EXP 	sentence: autoDraw = True
107.6125 	EXP 	fixationCross: autoDraw = False
109.6048 	DATA 	Keypress: n
109.6199 	EXP 	New trial (rep=0, index=11): {'sentenceID': 5, 'isConcordant': True, 'sentenceType': 'transitive', 'isPlausible': True, 'sentenceContent': 'The waiter poured the wine.'}
109.6349 	EXP 	sentence: autoDraw = False
109.6349 	EXP 	fixationCross: autoDraw = False
109.6349 	EXP 	sentence: text = 'The waiter poured the wine.'
109.6349 	EXP 	fixationCross: autoDraw = True
110.6322 	EXP 	sentence: autoDraw = True
110.6489 	EXP 	fixationCross: autoDraw = False
112.4899 	EXP 	New trial (rep=0, index=12): {'sentenceID': 64, 'isConcordant': False, 'sentenceType': 'intransitive', 'isPlausible': False, 'sentenceContent': 'The seams tore along the sweater.'}
112.5044 	DATA 	Keypress: y
112.5069 	EXP 	sentence: autoDraw = False
112.5069 	EXP 	fixationCross: autoDraw = False
112.5069 	EXP 	sentence: text = 'The seams tore along the sweater.'
112.5069 	EXP 	fixationCross: autoDraw = True
113.5018 	EXP 	sentence: autoDraw = True
113.5184 	EXP 	fixationCross: autoDraw = False
115.6260 	EXP 	New trial (rep=0, index=13): {'sentenceID': 63, 'isConcordant': False, 'sentenceType': 'intransitive', 'isPlausible': True, 'sentenceContent': 'The sweater tore along the seams.'}
115.6366 	DATA 	Keypress: n
115.6390 	EXP 	sentence: autoDraw = False
115.6390 	EXP 	fixationCross: autoDraw = False
115.6390 	EXP 	sentence: text = 'The sweater tore along the seams.'
115.6390 	EXP 	fixationCross: autoDraw = True
116.6383 	EXP 	sentence: autoDraw = True
116.6551 	EXP 	fixationCross: autoDraw = False
118.4125 	EXP 	New trial (rep=0, index=14): {'sentenceID': 1, 'isConcordant': True, 'sentenceType': 'transitive', 'isPlausible': True, 'sentenceContent': 'The teacher opened the box. '}
118.4269 	DATA 	Keypress: y
118.4295 	EXP 	sentence: autoDraw = False
118.4295 	EXP 	fixationCross: autoDraw = False
118.4295 	EXP 	sentence: text = 'The teacher opened the box. '
118.4295 	EXP 	fixationCross: autoDraw = True
119.4244 	EXP 	sentence: autoDraw = True
119.4411 	EXP 	fixationCross: autoDraw = False
120.6468 	EXP 	New trial (rep=0, index=15): {'sentenceID': 44, 'isConcordant': False, 'sentenceType': 'transitive', 'isPlausible': False, 'sentenceContent': 'The cake crumbled the cook.'}
120.6588 	DATA 	Keypress: y
120.6615 	EXP 	sentence: autoDraw = False
120.6615 	EXP 	fixationCross: autoDraw = False
120.6615 	EXP 	sentence: text = 'The cake crumbled the cook.'
120.6615 	EXP 	fixationCross: autoDraw = True
121.6598 	EXP 	sentence: autoDraw = True
121.6765 	EXP 	fixationCross: autoDraw = False
123.0848 	DATA 	Keypress: n
123.1005 	EXP 	New trial (rep=0, index=16): {'sentenceID': 62, 'isConcordant': False, 'sentenceType': 'intransitive', 'isPlausible': False, 'sentenceContent': 'The assistant shut at six o’clock.'}
123.1207 	EXP 	sentence: autoDraw = False
123.1207 	EXP 	fixationCross: autoDraw = False
123.1207 	EXP 	sentence: text = 'The assistant shut at six o’clock.'
123.1207 	EXP 	fixationCross: autoDraw = True
124.1123 	EXP 	sentence: autoDraw = True
124.1289 	EXP 	fixationCross: autoDraw = False
125.4026 	EXP 	New trial (rep=0, index=17): {'sentenceID': 52, 'isConcordant': False, 'sentenceType': 'intransitive', 'isPlausible': False, 'sentenceContent': 'The leaves clogged after the rain.'}
125.4130 	DATA 	Keypress: n
125.4155 	EXP 	sentence: autoDraw = False
125.4155 	EXP 	fixationCross: autoDraw = False
125.4155 	EXP 	sentence: text = 'The leaves clogged after the rain.'
125.4155 	EXP 	fixationCross: autoDraw = True
126.4147 	EXP 	sentence: autoDraw = True
126.4314 	EXP 	fixationCross: autoDraw = False
128.3398 	DATA 	Keypress: n
128.3562 	EXP 	New trial (rep=0, index=18): {'sentenceID': 19, 'isConcordant': True, 'sentenceType': 'intransitive', 'isPlausible': True, 'sentenceContent': 'The boat sank in the storm.'}
128.3716 	EXP 	sentence: autoDraw = False
128.3716 	EXP 	fixationCross: autoDraw = False
128.3716 	EXP 	sentence: text = 'The boat sank in the storm.'
128.3716 	EXP 	fixationCross: autoDraw = True
129.3675 	EXP 	sentence: autoDraw = True
129.3840 	EXP 	fixationCross: autoDraw = False
130.6578 	EXP 	New trial (rep=0, index=19): {'sentenceID': 39, 'isConcordant': False, 'sentenceType': 'transitive', 'isPlausible': True, 'sentenceContent': 'The sun hardened the sand.'}
130.6682 	DATA 	Keypress: y
130.6707 	EXP 	sentence: autoDraw = False
130.6707 	EXP 	fixationCross: autoDraw = False
130.6707 	EXP 	sentence: text = 'The sun hardened the sand.'
130.6707 	EXP 	fixationCross: autoDraw = True
131.6697 	EXP 	sentence: autoDraw = True
131.6697 	EXP 	fixationCross: autoDraw = False
133.3938 	EXP 	New trial (rep=0, index=20): {'sentenceID': 24, 'isConcordant': True, 'sentenceType': 'intransitive', 'isPlausible': False, 'sentenceContent': 'The sun hardened in the concrete.'}
133.4086 	DATA 	Keypress: y
133.4111 	EXP 	sentence: autoDraw = False
133.4111 	EXP 	fixationCross: autoDraw = False
133.4111 	EXP 	sentence: text = 'The sun hardened in the concrete.'
133.4111 	EXP 	fixationCross: autoDraw = True
134.4060 	EXP 	sentence: autoDraw = True
134.4227 	EXP 	fixationCross: autoDraw = False
135.9634 	EXP 	New trial (rep=0, index=21): {'sentenceID': 56, 'isConcordant': False, 'sentenceType': 'intransitive', 'isPlausible': False, 'sentenceContent': 'The baker dissolved in the milk.'}
135.9777 	DATA 	Keypress: n
135.9801 	EXP 	sentence: autoDraw = False
135.9801 	EXP 	fixationCross: autoDraw = False
135.9801 	EXP 	sentence: text = 'The baker dissolved in the milk.'
135.9801 	EXP 	fixationCross: autoDraw = True
136.9753 	EXP 	sentence: autoDraw = True
136.9920 	EXP 	fixationCross: autoDraw = False
138.9171 	DATA 	Keypress: n
138.9330 	EXP 	New trial (rep=0, index=22): {'sentenceID': 9, 'isConcordant': True, 'sentenceType': 'transitive', 'isPlausible': True, 'sentenceContent': 'The heat softened the butter.'}
138.9500 	EXP 	sentence: autoDraw = False
138.9500 	EXP 	fixationCross: autoDraw = False
138.9500 	EXP 	sentence: text = 'The heat softened the butter.'
138.9500 	EXP 	fixationCross: autoDraw = True
139.9282 	EXP 	sentence: autoDraw = True
139.9614 	EXP 	fixationCross: autoDraw = False
141.7525 	EXP 	New trial (rep=0, index=23): {'sentenceID': 15, 'isConcordant': True, 'sentenceType': 'transitive', 'isPlausible': True, 'sentenceContent': 'The girl tore her sweater.'}
141.7670 	DATA 	Keypress: y
141.7694 	EXP 	sentence: autoDraw = False
141.7694 	EXP 	fixationCross: autoDraw = False
141.7694 	EXP 	sentence: text = 'The girl tore her sweater.'
141.7694 	EXP 	fixationCross: autoDraw = True
142.7641 	EXP 	sentence: autoDraw = True
142.7810 	EXP 	fixationCross: autoDraw = False
145.1902 	DATA 	Keypress: n
145.2056 	EXP 	New trial (rep=0, index=24): {'sentenceID': 54, 'isConcordant': False, 'sentenceType': 'intransitive', 'isPlausible': False, 'sentenceContent': 'The table poured over the wine.'}
145.2226 	EXP 	sentence: autoDraw = False
145.2226 	EXP 	fixationCross: autoDraw = False
145.2226 	EXP 	sentence: text = 'The table poured over the wine.'
145.2226 	EXP 	fixationCross: autoDraw = True
146.2178 	EXP 	sentence: autoDraw = True
146.2344 	EXP 	fixationCross: autoDraw = False
148.0425 	EXP 	New trial (rep=0, index=25): {'sentenceID': 46, 'isConcordant': False, 'sentenceType': 'transitive', 'isPlausible': False, 'sentenceContent': 'The balloon burst the boy.'}
148.0570 	DATA 	Keypress: n
148.0595 	EXP 	sentence: autoDraw = False
148.0595 	EXP 	fixationCross: autoDraw = False
148.0595 	EXP 	sentence: text = 'The balloon burst the boy.'
148.0595 	EXP 	fixationCross: autoDraw = True
149.0539 	EXP 	sentence: autoDraw = True
149.0704 	EXP 	fixationCross: autoDraw = False
151.5561 	EXP 	sentence: autoDraw = False
152.4288 	DATA 	Keypress: y
152.4466 	EXP 	New trial (rep=0, index=26): {'sentenceID': 34, 'isConcordant': False, 'sentenceType': 'transitive', 'isPlausible': False, 'sentenceContent': 'Flowers grow his parents on their balcony.'}
152.4746 	EXP 	sentence: autoDraw = False
152.4746 	EXP 	fixationCross: autoDraw = False
152.4746 	EXP 	sentence: text = 'Flowers grow his parents on their balcony.'
152.4746 	EXP 	fixationCross: autoDraw = True
153.4752 	EXP 	sentence: autoDraw = True
153.4752 	EXP 	fixationCross: autoDraw = False
155.9771 	EXP 	sentence: autoDraw = False
156.5345 	EXP 	New trial (rep=0, index=27): {'sentenceID': 22, 'isConcordant': True, 'sentenceType': 'intransitive', 'isPlausible': False, 'sentenceContent': 'The street exploded in the bomb.'}
156.5543 	DATA 	Keypress: n
156.5571 	EXP 	sentence: autoDraw = False
156.5571 	EXP 	fixationCross: autoDraw = False
156.5571 	EXP 	sentence: text = 'The street exploded in the bomb.'
156.5571 	EXP 	fixationCross: autoDraw = True
157.5458 	EXP 	sentence: autoDraw = True
157.5625 	EXP 	fixationCross: autoDraw = False
159.3539 	EXP 	New trial (rep=0, index=28): {'sentenceID': 10, 'isConcordant': True, 'sentenceType': 'transitive', 'isPlausible': False, 'sentenceContent': 'The butter softened the heat.'}
159.3703 	DATA 	Keypress: n
159.3728 	EXP 	sentence: autoDraw = False
159.3728 	EXP 	fixationCross: autoDraw = False
159.3728 	EXP 	sentence: text = 'The butter softened the heat.'
159.3728 	EXP 	fixationCross: autoDraw = True
160.3652 	EXP 	sentence: autoDraw = True
160.3819 	EXP 	fixationCross: autoDraw = False
162.1727 	EXP 	New trial (rep=0, index=29): {'sentenceID': 7, 'isConcordant': True, 'sentenceType': 'transitive', 'isPlausible': True, 'sentenceContent': 'The baker dissolved the sugar.'}
162.1872 	DATA 	Keypress: y
162.1897 	EXP 	sentence: autoDraw = False
162.1897 	EXP 	fixationCross: autoDraw = False
162.1897 	EXP 	sentence: text = 'The baker dissolved the sugar.'
162.1897 	EXP 	fixationCross: autoDraw = True
163.1848 	EXP 	sentence: autoDraw = True
163.2014 	EXP 	fixationCross: autoDraw = False
164.3086 	EXP 	New trial (rep=0, index=30): {'sentenceID': 31, 'isConcordant': True, 'sentenceType': 'intransitive', 'isPlausible': True, 'sentenceContent': 'The soup boiled in the pot.'}
164.3227 	DATA 	Keypress: y
164.3252 	EXP 	sentence: autoDraw = False
164.3252 	EXP 	fixationCross: autoDraw = False
164.3252 	EXP 	sentence: text = 'The soup boiled in the pot.'
164.3252 	EXP 	fixationCross: autoDraw = True
165.3202 	EXP 	sentence: autoDraw = True
165.3367 	EXP 	fixationCross: autoDraw = False
167.0958 	DATA 	Keypress: y
167.1112 	EXP 	New trial (rep=0, index=31): {'sentenceID': 26, 'isConcordant': True, 'sentenceType': 'intransitive', 'isPlausible': False, 'sentenceContent': 'The wash shrank in the shirt.'}
167.1294 	EXP 	sentence: autoDraw = False
167.1294 	EXP 	fixationCross: autoDraw = False
167.1294 	EXP 	sentence: text = 'The wash shrank in the shirt.'
167.1294 	EXP 	fixationCross: autoDraw = True
168.1230 	EXP 	sentence: autoDraw = True
168.1396 	EXP 	fixationCross: autoDraw = False
169.3800 	EXP 	New trial (rep=0, index=32): {'sentenceID': 32, 'isConcordant': True, 'sentenceType': 'intransitive', 'isPlausible': False, 'sentenceContent': 'The cook boiled in the pot.'}
169.3944 	DATA 	Keypress: n
169.3970 	EXP 	sentence: autoDraw = False
169.3970 	EXP 	fixationCross: autoDraw = False
169.3970 	EXP 	sentence: text = 'The cook boiled in the pot.'
169.3970 	EXP 	fixationCross: autoDraw = True
170.3919 	EXP 	sentence: autoDraw = True
170.4086 	EXP 	fixationCross: autoDraw = False
171.8153 	EXP 	New trial (rep=0, index=33): {'sentenceID': 41, 'isConcordant': False, 'sentenceType': 'transitive', 'isPlausible': True, 'sentenceContent': 'The hot water shrank the shirt.'}
171.8282 	DATA 	Keypress: n
171.8307 	EXP 	sentence: autoDraw = False
171.8307 	EXP 	fixationCross: autoDraw = False
171.8307 	EXP 	sentence: text = 'The hot water shrank the shirt.'
171.8307 	EXP 	fixationCross: autoDraw = True
172.8273 	EXP 	sentence: autoDraw = True
172.8442 	EXP 	fixationCross: autoDraw = False
174.2524 	DATA 	Keypress: y
174.2666 	EXP 	New trial (rep=0, index=34): {'sentenceID': 27, 'isConcordant': True, 'sentenceType': 'intransitive', 'isPlausible': True, 'sentenceContent': 'The cake crumbled in my hands.'}
174.2803 	EXP 	sentence: autoDraw = False
174.2803 	EXP 	fixationCross: autoDraw = False
174.2803 	EXP 	sentence: text = 'The cake crumbled in my hands.'
174.2803 	EXP 	fixationCross: autoDraw = True
175.2803 	EXP 	sentence: autoDraw = True
175.2803 	EXP 	fixationCross: autoDraw = False
176.8039 	EXP 	New trial (rep=0, index=35): {'sentenceID': 29, 'isConcordant': True, 'sentenceType': 'intransitive', 'isPlausible': True, 'sentenceContent': 'The balloon burst behind the boy.'}
176.8198 	DATA 	Keypress: y
176.8224 	EXP 	sentence: autoDraw = False
176.8224 	EXP 	fixationCross: autoDraw = False
176.8224 	EXP 	sentence: text = 'The balloon burst behind the boy.'
176.8224 	EXP 	fixationCross: autoDraw = True
177.8161 	EXP 	sentence: autoDraw = True
177.8328 	EXP 	fixationCross: autoDraw = False
179.5246 	DATA 	Keypress: n
179.5397 	EXP 	New trial (rep=0, index=36): {'sentenceID': 14, 'isConcordant': True, 'sentenceType': 'transitive', 'isPlausible': False, 'sentenceContent': 'The store shut the assistant.'}
179.5519 	EXP 	sentence: autoDraw = False
179.5519 	EXP 	fixationCross: autoDraw = False
179.5519 	EXP 	sentence: text = 'The store shut the assistant.'
179.5519 	EXP 	fixationCross: autoDraw = True
180.5522 	EXP 	sentence: autoDraw = True
180.5522 	EXP 	fixationCross: autoDraw = False
182.1099 	EXP 	New trial (rep=0, index=37): {'sentenceID': 36, 'isConcordant': False, 'sentenceType': 'transitive', 'isPlausible': False, 'sentenceContent': 'The boat sank the waves.'}
182.1246 	DATA 	Keypress: n
182.1271 	EXP 	sentence: autoDraw = False
182.1271 	EXP 	fixationCross: autoDraw = False
182.1271 	EXP 	sentence: text = 'The boat sank the waves.'
182.1271 	EXP 	fixationCross: autoDraw = True
183.1046 	EXP 	sentence: autoDraw = True
183.1378 	EXP 	fixationCross: autoDraw = False
184.8461 	DATA 	Keypress: n
184.8621 	EXP 	New trial (rep=0, index=38): {'sentenceID': 28, 'isConcordant': True, 'sentenceType': 'intransitive', 'isPlausible': False, 'sentenceContent': 'My hands crumbled in the cake.'}
184.8841 	EXP 	sentence: autoDraw = False
184.8841 	EXP 	fixationCross: autoDraw = False
184.8841 	EXP 	sentence: text = 'My hands crumbled in the cake.'
184.8841 	EXP 	fixationCross: autoDraw = True
185.8740 	EXP 	sentence: autoDraw = True
185.8907 	EXP 	fixationCross: autoDraw = False
187.9850 	DATA 	Keypress: n
187.9977 	EXP 	New trial (rep=0, index=39): {'sentenceID': 51, 'isConcordant': False, 'sentenceType': 'intransitive', 'isPlausible': True, 'sentenceContent': 'The pipe clogged after the rain.'}
188.0115 	EXP 	sentence: autoDraw = False
188.0115 	EXP 	fixationCross: autoDraw = False
188.0115 	EXP 	sentence: text = 'The pipe clogged after the rain.'
188.0115 	EXP 	fixationCross: autoDraw = True
189.0104 	EXP 	sentence: autoDraw = True
189.0272 	EXP 	fixationCross: autoDraw = False
191.3687 	EXP 	New trial (rep=0, index=40): {'sentenceID': 12, 'isConcordant': True, 'sentenceType': 'transitive', 'isPlausible': False, 'sentenceContent': 'The soup heated the cook.'}
191.3832 	DATA 	Keypress: y
191.3856 	EXP 	sentence: autoDraw = False
191.3856 	EXP 	fixationCross: autoDraw = False
191.3856 	EXP 	sentence: text = 'The soup heated the cook.'
191.3856 	EXP 	fixationCross: autoDraw = True
192.3803 	EXP 	sentence: autoDraw = True
192.3970 	EXP 	fixationCross: autoDraw = False
193.9903 	DATA 	Keypress: n
194.0052 	EXP 	New trial (rep=0, index=41): {'sentenceID': 18, 'isConcordant': True, 'sentenceType': 'intransitive', 'isPlausible': False, 'sentenceContent': 'The clusters grew in the flowers.'}
194.0242 	EXP 	sentence: autoDraw = False
194.0242 	EXP 	fixationCross: autoDraw = False
194.0242 	EXP 	sentence: text = 'The clusters grew in the flowers.'
194.0242 	EXP 	fixationCross: autoDraw = True
195.0165 	EXP 	sentence: autoDraw = True
195.0332 	EXP 	fixationCross: autoDraw = False
197.1747 	EXP 	New trial (rep=0, index=42): {'sentenceID': 40, 'isConcordant': False, 'sentenceType': 'transitive', 'isPlausible': False, 'sentenceContent': 'The sand hardened the sun.'}
197.1916 	DATA 	Keypress: n
197.1941 	EXP 	sentence: autoDraw = False
197.1941 	EXP 	fixationCross: autoDraw = False
197.1941 	EXP 	sentence: text = 'The sand hardened the sun.'
197.1941 	EXP 	fixationCross: autoDraw = True
198.1865 	EXP 	sentence: autoDraw = True
198.2029 	EXP 	fixationCross: autoDraw = False
200.4449 	EXP 	New trial (rep=0, index=43): {'sentenceID': 13, 'isConcordant': True, 'sentenceType': 'transitive', 'isPlausible': True, 'sentenceContent': 'The assistant shut the store.'}
200.4615 	DATA 	Keypress: n
200.4639 	EXP 	sentence: autoDraw = False
200.4639 	EXP 	fixationCross: autoDraw = False
200.4639 	EXP 	sentence: text = 'The assistant shut the store.'
200.4639 	EXP 	fixationCross: autoDraw = True
201.4561 	EXP 	sentence: autoDraw = True
201.4727 	EXP 	fixationCross: autoDraw = False
202.9813 	DATA 	Keypress: y
202.9969 	EXP 	New trial (rep=0, index=44): {'sentenceID': 3, 'isConcordant': True, 'sentenceType': 'transitive', 'isPlausible': True, 'sentenceContent': 'The leaves clogged the pipe.'}
203.0133 	EXP 	sentence: autoDraw = False
203.0133 	EXP 	fixationCross: autoDraw = False
203.0133 	EXP 	sentence: text = 'The leaves clogged the pipe.'
203.0133 	EXP 	fixationCross: autoDraw = True
204.0087 	EXP 	sentence: autoDraw = True
204.0254 	EXP 	fixationCross: autoDraw = False
205.6687 	DATA 	Keypress: y
205.6833 	EXP 	New trial (rep=0, index=45): {'sentenceID': 53, 'isConcordant': False, 'sentenceType': 'intransitive', 'isPlausible': True, 'sentenceContent': 'The wine poured over the table.'}
205.7004 	EXP 	sentence: autoDraw = False
205.7004 	EXP 	fixationCross: autoDraw = False
205.7004 	EXP 	sentence: text = 'The wine poured over the table.'
205.7004 	EXP 	fixationCross: autoDraw = True
206.6782 	EXP 	sentence: autoDraw = True
206.7115 	EXP 	fixationCross: autoDraw = False
208.4523 	EXP 	New trial (rep=0, index=46): {'sentenceID': 2, 'isConcordant': True, 'sentenceType': 'transitive', 'isPlausible': False, 'sentenceContent': 'The box opened the teacher.'}
208.4678 	DATA 	Keypress: n
208.4702 	EXP 	sentence: autoDraw = False
208.4702 	EXP 	fixationCross: autoDraw = False
208.4702 	EXP 	sentence: text = 'The box opened the teacher.'
208.4702 	EXP 	fixationCross: autoDraw = True
209.4476 	EXP 	sentence: autoDraw = True
209.4808 	EXP 	fixationCross: autoDraw = False
211.4049 	EXP 	New trial (rep=0, index=47): {'sentenceID': 30, 'isConcordant': True, 'sentenceType': 'intransitive', 'isPlausible': False, 'sentenceContent': 'The boy burst behind the balloon.'}
211.4155 	DATA 	Keypress: n
211.4180 	EXP 	sentence: autoDraw = False
211.4180 	EXP 	fixationCross: autoDraw = False
211.4180 	EXP 	sentence: text = 'The boy burst behind the balloon.'
211.4180 	EXP 	fixationCross: autoDraw = True
212.4172 	EXP 	sentence: autoDraw = True
212.4340 	EXP 	fixationCross: autoDraw = False
213.9414 	EXP 	New trial (rep=0, index=48): {'sentenceID': 20, 'isConcordant': True, 'sentenceType': 'intransitive', 'isPlausible': False, 'sentenceContent': 'The storm sank in the boat.'}
213.9573 	DATA 	Keypress: n
213.9598 	EXP 	sentence: autoDraw = False
213.9598 	EXP 	fixationCross: autoDraw = False
213.9598 	EXP 	sentence: text = 'The storm sank in the boat.'
213.9598 	EXP 	fixationCross: autoDraw = True
214.9363 	EXP 	sentence: autoDraw = True
214.9696 	EXP 	fixationCross: autoDraw = False
217.1780 	EXP 	New trial (rep=0, index=49): {'sentenceID': 33, 'isConcordant': False, 'sentenceType': 'transitive', 'isPlausible': True, 'sentenceContent': 'His parents grow flowers on their balcony.'}
217.1976 	DATA 	Keypress: n
217.2003 	EXP 	sentence: autoDraw = False
217.2003 	EXP 	fixationCross: autoDraw = False
217.2003 	EXP 	sentence: text = 'His parents grow flowers on their balcony.'
217.2003 	EXP 	fixationCross: autoDraw = True
218.1897 	EXP 	sentence: autoDraw = True
218.2064 	EXP 	fixationCross: autoDraw = False
219.9989 	DATA 	Keypress: y
220.0143 	EXP 	New trial (rep=0, index=50): {'sentenceID': 45, 'isConcordant': False, 'sentenceType': 'transitive', 'isPlausible': True, 'sentenceContent': 'The boy burst the balloon.'}
220.0304 	EXP 	sentence: autoDraw = False
220.0304 	EXP 	fixationCross: autoDraw = False
220.0304 	EXP 	sentence: text = 'The boy burst the balloon.'
220.0304 	EXP 	fixationCross: autoDraw = True
221.0257 	EXP 	sentence: autoDraw = True
221.0425 	EXP 	fixationCross: autoDraw = False
223.5279 	EXP 	sentence: autoDraw = False
225.0169 	EXP 	New trial (rep=0, index=51): {'sentenceID': 49, 'isConcordant': False, 'sentenceType': 'intransitive', 'isPlausible': True, 'sentenceContent': 'The box opened after a short while.'}
225.0372 	EXP 	sentence: autoDraw = False
225.0372 	EXP 	fixationCross: autoDraw = False
225.0372 	EXP 	sentence: text = 'The box opened after a short while.'
225.0372 	EXP 	fixationCross: autoDraw = True
226.0307 	EXP 	sentence: autoDraw = True
226.0474 	EXP 	fixationCross: autoDraw = False
228.1713 	EXP 	New trial (rep=0, index=52): {'sentenceID': 21, 'isConcordant': True, 'sentenceType': 'intransitive', 'isPlausible': True, 'sentenceContent': 'The bomb exploded in the street.'}
228.1821 	DATA 	Keypress: y
228.1846 	EXP 	sentence: autoDraw = False
228.1846 	EXP 	fixationCross: autoDraw = False
228.1846 	EXP 	sentence: text = 'The bomb exploded in the street.'
228.1846 	EXP 	fixationCross: autoDraw = True
229.1839 	EXP 	sentence: autoDraw = True
229.1839 	EXP 	fixationCross: autoDraw = False
230.5597 	DATA 	Keypress: y
230.5750 	EXP 	New trial (rep=0, index=53): {'sentenceID': 57, 'isConcordant': False, 'sentenceType': 'intransitive', 'isPlausible': True, 'sentenceContent': 'The butter softened in the heat.'}
230.5920 	EXP 	sentence: autoDraw = False
230.5920 	EXP 	fixationCross: autoDraw = False
230.5920 	EXP 	sentence: text = 'The butter softened in the heat.'
230.5920 	EXP 	fixationCross: autoDraw = True
231.5697 	EXP 	sentence: autoDraw = True
231.6030 	EXP 	fixationCross: autoDraw = False
233.2104 	EXP 	New trial (rep=0, index=54): {'sentenceID': 58, 'isConcordant': False, 'sentenceType': 'intransitive', 'isPlausible': False, 'sentenceContent': 'The heat softened the butter.'}
233.2248 	DATA 	Keypress: y
233.2274 	EXP 	sentence: autoDraw = False
233.2274 	EXP 	fixationCross: autoDraw = False
233.2274 	EXP 	sentence: text = 'The heat softened the butter.'
233.2274 	EXP 	fixationCross: autoDraw = True
234.2056 	EXP 	sentence: autoDraw = True
234.2389 	EXP 	fixationCross: autoDraw = False
236.4796 	EXP 	New trial (rep=0, index=55): {'sentenceID': 4, 'isConcordant': True, 'sentenceType': 'transitive', 'isPlausible': False, 'sentenceContent': 'The pipe clogged the leaves.'}
236.4932 	DATA 	Keypress: y
236.4962 	EXP 	sentence: autoDraw = False
236.4962 	EXP 	fixationCross: autoDraw = False
236.4962 	EXP 	sentence: text = 'The pipe clogged the leaves.'
236.4962 	EXP 	fixationCross: autoDraw = True
237.4921 	EXP 	sentence: autoDraw = True
237.5086 	EXP 	fixationCross: autoDraw = False
239.2319 	EXP 	New trial (rep=0, index=56): {'sentenceID': 47, 'isConcordant': False, 'sentenceType': 'transitive', 'isPlausible': True, 'sentenceContent': 'The cook boiled the soup.'}
239.2447 	DATA 	Keypress: n
239.2477 	EXP 	sentence: autoDraw = False
239.2477 	EXP 	fixationCross: autoDraw = False
239.2477 	EXP 	sentence: text = 'The cook boiled the soup.'
239.2477 	EXP 	fixationCross: autoDraw = True
240.2448 	EXP 	sentence: autoDraw = True
240.2616 	EXP 	fixationCross: autoDraw = False
241.8188 	EXP 	New trial (rep=0, index=57): {'sentenceID': 8, 'isConcordant': True, 'sentenceType': 'transitive', 'isPlausible': False, 'sentenceContent': 'The sugar dissolved the baker.'}
241.8333 	DATA 	Keypress: y
241.8358 	EXP 	sentence: autoDraw = False
241.8358 	EXP 	fixationCross: autoDraw = False
241.8358 	EXP 	sentence: text = 'The sugar dissolved the baker.'
241.8358 	EXP 	fixationCross: autoDraw = True
242.8309 	EXP 	sentence: autoDraw = True
242.8475 	EXP 	fixationCross: autoDraw = False
244.9579 	DATA 	Keypress: y
244.9724 	EXP 	New trial (rep=0, index=58): {'sentenceID': 59, 'isConcordant': False, 'sentenceType': 'intransitive', 'isPlausible': True, 'sentenceContent': 'The soup heated in the pot.'}
244.9899 	EXP 	sentence: autoDraw = False
244.9899 	EXP 	fixationCross: autoDraw = False
244.9899 	EXP 	sentence: text = 'The soup heated in the pot.'
244.9899 	EXP 	fixationCross: autoDraw = True
245.9840 	EXP 	sentence: autoDraw = True
246.0007 	EXP 	fixationCross: autoDraw = False
247.4744 	EXP 	New trial (rep=0, index=59): {'sentenceID': 43, 'isConcordant': False, 'sentenceType': 'transitive', 'isPlausible': True, 'sentenceContent': 'The cook crumbled the cake.'}
247.4872 	DATA 	Keypress: y
247.4897 	EXP 	sentence: autoDraw = False
247.4897 	EXP 	fixationCross: autoDraw = False
247.4897 	EXP 	sentence: text = 'The cook crumbled the cake.'
247.4897 	EXP 	fixationCross: autoDraw = True
248.4863 	EXP 	sentence: autoDraw = True
248.5031 	EXP 	fixationCross: autoDraw = False
250.1610 	EXP 	New trial (rep=0, index=60): {'sentenceID': 42, 'isConcordant': False, 'sentenceType': 'transitive', 'isPlausible': False, 'sentenceContent': 'The shirt shrank the hot water.'}
250.1780 	DATA 	Keypress: y
250.1806 	EXP 	sentence: autoDraw = False
250.1806 	EXP 	fixationCross: autoDraw = False
250.1806 	EXP 	sentence: text = 'The shirt shrank the hot water.'
250.1806 	EXP 	fixationCross: autoDraw = True
251.1726 	EXP 	sentence: autoDraw = True
251.1892 	EXP 	fixationCross: autoDraw = False
252.8796 	EXP 	New trial (rep=0, index=61): {'sentenceID': 25, 'isConcordant': True, 'sentenceType': 'intransitive', 'isPlausible': True, 'sentenceContent': 'The shirt shrank in the wash.'}
252.8938 	DATA 	Keypress: y
252.8963 	EXP 	sentence: autoDraw = False
252.8963 	EXP 	fixationCross: autoDraw = False
252.8963 	EXP 	sentence: text = 'The shirt shrank in the wash.'
252.8963 	EXP 	fixationCross: autoDraw = True
253.8919 	EXP 	sentence: autoDraw = True
253.9084 	EXP 	fixationCross: autoDraw = False
255.8663 	EXP 	New trial (rep=0, index=62): {'sentenceID': 16, 'isConcordant': True, 'sentenceType': 'transitive', 'isPlausible': False, 'sentenceContent': 'The sweater tore the girl.'}
255.8778 	DATA 	Keypress: y
255.8803 	EXP 	sentence: autoDraw = False
255.8803 	EXP 	fixationCross: autoDraw = False
255.8803 	EXP 	sentence: text = 'The sweater tore the girl.'
255.8803 	EXP 	fixationCross: autoDraw = True
256.8781 	EXP 	sentence: autoDraw = True
256.8948 	EXP 	fixationCross: autoDraw = False
258.2186 	EXP 	New trial (rep=0, index=63): {'sentenceID': 23, 'isConcordant': True, 'sentenceType': 'intransitive', 'isPlausible': True, 'sentenceContent': 'The concrete hardened in the sun.'}
258.2330 	DATA 	Keypress: n
258.2355 	EXP 	sentence: autoDraw = False
258.2355 	EXP 	fixationCross: autoDraw = False
258.2355 	EXP 	sentence: text = 'The concrete hardened in the sun.'
258.2355 	EXP 	fixationCross: autoDraw = True
259.2307 	EXP 	sentence: autoDraw = True
259.2474 	EXP 	fixationCross: autoDraw = False
261.3614 	DATA 	Keypress: y
261.3664 	EXP 	sentence: autoDraw = False
261.3664 	EXP 	fixationCross: autoDraw = False
261.3664 	EXP 	debriefText: autoDraw = True
264.2239 	DATA 	Keypress: y
264.6078 	DATA 	Keypress: y
264.7910 	DATA 	Keypress: y
268.3727 	EXP 	debriefText: autoDraw = False
268.3727 	EXP 	debriefText: autoDraw = False
268.5620 	EXP 	window1: mouseVisible = True
