2.4658 	WARNING 	We strongly recommend you activate the PTB sound engine in PsychoPy prefs as the preferred audio engine. Its timing is vastly superior. Your prefs are currently set to use ['sounddevice', 'PTB', 'pyo', 'pygame'] (in that order).
9.0088 	WARNING 	User requested fullscreen with size [1024  768], but screen is actually [1920, 1080]. Using actual size
12.2172 	EXP 	Created window1 = Window(allowGUI=False, allowStencil=False, autoLog=True, backendConf=UNKNOWN, bitsMode=UNKNOWN, blendMode='avg', bpc=(8, 8, 8), color=array([0, 0, 0]), colorSpace='rgb', depthBits=8, fullscr=<method-wrapper '__getattribute__' of attributeSetter object at 0x000001FA9FD6AD68>, gamma=None, gammaErrorPolicy='raise', lms=UNKNOWN, monitor=<psychopy.monitors.calibTools.Monitor object at 0x000001FA9FDC1208>, multiSample=False, name='window1', numSamples=2, pos=[0.0, 0.0], screen=0, size=array([1920, 1080]), stencilBits=0, stereo=False, units='height', useFBO=True, useRetina=False, viewOri=0.0, viewPos=None, viewScale=None, waitBlanking=True, winType='pyglet')
12.2178 	EXP 	window1: mouseVisible = True
12.2179 	EXP 	window1: recordFrameIntervals = False
12.3820 	EXP 	window1: recordFrameIntervals = True
12.5659 	EXP 	window1: recordFrameIntervals = False
13.2449 	EXP 	Created instr = ImageStim(__class__=<class 'psychopy.visual.image.ImageStim'>, autoLog=True, color=array([1., 1., 1.]), colorSpace='rgb', contrast=1.0, depth=0.0, flipHoriz=False, flipVert=False, image='instuctions.png', interpolate=True, mask=None, maskParams=None, name='instr', opacity=1, ori=0.0, pos=array([0., 0.]), size=array([0.5, 0.5]), texRes=128.0, units='height', win=Window(...))
13.4777 	EXP 	Created isNative = TextStim(__class__=<class 'psychopy.visual.text.TextStim'>, alignHoriz=method-wrapper(...), alignText='center', alignVert=method-wrapper(...), anchorHoriz='center', anchorVert='center', antialias=True, autoLog=True, bold=False, color=array([1., 1., 1.]), colorSpace='rgb', contrast=1.0, depth=0.0, flipHoriz=False, flipVert=False, font='Open Sans', fontFiles=[], height=0.1, italic=False, languageStyle='LTR', name='isNative', opacity=1, ori=0.0, pos=array([0., 0.]), rgb=UNKNOWN, text=str(...), units='height', win=Window(...), wrapWidth=1)
13.5201 	EXP 	Created hasReadProb = TextStim(__class__=<class 'psychopy.visual.text.TextStim'>, alignHoriz=method-wrapper(...), alignText='center', alignVert=method-wrapper(...), anchorHoriz='center', anchorVert='center', antialias=True, autoLog=True, bold=False, color=array([1., 1., 1.]), colorSpace='rgb', contrast=1.0, depth=0.0, flipHoriz=False, flipVert=False, font='Open Sans', fontFiles=[], height=0.1, italic=False, languageStyle='LTR', name='hasReadProb', opacity=1, ori=0.0, pos=array([0., 0.]), rgb=UNKNOWN, text=str(...), units='height', win=Window(...), wrapWidth=1)
13.5498 	EXP 	Created text = TextStim(__class__=<class 'psychopy.visual.text.TextStim'>, alignHoriz=method-wrapper(...), alignText='center', alignVert=method-wrapper(...), anchorHoriz='center', anchorVert='center', antialias=True, autoLog=True, bold=False, color=array([1., 1., 1.]), colorSpace='rgb', contrast=1.0, depth=0.0, flipHoriz=False, flipVert=False, font='Open Sans', fontFiles=[], height=0.1, italic=False, languageStyle='LTR', name='text', opacity=1, ori=0.0, pos=array([0., 0.]), rgb=UNKNOWN, text=str(...), units='height', win=Window(...), wrapWidth=1)
13.5542 	EXP 	Created text_2 = TextStim(__class__=<class 'psychopy.visual.text.TextStim'>, alignHoriz=method-wrapper(...), alignText='center', alignVert=method-wrapper(...), anchorHoriz='center', anchorVert='center', antialias=True, autoLog=True, bold=False, color=array([1., 1., 1.]), colorSpace='rgb', contrast=1.0, depth=-1.0, flipHoriz=False, flipVert=False, font='Open Sans', fontFiles=[], height=0.1, italic=False, languageStyle='LTR', name='text_2', opacity=1, ori=0.0, pos=array([0., 0.]), rgb=UNKNOWN, text='', units='height', win=Window(...), wrapWidth=1)
13.5683 	EXP 	Created practice1Cross = TextStim(__class__=<class 'psychopy.visual.text.TextStim'>, alignHoriz=method-wrapper(...), alignText='center', alignVert=method-wrapper(...), anchorHoriz='center', anchorVert='center', antialias=True, autoLog=True, bold=False, color=array([1., 1., 1.]), colorSpace='rgb', contrast=1.0, depth=0.0, flipHoriz=False, flipVert=False, font='Open Sans', fontFiles=[], height=0.1, italic=False, languageStyle='LTR', name='practice1Cross', opacity=1, ori=0.0, pos=array([0., 0.]), rgb=UNKNOWN, text='+', units='height', win=Window(...), wrapWidth=1)
13.5930 	EXP 	Created practice1Text = TextStim(__class__=<class 'psychopy.visual.text.TextStim'>, alignHoriz=method-wrapper(...), alignText='center', alignVert=method-wrapper(...), anchorHoriz='center', anchorVert='center', antialias=True, autoLog=True, bold=False, color=array([1., 1., 1.]), colorSpace='rgb', contrast=1.0, depth=-1.0, flipHoriz=False, flipVert=False, font='Open Sans', fontFiles=[], height=0.1, italic=False, languageStyle='LTR', name='practice1Text', opacity=1, ori=0.0, pos=array([0., 0.]), rgb=UNKNOWN, text='The driver crashed the car.', units='height', win=Window(...), wrapWidth=1)
13.5974 	EXP 	Created feedback1Text = TextStim(__class__=<class 'psychopy.visual.text.TextStim'>, alignHoriz=method-wrapper(...), alignText='center', alignVert=method-wrapper(...), anchorHoriz='center', anchorVert='center', antialias=True, autoLog=True, bold=False, color=array([1., 1., 1.]), colorSpace='rgb', contrast=1.0, depth=0.0, flipHoriz=False, flipVert=False, font='Open Sans', fontFiles=[], height=0.1, italic=False, languageStyle='LTR', name='feedback1Text', opacity=1, ori=0.0, pos=array([0., 0.]), rgb=UNKNOWN, text='', units='height', win=Window(...), wrapWidth=1)
13.6023 	EXP 	Created feedback1Blank = TextStim(__class__=<class 'psychopy.visual.text.TextStim'>, alignHoriz=method-wrapper(...), alignText='center', alignVert=method-wrapper(...), anchorHoriz='center', anchorVert='center', antialias=True, autoLog=True, bold=False, color=array([1., 1., 1.]), colorSpace='rgb', contrast=1.0, depth=-1.0, flipHoriz=False, flipVert=False, font='Open Sans', fontFiles=[], height=0.1, italic=False, languageStyle='LTR', name='feedback1Blank', opacity=1, ori=0.0, pos=array([0., 0.]), rgb=UNKNOWN, text='', units='height', win=Window(...), wrapWidth=1)
13.6079 	EXP 	Created practice2Cross = TextStim(__class__=<class 'psychopy.visual.text.TextStim'>, alignHoriz=method-wrapper(...), alignText='center', alignVert=method-wrapper(...), anchorHoriz='center', anchorVert='center', antialias=True, autoLog=True, bold=False, color=array([1., 1., 1.]), colorSpace='rgb', contrast=1.0, depth=0.0, flipHoriz=False, flipVert=False, font='Open Sans', fontFiles=[], height=0.1, italic=False, languageStyle='LTR', name='practice2Cross', opacity=1, ori=0.0, pos=array([0., 0.]), rgb=UNKNOWN, text='+', units='height', win=Window(...), wrapWidth=1)
13.6212 	EXP 	Created practice2Text = TextStim(__class__=<class 'psychopy.visual.text.TextStim'>, alignHoriz=method-wrapper(...), alignText='center', alignVert=method-wrapper(...), anchorHoriz='center', anchorVert='center', antialias=True, autoLog=True, bold=False, color=array([1., 1., 1.]), colorSpace='rgb', contrast=1.0, depth=-1.0, flipHoriz=False, flipVert=False, font='Open Sans', fontFiles=[], height=0.1, italic=False, languageStyle='LTR', name='practice2Text', opacity=1, ori=0.0, pos=array([0., 0.]), rgb=UNKNOWN, text='The car drives the airplane.', units='height', win=Window(...), wrapWidth=1)
13.6242 	EXP 	Created feedback2Text = TextStim(__class__=<class 'psychopy.visual.text.TextStim'>, alignHoriz=method-wrapper(...), alignText='center', alignVert=method-wrapper(...), anchorHoriz='center', anchorVert='center', antialias=True, autoLog=True, bold=False, color=array([1., 1., 1.]), colorSpace='rgb', contrast=1.0, depth=0.0, flipHoriz=False, flipVert=False, font='Open Sans', fontFiles=[], height=0.1, italic=False, languageStyle='LTR', name='feedback2Text', opacity=1, ori=0.0, pos=array([0., 0.]), rgb=UNKNOWN, text='', units='height', win=Window(...), wrapWidth=1)
13.6278 	EXP 	Created feedback2Blank = TextStim(__class__=<class 'psychopy.visual.text.TextStim'>, alignHoriz=method-wrapper(...), alignText='center', alignVert=method-wrapper(...), anchorHoriz='center', anchorVert='center', antialias=True, autoLog=True, bold=False, color=array([1., 1., 1.]), colorSpace='rgb', contrast=1.0, depth=-1.0, flipHoriz=False, flipVert=False, font='Open Sans', fontFiles=[], height=0.1, italic=False, languageStyle='LTR', name='feedback2Blank', opacity=1, ori=0.0, pos=array([0., 0.]), rgb=UNKNOWN, text='', units='height', win=Window(...), wrapWidth=1)
13.6315 	EXP 	Created sentence = TextStim(__class__=<class 'psychopy.visual.text.TextStim'>, alignHoriz=method-wrapper(...), alignText='center', alignVert=method-wrapper(...), anchorHoriz='center', anchorVert='center', antialias=True, autoLog=True, bold=False, color=array([1., 1., 1.]), colorSpace='rgb', contrast=1.0, depth=0.0, flipHoriz=False, flipVert=False, font='Open Sans', fontFiles=[], height=0.1, italic=False, languageStyle='LTR', name='sentence', opacity=1, ori=0.0, pos=array([0., 0.]), rgb=UNKNOWN, text='', units='height', win=Window(...), wrapWidth=1)
13.6375 	EXP 	Created fixationCross = TextStim(__class__=<class 'psychopy.visual.text.TextStim'>, alignHoriz=method-wrapper(...), alignText='center', alignVert=method-wrapper(...), anchorHoriz='center', anchorVert='center', antialias=True, autoLog=True, bold=False, color=array([1., 1., 1.]), colorSpace='rgb', contrast=1.0, depth=-1.0, flipHoriz=False, flipVert=False, font='Open Sans', fontFiles=[], height=0.1, italic=False, languageStyle='LTR', name='fixationCross', opacity=1, ori=0.0, pos=array([0., 0.]), rgb=UNKNOWN, text='+', units='height', win=Window(...), wrapWidth=1)
13.6686 	EXP 	Created debriefText = TextStim(__class__=<class 'psychopy.visual.text.TextStim'>, alignHoriz=method-wrapper(...), alignText='center', alignVert=method-wrapper(...), anchorHoriz='center', anchorVert='center', antialias=True, autoLog=True, bold=False, color=array([1., 1., 1.]), colorSpace='rgb', contrast=1.0, depth=0.0, flipHoriz=False, flipVert=False, font='Open Sans', fontFiles=[], height=0.1, italic=False, languageStyle='LTR', name='debriefText', opacity=1, ori=0.0, pos=array([0., 0.]), rgb=UNKNOWN, text=str(...), units='height', win=Window(...), wrapWidth=1)
13.7962 	EXP 	instr: autoDraw = True
44.3682 	DATA 	Keypress: y
44.3819 	EXP 	instr: autoDraw = False
44.3819 	EXP 	isNative: autoDraw = True
46.4626 	DATA 	Keypress: n
46.4879 	EXP 	isNative: autoDraw = False
46.4879 	EXP 	hasReadProb: autoDraw = True
47.2455 	DATA 	Keypress: n
47.2704 	EXP 	hasReadProb: autoDraw = False
47.2704 	EXP 	text: autoDraw = True
52.2498 	EXP 	text_2: autoDraw = True
52.2825 	EXP 	text: autoDraw = False
55.2634 	EXP 	text_2: autoDraw = False
55.2634 	EXP 	text: autoDraw = False
55.2634 	EXP 	text_2: autoDraw = False
55.2634 	EXP 	practice1Cross: autoDraw = True
56.2462 	EXP 	practice1Text: autoDraw = True
56.2627 	EXP 	practice1Cross: autoDraw = False
56.8550 	DATA 	Keypress: y
56.8588 	EXP 	practice1Cross: autoDraw = False
56.8588 	EXP 	practice1Text: autoDraw = False
56.8588 	EXP 	feedback1Text: text = "Your response was: 'yes'. Now let's try one more round."
56.8588 	EXP 	feedback1Text: autoDraw = True
61.8419 	EXP 	feedback1Blank: autoDraw = True
61.8579 	EXP 	feedback1Text: autoDraw = False
64.8555 	EXP 	feedback1Blank: autoDraw = False
64.8555 	EXP 	feedback1Text: autoDraw = False
64.8555 	EXP 	feedback1Blank: autoDraw = False
64.8555 	EXP 	practice2Cross: autoDraw = True
65.8384 	EXP 	practice2Text: autoDraw = True
65.8550 	EXP 	practice2Cross: autoDraw = False
66.4983 	DATA 	Keypress: y
66.5021 	EXP 	practice2Cross: autoDraw = False
66.5021 	EXP 	practice2Text: autoDraw = False
66.5021 	EXP 	feedback2Text: text = 'Your answer was incorrect. Please talk to Dan about the instructions.'
66.5021 	EXP 	feedback2Text: autoDraw = True
71.4842 	EXP 	feedback2Blank: autoDraw = True
71.5168 	EXP 	feedback2Text: autoDraw = False
74.5522 	EXP 	Imported stimuliFiltered.xlsx as conditions, 64 conditions, 5 params
74.5549 	EXP 	Created sequence: random, trialTypes=64, nReps=1, seed=None
74.5563 	EXP 	New trial (rep=0, index=0): {'sentenceID': 20, 'isConcordant': True, 'sentenceType': 'intransitive', 'isPlausible': False, 'sentenceContent': 'The storm sank in the boat.'}
74.5870 	EXP 	feedback2Blank: autoDraw = False
74.5870 	EXP 	feedback2Text: autoDraw = False
74.5870 	EXP 	feedback2Blank: autoDraw = False
74.5870 	EXP 	sentence: text = 'The storm sank in the boat.'
74.5870 	EXP 	fixationCross: autoDraw = True
75.5803 	EXP 	sentence: autoDraw = True
75.5969 	EXP 	fixationCross: autoDraw = False
78.0945 	EXP 	sentence: autoDraw = False
79.5817 	EXP 	New trial (rep=0, index=1): {'sentenceID': 49, 'isConcordant': False, 'sentenceType': 'intransitive', 'isPlausible': True, 'sentenceContent': 'The box opened after a short while.'}
79.6085 	EXP 	sentence: autoDraw = False
79.6085 	EXP 	fixationCross: autoDraw = False
79.6085 	EXP 	sentence: text = 'The box opened after a short while.'
79.6085 	EXP 	fixationCross: autoDraw = True
80.5931 	EXP 	sentence: autoDraw = True
80.6097 	EXP 	fixationCross: autoDraw = False
83.1071 	EXP 	sentence: autoDraw = False
84.5933 	EXP 	New trial (rep=0, index=2): {'sentenceID': 5, 'isConcordant': True, 'sentenceType': 'transitive', 'isPlausible': True, 'sentenceContent': 'The waiter poured the wine.'}
84.6154 	EXP 	sentence: autoDraw = False
84.6154 	EXP 	fixationCross: autoDraw = False
84.6154 	EXP 	sentence: text = 'The waiter poured the wine.'
84.6154 	EXP 	fixationCross: autoDraw = True
85.6054 	EXP 	sentence: autoDraw = True
85.6220 	EXP 	fixationCross: autoDraw = False
86.6121 	DATA 	Keypress: escape
87.0088 	EXP 	window1: mouseVisible = True
