1.4371 	WARNING 	We strongly recommend you activate the PTB sound engine in PsychoPy prefs as the preferred audio engine. Its timing is vastly superior. Your prefs are currently set to use ['sounddevice', 'PTB', 'pyo', 'pygame'] (in that order).
6.1633 	WARNING 	User requested fullscreen with size [1024  768], but screen is actually [1920, 1080]. Using actual size
8.4948 	EXP 	Created window1 = Window(allowGUI=False, allowStencil=False, autoLog=True, backendConf=UNKNOWN, bitsMode=UNKNOWN, blendMode='avg', bpc=(8, 8, 8), color=array([0, 0, 0]), colorSpace='rgb', depthBits=8, fullscr=<method-wrapper '__getattribute__' of attributeSetter object at 0x000001B2F3F0CBA8>, gamma=None, gammaErrorPolicy='raise', lms=UNKNOWN, monitor=<psychopy.monitors.calibTools.Monitor object at 0x000001B2F3F61048>, multiSample=False, name='window1', numSamples=2, pos=[0.0, 0.0], screen=0, size=array([1920, 1080]), stencilBits=0, stereo=False, units='height', useFBO=True, useRetina=False, viewOri=0.0, viewPos=None, viewScale=None, waitBlanking=True, winType='pyglet')
8.4953 	EXP 	window1: mouseVisible = True
8.4954 	EXP 	window1: recordFrameIntervals = False
8.6605 	EXP 	window1: recordFrameIntervals = True
8.8439 	EXP 	window1: recordFrameIntervals = False
9.5273 	EXP 	Created instr = ImageStim(__class__=<class 'psychopy.visual.image.ImageStim'>, autoLog=True, color=array([1., 1., 1.]), colorSpace='rgb', contrast=1.0, depth=0.0, flipHoriz=False, flipVert=False, image='instuctions.png', interpolate=True, mask=None, maskParams=None, name='instr', opacity=1, ori=0.0, pos=array([0., 0.]), size=array([0.5, 0.5]), texRes=128.0, units='height', win=Window(...))
9.6776 	EXP 	Created isNative = TextStim(__class__=<class 'psychopy.visual.text.TextStim'>, alignHoriz=method-wrapper(...), alignText='center', alignVert=method-wrapper(...), anchorHoriz='center', anchorVert='center', antialias=True, autoLog=True, bold=False, color=array([1., 1., 1.]), colorSpace='rgb', contrast=1.0, depth=0.0, flipHoriz=False, flipVert=False, font='Open Sans', fontFiles=[], height=0.1, italic=False, languageStyle='LTR', name='isNative', opacity=1, ori=0.0, pos=array([0., 0.]), rgb=UNKNOWN, text=str(...), units='height', win=Window(...), wrapWidth=1)
9.6925 	EXP 	Created text = TextStim(__class__=<class 'psychopy.visual.text.TextStim'>, alignHoriz=method-wrapper(...), alignText='center', alignVert=method-wrapper(...), anchorHoriz='center', anchorVert='center', antialias=True, autoLog=True, bold=False, color=array([1., 1., 1.]), colorSpace='rgb', contrast=1.0, depth=0.0, flipHoriz=False, flipVert=False, font='Open Sans', fontFiles=[], height=0.1, italic=False, languageStyle='LTR', name='text', opacity=1, ori=0.0, pos=array([0., 0.]), rgb=UNKNOWN, text=str(...), units='height', win=Window(...), wrapWidth=1)
9.6950 	EXP 	Created text_2 = TextStim(__class__=<class 'psychopy.visual.text.TextStim'>, alignHoriz=method-wrapper(...), alignText='center', alignVert=method-wrapper(...), anchorHoriz='center', anchorVert='center', antialias=True, autoLog=True, bold=False, color=array([1., 1., 1.]), colorSpace='rgb', contrast=1.0, depth=-1.0, flipHoriz=False, flipVert=False, font='Open Sans', fontFiles=[], height=0.1, italic=False, languageStyle='LTR', name='text_2', opacity=1, ori=0.0, pos=array([0., 0.]), rgb=UNKNOWN, text='', units='height', win=Window(...), wrapWidth=1)
9.7009 	EXP 	Created practice1Cross = TextStim(__class__=<class 'psychopy.visual.text.TextStim'>, alignHoriz=method-wrapper(...), alignText='center', alignVert=method-wrapper(...), anchorHoriz='center', anchorVert='center', antialias=True, autoLog=True, bold=False, color=array([1., 1., 1.]), colorSpace='rgb', contrast=1.0, depth=0.0, flipHoriz=False, flipVert=False, font='Open Sans', fontFiles=[], height=0.1, italic=False, languageStyle='LTR', name='practice1Cross', opacity=1, ori=0.0, pos=array([0., 0.]), rgb=UNKNOWN, text='+', units='height', win=Window(...), wrapWidth=1)
9.7109 	EXP 	Created practice1Text = TextStim(__class__=<class 'psychopy.visual.text.TextStim'>, alignHoriz=method-wrapper(...), alignText='center', alignVert=method-wrapper(...), anchorHoriz='center', anchorVert='center', antialias=True, autoLog=True, bold=False, color=array([1., 1., 1.]), colorSpace='rgb', contrast=1.0, depth=-1.0, flipHoriz=False, flipVert=False, font='Open Sans', fontFiles=[], height=0.1, italic=False, languageStyle='LTR', name='practice1Text', opacity=1, ori=0.0, pos=array([0., 0.]), rgb=UNKNOWN, text='The driver crashed the car.', units='height', win=Window(...), wrapWidth=1)
9.7130 	EXP 	Created feedback1Text = TextStim(__class__=<class 'psychopy.visual.text.TextStim'>, alignHoriz=method-wrapper(...), alignText='center', alignVert=method-wrapper(...), anchorHoriz='center', anchorVert='center', antialias=True, autoLog=True, bold=False, color=array([1., 1., 1.]), colorSpace='rgb', contrast=1.0, depth=0.0, flipHoriz=False, flipVert=False, font='Open Sans', fontFiles=[], height=0.1, italic=False, languageStyle='LTR', name='feedback1Text', opacity=1, ori=0.0, pos=array([0., 0.]), rgb=UNKNOWN, text='', units='height', win=Window(...), wrapWidth=1)
9.7152 	EXP 	Created feedback1Blank = TextStim(__class__=<class 'psychopy.visual.text.TextStim'>, alignHoriz=method-wrapper(...), alignText='center', alignVert=method-wrapper(...), anchorHoriz='center', anchorVert='center', antialias=True, autoLog=True, bold=False, color=array([1., 1., 1.]), colorSpace='rgb', contrast=1.0, depth=-1.0, flipHoriz=False, flipVert=False, font='Open Sans', fontFiles=[], height=0.1, italic=False, languageStyle='LTR', name='feedback1Blank', opacity=1, ori=0.0, pos=array([0., 0.]), rgb=UNKNOWN, text='', units='height', win=Window(...), wrapWidth=1)
9.7189 	EXP 	Created practice2Cross = TextStim(__class__=<class 'psychopy.visual.text.TextStim'>, alignHoriz=method-wrapper(...), alignText='center', alignVert=method-wrapper(...), anchorHoriz='center', anchorVert='center', antialias=True, autoLog=True, bold=False, color=array([1., 1., 1.]), colorSpace='rgb', contrast=1.0, depth=0.0, flipHoriz=False, flipVert=False, font='Open Sans', fontFiles=[], height=0.1, italic=False, languageStyle='LTR', name='practice2Cross', opacity=1, ori=0.0, pos=array([0., 0.]), rgb=UNKNOWN, text='+', units='height', win=Window(...), wrapWidth=1)
9.7277 	EXP 	Created practice2Text = TextStim(__class__=<class 'psychopy.visual.text.TextStim'>, alignHoriz=method-wrapper(...), alignText='center', alignVert=method-wrapper(...), anchorHoriz='center', anchorVert='center', antialias=True, autoLog=True, bold=False, color=array([1., 1., 1.]), colorSpace='rgb', contrast=1.0, depth=-1.0, flipHoriz=False, flipVert=False, font='Open Sans', fontFiles=[], height=0.1, italic=False, languageStyle='LTR', name='practice2Text', opacity=1, ori=0.0, pos=array([0., 0.]), rgb=UNKNOWN, text='The car drives the airplane.', units='height', win=Window(...), wrapWidth=1)
9.7295 	EXP 	Created feedback2Text = TextStim(__class__=<class 'psychopy.visual.text.TextStim'>, alignHoriz=method-wrapper(...), alignText='center', alignVert=method-wrapper(...), anchorHoriz='center', anchorVert='center', antialias=True, autoLog=True, bold=False, color=array([1., 1., 1.]), colorSpace='rgb', contrast=1.0, depth=0.0, flipHoriz=False, flipVert=False, font='Open Sans', fontFiles=[], height=0.1, italic=False, languageStyle='LTR', name='feedback2Text', opacity=1, ori=0.0, pos=array([0., 0.]), rgb=UNKNOWN, text='', units='height', win=Window(...), wrapWidth=1)
9.7313 	EXP 	Created feedback2Blank = TextStim(__class__=<class 'psychopy.visual.text.TextStim'>, alignHoriz=method-wrapper(...), alignText='center', alignVert=method-wrapper(...), anchorHoriz='center', anchorVert='center', antialias=True, autoLog=True, bold=False, color=array([1., 1., 1.]), colorSpace='rgb', contrast=1.0, depth=-1.0, flipHoriz=False, flipVert=False, font='Open Sans', fontFiles=[], height=0.1, italic=False, languageStyle='LTR', name='feedback2Blank', opacity=1, ori=0.0, pos=array([0., 0.]), rgb=UNKNOWN, text='', units='height', win=Window(...), wrapWidth=1)
9.7329 	EXP 	Created sentence = TextStim(__class__=<class 'psychopy.visual.text.TextStim'>, alignHoriz=method-wrapper(...), alignText='center', alignVert=method-wrapper(...), anchorHoriz='center', anchorVert='center', antialias=True, autoLog=True, bold=False, color=array([1., 1., 1.]), colorSpace='rgb', contrast=1.0, depth=0.0, flipHoriz=False, flipVert=False, font='Open Sans', fontFiles=[], height=0.1, italic=False, languageStyle='LTR', name='sentence', opacity=1, ori=0.0, pos=array([0., 0.]), rgb=UNKNOWN, text='', units='height', win=Window(...), wrapWidth=1)
9.7360 	EXP 	Created fixationCross = TextStim(__class__=<class 'psychopy.visual.text.TextStim'>, alignHoriz=method-wrapper(...), alignText='center', alignVert=method-wrapper(...), anchorHoriz='center', anchorVert='center', antialias=True, autoLog=True, bold=False, color=array([1., 1., 1.]), colorSpace='rgb', contrast=1.0, depth=-1.0, flipHoriz=False, flipVert=False, font='Open Sans', fontFiles=[], height=0.1, italic=False, languageStyle='LTR', name='fixationCross', opacity=1, ori=0.0, pos=array([0., 0.]), rgb=UNKNOWN, text='+', units='height', win=Window(...), wrapWidth=1)
9.7578 	EXP 	Created debriefText = TextStim(__class__=<class 'psychopy.visual.text.TextStim'>, alignHoriz=method-wrapper(...), alignText='center', alignVert=method-wrapper(...), anchorHoriz='center', anchorVert='center', antialias=True, autoLog=True, bold=False, color=array([1., 1., 1.]), colorSpace='rgb', contrast=1.0, depth=0.0, flipHoriz=False, flipVert=False, font='Open Sans', fontFiles=[], height=0.1, italic=False, languageStyle='LTR', name='debriefText', opacity=1, ori=0.0, pos=array([0., 0.]), rgb=UNKNOWN, text=str(...), units='height', win=Window(...), wrapWidth=1)
9.8184 	EXP 	instr: autoDraw = True
48.6807 	DATA 	Keypress: y
48.6920 	EXP 	instr: autoDraw = False
48.6920 	EXP 	isNative: autoDraw = True
52.3155 	DATA 	Keypress: y
52.3211 	EXP 	isNative: autoDraw = False
52.3211 	EXP 	text: autoDraw = True
57.3092 	EXP 	text_2: autoDraw = True
57.3255 	EXP 	text: autoDraw = False
60.3119 	EXP 	text_2: autoDraw = False
60.3119 	EXP 	text: autoDraw = False
60.3119 	EXP 	text_2: autoDraw = False
60.3119 	EXP 	practice1Cross: autoDraw = True
61.2966 	EXP 	practice1Text: autoDraw = True
61.3133 	EXP 	practice1Cross: autoDraw = False
63.6226 	DATA 	Keypress: y
63.6622 	EXP 	practice1Cross: autoDraw = False
63.6622 	EXP 	practice1Text: autoDraw = False
63.6622 	EXP 	feedback1Text: text = "Your response was: 'yes'. Now let's try one more round."
63.6622 	EXP 	feedback1Text: autoDraw = True
68.6542 	EXP 	feedback1Blank: autoDraw = True
68.6703 	EXP 	feedback1Text: autoDraw = False
71.6562 	EXP 	feedback1Blank: autoDraw = False
71.6562 	EXP 	feedback1Text: autoDraw = False
71.6562 	EXP 	feedback1Blank: autoDraw = False
71.6562 	EXP 	practice2Cross: autoDraw = True
72.6412 	EXP 	practice2Text: autoDraw = True
72.6578 	EXP 	practice2Cross: autoDraw = False
74.8697 	DATA 	Keypress: n
74.8735 	EXP 	practice2Cross: autoDraw = False
74.8735 	EXP 	practice2Text: autoDraw = False
74.8735 	EXP 	feedback2Text: text = "Your response was: 'no', which is correct. The experiment will begin now."
74.8735 	EXP 	feedback2Text: autoDraw = True
79.8656 	EXP 	feedback2Blank: autoDraw = True
79.8814 	EXP 	feedback2Text: autoDraw = False
82.8934 	EXP 	Imported stimuliFiltered.xlsx as conditions, 64 conditions, 5 params
82.8996 	EXP 	Created sequence: random, trialTypes=64, nReps=1, seed=None
82.9001 	EXP 	New trial (rep=0, index=0): {'sentenceID': 44, 'isConcordant': False, 'sentenceType': 'transitive', 'isPlausible': False, 'sentenceContent': 'The cake crumbled the cook.'}
82.9124 	EXP 	feedback2Blank: autoDraw = False
82.9124 	EXP 	feedback2Text: autoDraw = False
82.9124 	EXP 	feedback2Blank: autoDraw = False
82.9124 	EXP 	sentence: text = 'The cake crumbled the cook.'
82.9124 	EXP 	fixationCross: autoDraw = True
83.9023 	EXP 	sentence: autoDraw = True
83.9189 	EXP 	fixationCross: autoDraw = False
86.4046 	EXP 	sentence: autoDraw = False
87.1002 	EXP 	New trial (rep=0, index=1): {'sentenceID': 48, 'isConcordant': False, 'sentenceType': 'transitive', 'isPlausible': False, 'sentenceContent': 'The soup boiled the cook.'}
87.1177 	DATA 	Keypress: n
87.1202 	EXP 	sentence: autoDraw = False
87.1202 	EXP 	fixationCross: autoDraw = False
87.1202 	EXP 	sentence: text = 'The soup boiled the cook.'
87.1202 	EXP 	fixationCross: autoDraw = True
88.1067 	EXP 	sentence: autoDraw = True
88.1234 	EXP 	fixationCross: autoDraw = False
89.7322 	DATA 	Keypress: n
89.7481 	EXP 	New trial (rep=0, index=2): {'sentenceID': 2, 'isConcordant': True, 'sentenceType': 'transitive', 'isPlausible': False, 'sentenceContent': 'The box opened the teacher.'}
89.7658 	EXP 	sentence: autoDraw = False
89.7658 	EXP 	fixationCross: autoDraw = False
89.7658 	EXP 	sentence: text = 'The box opened the teacher.'
89.7658 	EXP 	fixationCross: autoDraw = True
90.7593 	EXP 	sentence: autoDraw = True
90.7759 	EXP 	fixationCross: autoDraw = False
92.4350 	DATA 	Keypress: n
92.4502 	EXP 	New trial (rep=0, index=3): {'sentenceID': 52, 'isConcordant': False, 'sentenceType': 'intransitive', 'isPlausible': False, 'sentenceContent': 'The leaves clogged after the rain.'}
92.4680 	EXP 	sentence: autoDraw = False
92.4680 	EXP 	fixationCross: autoDraw = False
92.4680 	EXP 	sentence: text = 'The leaves clogged after the rain.'
92.4680 	EXP 	fixationCross: autoDraw = True
93.4454 	EXP 	sentence: autoDraw = True
93.4785 	EXP 	fixationCross: autoDraw = False
95.8534 	EXP 	New trial (rep=0, index=4): {'sentenceID': 26, 'isConcordant': True, 'sentenceType': 'intransitive', 'isPlausible': False, 'sentenceContent': 'The wash shrank in the shirt.'}
95.8672 	DATA 	Keypress: n
95.8696 	EXP 	sentence: autoDraw = False
95.8696 	EXP 	fixationCross: autoDraw = False
95.8696 	EXP 	sentence: text = 'The wash shrank in the shirt.'
95.8696 	EXP 	fixationCross: autoDraw = True
96.8655 	EXP 	sentence: autoDraw = True
96.8822 	EXP 	fixationCross: autoDraw = False
99.1900 	EXP 	New trial (rep=0, index=5): {'sentenceID': 42, 'isConcordant': False, 'sentenceType': 'transitive', 'isPlausible': False, 'sentenceContent': 'The shirt shrank the hot water.'}
99.2028 	DATA 	Keypress: n
99.2052 	EXP 	sentence: autoDraw = False
99.2052 	EXP 	fixationCross: autoDraw = False
99.2052 	EXP 	sentence: text = 'The shirt shrank the hot water.'
99.2052 	EXP 	fixationCross: autoDraw = True
100.2020 	EXP 	sentence: autoDraw = True
100.2186 	EXP 	fixationCross: autoDraw = False
102.4781 	DATA 	Keypress: n
102.4939 	EXP 	New trial (rep=0, index=6): {'sentenceID': 20, 'isConcordant': True, 'sentenceType': 'intransitive', 'isPlausible': False, 'sentenceContent': 'The storm sank in the boat.'}
102.5100 	EXP 	sentence: autoDraw = False
102.5100 	EXP 	fixationCross: autoDraw = False
102.5100 	EXP 	sentence: text = 'The storm sank in the boat.'
102.5100 	EXP 	fixationCross: autoDraw = True
103.5053 	EXP 	sentence: autoDraw = True
103.5221 	EXP 	fixationCross: autoDraw = False
105.3142 	DATA 	Keypress: n
105.3292 	EXP 	New trial (rep=0, index=7): {'sentenceID': 29, 'isConcordant': True, 'sentenceType': 'intransitive', 'isPlausible': True, 'sentenceContent': 'The balloon burst behind the boy.'}
105.3414 	EXP 	sentence: autoDraw = False
105.3414 	EXP 	fixationCross: autoDraw = False
105.3414 	EXP 	sentence: text = 'The balloon burst behind the boy.'
105.3414 	EXP 	fixationCross: autoDraw = True
106.3416 	EXP 	sentence: autoDraw = True
106.3416 	EXP 	fixationCross: autoDraw = False
107.8489 	EXP 	New trial (rep=0, index=8): {'sentenceID': 30, 'isConcordant': True, 'sentenceType': 'intransitive', 'isPlausible': False, 'sentenceContent': 'The boy burst behind the balloon.'}
107.8644 	DATA 	Keypress: n
107.8669 	EXP 	sentence: autoDraw = False
107.8669 	EXP 	fixationCross: autoDraw = False
107.8669 	EXP 	sentence: text = 'The boy burst behind the balloon.'
107.8669 	EXP 	fixationCross: autoDraw = True
108.8441 	EXP 	sentence: autoDraw = True
108.8775 	EXP 	fixationCross: autoDraw = False
110.3846 	EXP 	New trial (rep=0, index=9): {'sentenceID': 32, 'isConcordant': True, 'sentenceType': 'intransitive', 'isPlausible': False, 'sentenceContent': 'The cook boiled in the pot.'}
110.3961 	DATA 	Keypress: n
110.3987 	EXP 	sentence: autoDraw = False
110.3987 	EXP 	fixationCross: autoDraw = False
110.3987 	EXP 	sentence: text = 'The cook boiled in the pot.'
110.3987 	EXP 	fixationCross: autoDraw = True
111.3966 	EXP 	sentence: autoDraw = True
111.4132 	EXP 	fixationCross: autoDraw = False
113.4219 	DATA 	Keypress: n
113.4375 	EXP 	New trial (rep=0, index=10): {'sentenceID': 9, 'isConcordant': True, 'sentenceType': 'transitive', 'isPlausible': True, 'sentenceContent': 'The heat softened the butter.'}
113.4525 	EXP 	sentence: autoDraw = False
113.4525 	EXP 	fixationCross: autoDraw = False
113.4525 	EXP 	sentence: text = 'The heat softened the butter.'
113.4525 	EXP 	fixationCross: autoDraw = True
114.4496 	EXP 	sentence: autoDraw = True
114.4662 	EXP 	fixationCross: autoDraw = False
116.8421 	DATA 	Keypress: y
116.8575 	EXP 	New trial (rep=0, index=11): {'sentenceID': 47, 'isConcordant': False, 'sentenceType': 'transitive', 'isPlausible': True, 'sentenceContent': 'The cook boiled the soup.'}
116.8712 	EXP 	sentence: autoDraw = False
116.8712 	EXP 	fixationCross: autoDraw = False
116.8712 	EXP 	sentence: text = 'The cook boiled the soup.'
116.8712 	EXP 	fixationCross: autoDraw = True
117.8697 	EXP 	sentence: autoDraw = True
117.8864 	EXP 	fixationCross: autoDraw = False
119.8274 	DATA 	Keypress: y
119.8435 	EXP 	New trial (rep=0, index=12): {'sentenceID': 6, 'isConcordant': True, 'sentenceType': 'transitive', 'isPlausible': False, 'sentenceContent': 'The wine poured the waiter.'}
119.8558 	EXP 	sentence: autoDraw = False
119.8558 	EXP 	fixationCross: autoDraw = False
119.8558 	EXP 	sentence: text = 'The wine poured the waiter.'
119.8558 	EXP 	fixationCross: autoDraw = True
120.8560 	EXP 	sentence: autoDraw = True
120.8560 	EXP 	fixationCross: autoDraw = False
122.6471 	EXP 	New trial (rep=0, index=13): {'sentenceID': 38, 'isConcordant': False, 'sentenceType': 'transitive', 'isPlausible': False, 'sentenceContent': 'The bomb exploded the guards.'}
122.6621 	DATA 	Keypress: n
122.6645 	EXP 	sentence: autoDraw = False
122.6645 	EXP 	fixationCross: autoDraw = False
122.6645 	EXP 	sentence: text = 'The bomb exploded the guards.'
122.6645 	EXP 	fixationCross: autoDraw = True
123.6421 	EXP 	sentence: autoDraw = True
123.6754 	EXP 	fixationCross: autoDraw = False
125.6839 	DATA 	Keypress: n
125.7013 	EXP 	New trial (rep=0, index=14): {'sentenceID': 22, 'isConcordant': True, 'sentenceType': 'intransitive', 'isPlausible': False, 'sentenceContent': 'The street exploded in the bomb.'}
125.7213 	EXP 	sentence: autoDraw = False
125.7213 	EXP 	fixationCross: autoDraw = False
125.7213 	EXP 	sentence: text = 'The street exploded in the bomb.'
125.7213 	EXP 	fixationCross: autoDraw = True
126.7117 	EXP 	sentence: autoDraw = True
126.7285 	EXP 	fixationCross: autoDraw = False
128.5700 	EXP 	New trial (rep=0, index=15): {'sentenceID': 61, 'isConcordant': False, 'sentenceType': 'intransitive', 'isPlausible': True, 'sentenceContent': 'The store shut at six o’clock.'}
128.5935 	DATA 	Keypress: n
128.5961 	EXP 	sentence: autoDraw = False
128.5961 	EXP 	fixationCross: autoDraw = False
128.5961 	EXP 	sentence: text = 'The store shut at six o’clock.'
128.5961 	EXP 	fixationCross: autoDraw = True
129.5978 	EXP 	sentence: autoDraw = True
129.5978 	EXP 	fixationCross: autoDraw = False
131.1721 	EXP 	New trial (rep=0, index=16): {'sentenceID': 3, 'isConcordant': True, 'sentenceType': 'transitive', 'isPlausible': True, 'sentenceContent': 'The leaves clogged the pipe.'}
131.1857 	DATA 	Keypress: y
131.1882 	EXP 	sentence: autoDraw = False
131.1882 	EXP 	fixationCross: autoDraw = False
131.1882 	EXP 	sentence: text = 'The leaves clogged the pipe.'
131.1882 	EXP 	fixationCross: autoDraw = True
132.1840 	EXP 	sentence: autoDraw = True
132.2006 	EXP 	fixationCross: autoDraw = False
133.4063 	EXP 	New trial (rep=0, index=17): {'sentenceID': 54, 'isConcordant': False, 'sentenceType': 'intransitive', 'isPlausible': False, 'sentenceContent': 'The table poured over the wine.'}
133.4209 	DATA 	Keypress: y
133.4237 	EXP 	sentence: autoDraw = False
133.4237 	EXP 	fixationCross: autoDraw = False
133.4237 	EXP 	sentence: text = 'The table poured over the wine.'
133.4237 	EXP 	fixationCross: autoDraw = True
134.4196 	EXP 	sentence: autoDraw = True
134.4363 	EXP 	fixationCross: autoDraw = False
135.9956 	DATA 	Keypress: n
136.0101 	EXP 	New trial (rep=0, index=18): {'sentenceID': 49, 'isConcordant': False, 'sentenceType': 'intransitive', 'isPlausible': True, 'sentenceContent': 'The box opened after a short while.'}
136.0341 	EXP 	sentence: autoDraw = False
136.0341 	EXP 	fixationCross: autoDraw = False
136.0341 	EXP 	sentence: text = 'The box opened after a short while.'
136.0341 	EXP 	fixationCross: autoDraw = True
137.0220 	EXP 	sentence: autoDraw = True
137.0386 	EXP 	fixationCross: autoDraw = False
138.5812 	DATA 	Keypress: y
138.5965 	EXP 	New trial (rep=0, index=19): {'sentenceID': 18, 'isConcordant': True, 'sentenceType': 'intransitive', 'isPlausible': False, 'sentenceContent': 'The clusters grew in the flowers.'}
138.6132 	EXP 	sentence: autoDraw = False
138.6132 	EXP 	fixationCross: autoDraw = False
138.6132 	EXP 	sentence: text = 'The clusters grew in the flowers.'
138.6132 	EXP 	fixationCross: autoDraw = True
139.5911 	EXP 	sentence: autoDraw = True
139.6246 	EXP 	fixationCross: autoDraw = False
141.3664 	EXP 	New trial (rep=0, index=20): {'sentenceID': 39, 'isConcordant': False, 'sentenceType': 'transitive', 'isPlausible': True, 'sentenceContent': 'The sun hardened the sand.'}
141.3809 	DATA 	Keypress: n
141.3834 	EXP 	sentence: autoDraw = False
141.3834 	EXP 	fixationCross: autoDraw = False
141.3834 	EXP 	sentence: text = 'The sun hardened the sand.'
141.3834 	EXP 	fixationCross: autoDraw = True
142.3775 	EXP 	sentence: autoDraw = True
142.3942 	EXP 	fixationCross: autoDraw = False
143.9020 	EXP 	New trial (rep=0, index=21): {'sentenceID': 43, 'isConcordant': False, 'sentenceType': 'transitive', 'isPlausible': True, 'sentenceContent': 'The cook crumbled the cake.'}
143.9184 	DATA 	Keypress: y
143.9209 	EXP 	sentence: autoDraw = False
143.9209 	EXP 	fixationCross: autoDraw = False
143.9209 	EXP 	sentence: text = 'The cook crumbled the cake.'
143.9209 	EXP 	fixationCross: autoDraw = True
144.9134 	EXP 	sentence: autoDraw = True
144.9300 	EXP 	fixationCross: autoDraw = False
146.8546 	EXP 	New trial (rep=0, index=22): {'sentenceID': 56, 'isConcordant': False, 'sentenceType': 'intransitive', 'isPlausible': False, 'sentenceContent': 'The baker dissolved in the milk.'}
146.8710 	DATA 	Keypress: y
146.8734 	EXP 	sentence: autoDraw = False
146.8734 	EXP 	fixationCross: autoDraw = False
146.8734 	EXP 	sentence: text = 'The baker dissolved in the milk.'
146.8734 	EXP 	fixationCross: autoDraw = True
147.8663 	EXP 	sentence: autoDraw = True
147.8830 	EXP 	fixationCross: autoDraw = False
149.6566 	EXP 	New trial (rep=0, index=23): {'sentenceID': 59, 'isConcordant': False, 'sentenceType': 'intransitive', 'isPlausible': True, 'sentenceContent': 'The soup heated in the pot.'}
149.6673 	DATA 	Keypress: n
149.6698 	EXP 	sentence: autoDraw = False
149.6698 	EXP 	fixationCross: autoDraw = False
149.6698 	EXP 	sentence: text = 'The soup heated in the pot.'
149.6698 	EXP 	fixationCross: autoDraw = True
150.6691 	EXP 	sentence: autoDraw = True
150.6691 	EXP 	fixationCross: autoDraw = False
153.1710 	EXP 	sentence: autoDraw = False
153.2939 	EXP 	New trial (rep=0, index=24): {'sentenceID': 17, 'isConcordant': True, 'sentenceType': 'intransitive', 'isPlausible': True, 'sentenceContent': 'The flowers grew in clusters.'}
153.3052 	DATA 	Keypress: y
153.3076 	EXP 	sentence: autoDraw = False
153.3076 	EXP 	fixationCross: autoDraw = False
153.3076 	EXP 	sentence: text = 'The flowers grew in clusters.'
153.3076 	EXP 	fixationCross: autoDraw = True
154.3060 	EXP 	sentence: autoDraw = True
154.3227 	EXP 	fixationCross: autoDraw = False
155.8973 	EXP 	New trial (rep=0, index=25): {'sentenceID': 37, 'isConcordant': False, 'sentenceType': 'transitive', 'isPlausible': True, 'sentenceContent': 'The guards exploded the bomb.'}
155.9182 	DATA 	Keypress: y
155.9208 	EXP 	sentence: autoDraw = False
155.9208 	EXP 	fixationCross: autoDraw = False
155.9208 	EXP 	sentence: text = 'The guards exploded the bomb.'
155.9208 	EXP 	fixationCross: autoDraw = True
156.9088 	EXP 	sentence: autoDraw = True
156.9254 	EXP 	fixationCross: autoDraw = False
158.5832 	EXP 	New trial (rep=0, index=26): {'sentenceID': 8, 'isConcordant': True, 'sentenceType': 'transitive', 'isPlausible': False, 'sentenceContent': 'The sugar dissolved the baker.'}
158.5979 	DATA 	Keypress: y
158.6004 	EXP 	sentence: autoDraw = False
158.6004 	EXP 	fixationCross: autoDraw = False
158.6004 	EXP 	sentence: text = 'The sugar dissolved the baker.'
158.6004 	EXP 	fixationCross: autoDraw = True
159.5947 	EXP 	sentence: autoDraw = True
159.6114 	EXP 	fixationCross: autoDraw = False
161.5860 	EXP 	New trial (rep=0, index=27): {'sentenceID': 16, 'isConcordant': True, 'sentenceType': 'transitive', 'isPlausible': False, 'sentenceContent': 'The sweater tore the girl.'}
161.5995 	DATA 	Keypress: n
161.6021 	EXP 	sentence: autoDraw = False
161.6021 	EXP 	fixationCross: autoDraw = False
161.6021 	EXP 	sentence: text = 'The sweater tore the girl.'
161.6021 	EXP 	fixationCross: autoDraw = True
162.5976 	EXP 	sentence: autoDraw = True
162.6143 	EXP 	fixationCross: autoDraw = False
164.3718 	EXP 	New trial (rep=0, index=28): {'sentenceID': 46, 'isConcordant': False, 'sentenceType': 'transitive', 'isPlausible': False, 'sentenceContent': 'The balloon burst the boy.'}
164.3852 	DATA 	Keypress: n
164.3876 	EXP 	sentence: autoDraw = False
164.3876 	EXP 	fixationCross: autoDraw = False
164.3876 	EXP 	sentence: text = 'The balloon burst the boy.'
164.3876 	EXP 	fixationCross: autoDraw = True
165.3838 	EXP 	sentence: autoDraw = True
165.4004 	EXP 	fixationCross: autoDraw = False
166.8930 	DATA 	Keypress: n
166.9084 	EXP 	New trial (rep=0, index=29): {'sentenceID': 11, 'isConcordant': True, 'sentenceType': 'transitive', 'isPlausible': True, 'sentenceContent': 'The cook heated the soup.'}
166.9258 	EXP 	sentence: autoDraw = False
166.9258 	EXP 	fixationCross: autoDraw = False
166.9258 	EXP 	sentence: text = 'The cook heated the soup.'
166.9258 	EXP 	fixationCross: autoDraw = True
167.9030 	EXP 	sentence: autoDraw = True
167.9363 	EXP 	fixationCross: autoDraw = False
169.1266 	EXP 	New trial (rep=0, index=30): {'sentenceID': 7, 'isConcordant': True, 'sentenceType': 'transitive', 'isPlausible': True, 'sentenceContent': 'The baker dissolved the sugar.'}
169.1425 	DATA 	Keypress: y
169.1450 	EXP 	sentence: autoDraw = False
169.1450 	EXP 	fixationCross: autoDraw = False
169.1450 	EXP 	sentence: text = 'The baker dissolved the sugar.'
169.1450 	EXP 	fixationCross: autoDraw = True
170.1219 	EXP 	sentence: autoDraw = True
170.1552 	EXP 	fixationCross: autoDraw = False
171.5119 	EXP 	New trial (rep=0, index=31): {'sentenceID': 4, 'isConcordant': True, 'sentenceType': 'transitive', 'isPlausible': False, 'sentenceContent': 'The pipe clogged the leaves.'}
171.5220 	DATA 	Keypress: y
171.5245 	EXP 	sentence: autoDraw = False
171.5245 	EXP 	fixationCross: autoDraw = False
171.5245 	EXP 	sentence: text = 'The pipe clogged the leaves.'
171.5245 	EXP 	fixationCross: autoDraw = True
172.5241 	EXP 	sentence: autoDraw = True
172.5241 	EXP 	fixationCross: autoDraw = False
174.1480 	EXP 	New trial (rep=0, index=32): {'sentenceID': 15, 'isConcordant': True, 'sentenceType': 'transitive', 'isPlausible': True, 'sentenceContent': 'The girl tore her sweater.'}
174.1617 	DATA 	Keypress: n
174.1642 	EXP 	sentence: autoDraw = False
174.1642 	EXP 	fixationCross: autoDraw = False
174.1642 	EXP 	sentence: text = 'The girl tore her sweater.'
174.1642 	EXP 	fixationCross: autoDraw = True
175.1602 	EXP 	sentence: autoDraw = True
175.1767 	EXP 	fixationCross: autoDraw = False
176.9345 	EXP 	New trial (rep=0, index=33): {'sentenceID': 33, 'isConcordant': False, 'sentenceType': 'transitive', 'isPlausible': True, 'sentenceContent': 'His parents grow flowers on their balcony.'}
176.9534 	DATA 	Keypress: y
176.9559 	EXP 	sentence: autoDraw = False
176.9559 	EXP 	fixationCross: autoDraw = False
176.9559 	EXP 	sentence: text = 'His parents grow flowers on their balcony.'
176.9559 	EXP 	fixationCross: autoDraw = True
177.9465 	EXP 	sentence: autoDraw = True
177.9632 	EXP 	fixationCross: autoDraw = False
179.9551 	DATA 	Keypress: y
179.9711 	EXP 	New trial (rep=0, index=34): {'sentenceID': 25, 'isConcordant': True, 'sentenceType': 'intransitive', 'isPlausible': True, 'sentenceContent': 'The shirt shrank in the wash.'}
179.9877 	EXP 	sentence: autoDraw = False
179.9877 	EXP 	fixationCross: autoDraw = False
179.9877 	EXP 	sentence: text = 'The shirt shrank in the wash.'
179.9877 	EXP 	fixationCross: autoDraw = True
180.9661 	EXP 	sentence: autoDraw = True
180.9994 	EXP 	fixationCross: autoDraw = False
182.7903 	EXP 	New trial (rep=0, index=35): {'sentenceID': 63, 'isConcordant': False, 'sentenceType': 'intransitive', 'isPlausible': True, 'sentenceContent': 'The sweater tore along the seams.'}
182.8059 	DATA 	Keypress: n
182.8084 	EXP 	sentence: autoDraw = False
182.8084 	EXP 	fixationCross: autoDraw = False
182.8084 	EXP 	sentence: text = 'The sweater tore along the seams.'
182.8084 	EXP 	fixationCross: autoDraw = True
183.8023 	EXP 	sentence: autoDraw = True
183.8189 	EXP 	fixationCross: autoDraw = False
185.5440 	EXP 	New trial (rep=0, index=36): {'sentenceID': 53, 'isConcordant': False, 'sentenceType': 'intransitive', 'isPlausible': True, 'sentenceContent': 'The wine poured over the table.'}
185.5611 	DATA 	Keypress: y
185.5636 	EXP 	sentence: autoDraw = False
185.5636 	EXP 	fixationCross: autoDraw = False
185.5636 	EXP 	sentence: text = 'The wine poured over the table.'
185.5636 	EXP 	fixationCross: autoDraw = True
186.5550 	EXP 	sentence: autoDraw = True
186.5716 	EXP 	fixationCross: autoDraw = False
188.3298 	EXP 	New trial (rep=0, index=37): {'sentenceID': 51, 'isConcordant': False, 'sentenceType': 'intransitive', 'isPlausible': True, 'sentenceContent': 'The pipe clogged after the rain.'}
188.3459 	DATA 	Keypress: y
188.3483 	EXP 	sentence: autoDraw = False
188.3483 	EXP 	fixationCross: autoDraw = False
188.3483 	EXP 	sentence: text = 'The pipe clogged after the rain.'
188.3483 	EXP 	fixationCross: autoDraw = True
189.3412 	EXP 	sentence: autoDraw = True
189.3578 	EXP 	fixationCross: autoDraw = False
191.8433 	EXP 	sentence: autoDraw = False
193.8328 	EXP 	New trial (rep=0, index=38): {'sentenceID': 12, 'isConcordant': True, 'sentenceType': 'transitive', 'isPlausible': False, 'sentenceContent': 'The soup heated the cook.'}
193.8516 	EXP 	sentence: autoDraw = False
193.8516 	EXP 	fixationCross: autoDraw = False
193.8516 	EXP 	sentence: text = 'The soup heated the cook.'
193.8516 	EXP 	fixationCross: autoDraw = True
194.8299 	EXP 	sentence: autoDraw = True
194.8633 	EXP 	fixationCross: autoDraw = False
196.4543 	EXP 	New trial (rep=0, index=39): {'sentenceID': 36, 'isConcordant': False, 'sentenceType': 'transitive', 'isPlausible': False, 'sentenceContent': 'The boat sank the waves.'}
196.4695 	DATA 	Keypress: n
196.4719 	EXP 	sentence: autoDraw = False
196.4719 	EXP 	fixationCross: autoDraw = False
196.4719 	EXP 	sentence: text = 'The boat sank the waves.'
196.4719 	EXP 	fixationCross: autoDraw = True
197.4491 	EXP 	sentence: autoDraw = True
197.4825 	EXP 	fixationCross: autoDraw = False
199.5734 	EXP 	New trial (rep=0, index=40): {'sentenceID': 57, 'isConcordant': False, 'sentenceType': 'intransitive', 'isPlausible': True, 'sentenceContent': 'The butter softened in the heat.'}
199.5840 	DATA 	Keypress: n
199.5868 	EXP 	sentence: autoDraw = False
199.5868 	EXP 	fixationCross: autoDraw = False
199.5868 	EXP 	sentence: text = 'The butter softened in the heat.'
199.5868 	EXP 	fixationCross: autoDraw = True
200.5856 	EXP 	sentence: autoDraw = True
200.6023 	EXP 	fixationCross: autoDraw = False
203.0275 	DATA 	Keypress: y
203.0426 	EXP 	New trial (rep=0, index=41): {'sentenceID': 40, 'isConcordant': False, 'sentenceType': 'transitive', 'isPlausible': False, 'sentenceContent': 'The sand hardened the sun.'}
203.0586 	EXP 	sentence: autoDraw = False
203.0586 	EXP 	fixationCross: autoDraw = False
203.0586 	EXP 	sentence: text = 'The sand hardened the sun.'
203.0586 	EXP 	fixationCross: autoDraw = True
204.0557 	EXP 	sentence: autoDraw = True
204.0723 	EXP 	fixationCross: autoDraw = False
205.8964 	EXP 	New trial (rep=0, index=42): {'sentenceID': 13, 'isConcordant': True, 'sentenceType': 'transitive', 'isPlausible': True, 'sentenceContent': 'The assistant shut the store.'}
205.9068 	DATA 	Keypress: y
205.9093 	EXP 	sentence: autoDraw = False
205.9093 	EXP 	fixationCross: autoDraw = False
205.9093 	EXP 	sentence: text = 'The assistant shut the store.'
205.9093 	EXP 	fixationCross: autoDraw = True
206.9086 	EXP 	sentence: autoDraw = True
206.9086 	EXP 	fixationCross: autoDraw = False
208.8340 	DATA 	Keypress: y
208.8492 	EXP 	New trial (rep=0, index=43): {'sentenceID': 58, 'isConcordant': False, 'sentenceType': 'intransitive', 'isPlausible': False, 'sentenceContent': 'The heat softened the butter.'}
208.8615 	EXP 	sentence: autoDraw = False
208.8615 	EXP 	fixationCross: autoDraw = False
208.8615 	EXP 	sentence: text = 'The heat softened the butter.'
208.8615 	EXP 	fixationCross: autoDraw = True
209.8616 	EXP 	sentence: autoDraw = True
209.8616 	EXP 	fixationCross: autoDraw = False
211.4355 	EXP 	New trial (rep=0, index=44): {'sentenceID': 19, 'isConcordant': True, 'sentenceType': 'intransitive', 'isPlausible': True, 'sentenceContent': 'The boat sank in the storm.'}
211.4548 	DATA 	Keypress: y
211.4573 	EXP 	sentence: autoDraw = False
211.4573 	EXP 	fixationCross: autoDraw = False
211.4573 	EXP 	sentence: text = 'The boat sank in the storm.'
211.4573 	EXP 	fixationCross: autoDraw = True
212.4473 	EXP 	sentence: autoDraw = True
212.4640 	EXP 	fixationCross: autoDraw = False
214.2716 	EXP 	New trial (rep=0, index=45): {'sentenceID': 23, 'isConcordant': True, 'sentenceType': 'intransitive', 'isPlausible': True, 'sentenceContent': 'The concrete hardened in the sun.'}
214.2852 	DATA 	Keypress: y
214.2876 	EXP 	sentence: autoDraw = False
214.2876 	EXP 	fixationCross: autoDraw = False
214.2876 	EXP 	sentence: text = 'The concrete hardened in the sun.'
214.2876 	EXP 	fixationCross: autoDraw = True
215.2836 	EXP 	sentence: autoDraw = True
215.3003 	EXP 	fixationCross: autoDraw = False
217.6247 	EXP 	New trial (rep=0, index=46): {'sentenceID': 41, 'isConcordant': False, 'sentenceType': 'transitive', 'isPlausible': True, 'sentenceContent': 'The hot water shrank the shirt.'}
217.6359 	DATA 	Keypress: y
217.6384 	EXP 	sentence: autoDraw = False
217.6384 	EXP 	fixationCross: autoDraw = False
217.6384 	EXP 	sentence: text = 'The hot water shrank the shirt.'
217.6384 	EXP 	fixationCross: autoDraw = True
218.6370 	EXP 	sentence: autoDraw = True
218.6537 	EXP 	fixationCross: autoDraw = False
220.1786 	DATA 	Keypress: y
220.1942 	EXP 	New trial (rep=0, index=47): {'sentenceID': 28, 'isConcordant': True, 'sentenceType': 'intransitive', 'isPlausible': False, 'sentenceContent': 'My hands crumbled in the cake.'}
220.2173 	EXP 	sentence: autoDraw = False
220.2173 	EXP 	fixationCross: autoDraw = False
220.2173 	EXP 	sentence: text = 'My hands crumbled in the cake.'
220.2173 	EXP 	fixationCross: autoDraw = True
221.2061 	EXP 	sentence: autoDraw = True
221.2229 	EXP 	fixationCross: autoDraw = False
223.5140 	DATA 	Keypress: n
223.5295 	EXP 	New trial (rep=0, index=48): {'sentenceID': 31, 'isConcordant': True, 'sentenceType': 'intransitive', 'isPlausible': True, 'sentenceContent': 'The soup boiled in the pot.'}
223.5412 	EXP 	sentence: autoDraw = False
223.5412 	EXP 	fixationCross: autoDraw = False
223.5412 	EXP 	sentence: text = 'The soup boiled in the pot.'
223.5412 	EXP 	fixationCross: autoDraw = True
224.5429 	EXP 	sentence: autoDraw = True
224.5429 	EXP 	fixationCross: autoDraw = False
226.1340 	EXP 	New trial (rep=0, index=49): {'sentenceID': 34, 'isConcordant': False, 'sentenceType': 'transitive', 'isPlausible': False, 'sentenceContent': 'Flowers grow his parents on their balcony.'}
226.1527 	DATA 	Keypress: y
226.1552 	EXP 	sentence: autoDraw = False
226.1552 	EXP 	fixationCross: autoDraw = False
226.1552 	EXP 	sentence: text = 'Flowers grow his parents on their balcony.'
226.1552 	EXP 	fixationCross: autoDraw = True
227.1457 	EXP 	sentence: autoDraw = True
227.1622 	EXP 	fixationCross: autoDraw = False
229.6477 	EXP 	sentence: autoDraw = False
229.7875 	EXP 	New trial (rep=0, index=50): {'sentenceID': 64, 'isConcordant': False, 'sentenceType': 'intransitive', 'isPlausible': False, 'sentenceContent': 'The seams tore along the sweater.'}
229.8050 	DATA 	Keypress: n
229.8075 	EXP 	sentence: autoDraw = False
229.8075 	EXP 	fixationCross: autoDraw = False
229.8075 	EXP 	sentence: text = 'The seams tore along the sweater.'
229.8075 	EXP 	fixationCross: autoDraw = True
230.7992 	EXP 	sentence: autoDraw = True
230.8158 	EXP 	fixationCross: autoDraw = False
233.3013 	EXP 	sentence: autoDraw = False
233.3743 	EXP 	New trial (rep=0, index=51): {'sentenceID': 62, 'isConcordant': False, 'sentenceType': 'intransitive', 'isPlausible': False, 'sentenceContent': 'The assistant shut at six o’clock.'}
233.3922 	DATA 	Keypress: y
233.3947 	EXP 	sentence: autoDraw = False
233.3947 	EXP 	fixationCross: autoDraw = False
233.3947 	EXP 	sentence: text = 'The assistant shut at six o’clock.'
233.3947 	EXP 	fixationCross: autoDraw = True
234.3861 	EXP 	sentence: autoDraw = True
234.4028 	EXP 	fixationCross: autoDraw = False
236.2609 	EXP 	New trial (rep=0, index=52): {'sentenceID': 45, 'isConcordant': False, 'sentenceType': 'transitive', 'isPlausible': True, 'sentenceContent': 'The boy burst the balloon.'}
236.2769 	DATA 	Keypress: n
236.2794 	EXP 	sentence: autoDraw = False
236.2794 	EXP 	fixationCross: autoDraw = False
236.2794 	EXP 	sentence: text = 'The boy burst the balloon.'
236.2794 	EXP 	fixationCross: autoDraw = True
237.2722 	EXP 	sentence: autoDraw = True
237.2889 	EXP 	fixationCross: autoDraw = False
238.7960 	EXP 	New trial (rep=0, index=53): {'sentenceID': 14, 'isConcordant': True, 'sentenceType': 'transitive', 'isPlausible': False, 'sentenceContent': 'The store shut the assistant.'}
238.8098 	DATA 	Keypress: y
238.8122 	EXP 	sentence: autoDraw = False
238.8122 	EXP 	fixationCross: autoDraw = False
238.8122 	EXP 	sentence: text = 'The store shut the assistant.'
238.8122 	EXP 	fixationCross: autoDraw = True
239.8082 	EXP 	sentence: autoDraw = True
239.8248 	EXP 	fixationCross: autoDraw = False
241.5322 	DATA 	Keypress: n
241.5471 	EXP 	New trial (rep=0, index=54): {'sentenceID': 60, 'isConcordant': False, 'sentenceType': 'intransitive', 'isPlausible': False, 'sentenceContent': 'The cook heated in the soup.'}
241.5595 	EXP 	sentence: autoDraw = False
241.5595 	EXP 	fixationCross: autoDraw = False
241.5595 	EXP 	sentence: text = 'The cook heated in the soup.'
241.5595 	EXP 	fixationCross: autoDraw = True
242.5609 	EXP 	sentence: autoDraw = True
242.5609 	EXP 	fixationCross: autoDraw = False
244.1854 	EXP 	New trial (rep=0, index=55): {'sentenceID': 21, 'isConcordant': True, 'sentenceType': 'intransitive', 'isPlausible': True, 'sentenceContent': 'The bomb exploded in the street.'}
244.2026 	DATA 	Keypress: n
244.2052 	EXP 	sentence: autoDraw = False
244.2052 	EXP 	fixationCross: autoDraw = False
244.2052 	EXP 	sentence: text = 'The bomb exploded in the street.'
244.2052 	EXP 	fixationCross: autoDraw = True
245.1969 	EXP 	sentence: autoDraw = True
245.2135 	EXP 	fixationCross: autoDraw = False
246.7722 	DATA 	Keypress: y
246.7883 	EXP 	New trial (rep=0, index=56): {'sentenceID': 1, 'isConcordant': True, 'sentenceType': 'transitive', 'isPlausible': True, 'sentenceContent': 'The teacher opened the box. '}
246.8073 	EXP 	sentence: autoDraw = False
246.8073 	EXP 	fixationCross: autoDraw = False
246.8073 	EXP 	sentence: text = 'The teacher opened the box. '
246.8073 	EXP 	fixationCross: autoDraw = True
247.7995 	EXP 	sentence: autoDraw = True
247.8161 	EXP 	fixationCross: autoDraw = False
248.9906 	EXP 	New trial (rep=0, index=57): {'sentenceID': 24, 'isConcordant': True, 'sentenceType': 'intransitive', 'isPlausible': False, 'sentenceContent': 'The sun hardened in the concrete.'}
249.0063 	DATA 	Keypress: y
249.0087 	EXP 	sentence: autoDraw = False
249.0087 	EXP 	fixationCross: autoDraw = False
249.0087 	EXP 	sentence: text = 'The sun hardened in the concrete.'
249.0087 	EXP 	fixationCross: autoDraw = True
250.0018 	EXP 	sentence: autoDraw = True
250.0184 	EXP 	fixationCross: autoDraw = False
251.4764 	EXP 	New trial (rep=0, index=58): {'sentenceID': 5, 'isConcordant': True, 'sentenceType': 'transitive', 'isPlausible': True, 'sentenceContent': 'The waiter poured the wine.'}
251.4915 	DATA 	Keypress: n
251.4940 	EXP 	sentence: autoDraw = False
251.4940 	EXP 	fixationCross: autoDraw = False
251.4940 	EXP 	sentence: text = 'The waiter poured the wine.'
251.4940 	EXP 	fixationCross: autoDraw = True
252.4875 	EXP 	sentence: autoDraw = True
252.5041 	EXP 	fixationCross: autoDraw = False
254.7953 	DATA 	Keypress: y
254.8117 	EXP 	New trial (rep=0, index=59): {'sentenceID': 35, 'isConcordant': False, 'sentenceType': 'transitive', 'isPlausible': True, 'sentenceContent': 'The waves sank the boat.'}
254.8238 	EXP 	sentence: autoDraw = False
254.8238 	EXP 	fixationCross: autoDraw = False
254.8238 	EXP 	sentence: text = 'The waves sank the boat.'
254.8238 	EXP 	fixationCross: autoDraw = True
255.8241 	EXP 	sentence: autoDraw = True
255.8241 	EXP 	fixationCross: autoDraw = False
257.2830 	DATA 	Keypress: y
257.2983 	EXP 	New trial (rep=0, index=60): {'sentenceID': 55, 'isConcordant': False, 'sentenceType': 'intransitive', 'isPlausible': True, 'sentenceContent': 'The sugar dissolved in the milk.'}
257.3179 	EXP 	sentence: autoDraw = False
257.3179 	EXP 	fixationCross: autoDraw = False
257.3179 	EXP 	sentence: text = 'The sugar dissolved in the milk.'
257.3179 	EXP 	fixationCross: autoDraw = True
258.3099 	EXP 	sentence: autoDraw = True
258.3264 	EXP 	fixationCross: autoDraw = False
260.0005 	EXP 	New trial (rep=0, index=61): {'sentenceID': 10, 'isConcordant': True, 'sentenceType': 'transitive', 'isPlausible': False, 'sentenceContent': 'The butter softened the heat.'}
260.0140 	DATA 	Keypress: y
260.0165 	EXP 	sentence: autoDraw = False
260.0165 	EXP 	fixationCross: autoDraw = False
260.0165 	EXP 	sentence: text = 'The butter softened the heat.'
260.0165 	EXP 	fixationCross: autoDraw = True
261.0127 	EXP 	sentence: autoDraw = True
261.0293 	EXP 	fixationCross: autoDraw = False
262.7874 	DATA 	Keypress: n
262.8033 	EXP 	New trial (rep=0, index=62): {'sentenceID': 50, 'isConcordant': False, 'sentenceType': 'intransitive', 'isPlausible': False, 'sentenceContent': 'The teacher opened after a short while.'}
262.8213 	EXP 	sentence: autoDraw = False
262.8213 	EXP 	fixationCross: autoDraw = False
262.8213 	EXP 	sentence: text = 'The teacher opened after a short while.'
262.8213 	EXP 	fixationCross: autoDraw = True
263.8156 	EXP 	sentence: autoDraw = True
263.8322 	EXP 	fixationCross: autoDraw = False
265.1727 	EXP 	New trial (rep=0, index=63): {'sentenceID': 27, 'isConcordant': True, 'sentenceType': 'intransitive', 'isPlausible': True, 'sentenceContent': 'The cake crumbled in my hands.'}
265.1878 	DATA 	Keypress: n
265.1903 	EXP 	sentence: autoDraw = False
265.1903 	EXP 	fixationCross: autoDraw = False
265.1903 	EXP 	sentence: text = 'The cake crumbled in my hands.'
265.1903 	EXP 	fixationCross: autoDraw = True
266.1677 	EXP 	sentence: autoDraw = True
266.2014 	EXP 	fixationCross: autoDraw = False
268.3107 	DATA 	Keypress: y
268.3373 	EXP 	sentence: autoDraw = False
268.3373 	EXP 	fixationCross: autoDraw = False
268.3373 	EXP 	debriefText: autoDraw = True
275.3433 	EXP 	debriefText: autoDraw = False
275.3433 	EXP 	debriefText: autoDraw = False
275.5181 	EXP 	window1: mouseVisible = True
