1.3933 	WARNING 	We strongly recommend you activate the PTB sound engine in PsychoPy prefs as the preferred audio engine. Its timing is vastly superior. Your prefs are currently set to use ['sounddevice', 'PTB', 'pyo', 'pygame'] (in that order).
11.0461 	WARNING 	User requested fullscreen with size [1024  768], but screen is actually [1920, 1080]. Using actual size
13.0190 	EXP 	Created window1 = Window(allowGUI=False, allowStencil=False, autoLog=True, backendConf=UNKNOWN, bitsMode=UNKNOWN, blendMode='avg', bpc=(8, 8, 8), color=array([0, 0, 0]), colorSpace='rgb', depthBits=8, fullscr=<method-wrapper '__getattribute__' of attributeSetter object at 0x0000028164B1CBA8>, gamma=None, gammaErrorPolicy='raise', lms=UNKNOWN, monitor=<psychopy.monitors.calibTools.Monitor object at 0x0000028164B71048>, multiSample=False, name='window1', numSamples=2, pos=[0.0, 0.0], screen=0, size=array([1920, 1080]), stencilBits=0, stereo=False, units='height', useFBO=True, useRetina=False, viewOri=0.0, viewPos=None, viewScale=None, waitBlanking=True, winType='pyglet')
13.0196 	EXP 	window1: mouseVisible = True
13.0197 	EXP 	window1: recordFrameIntervals = False
13.1848 	EXP 	window1: recordFrameIntervals = True
13.3684 	EXP 	window1: recordFrameIntervals = False
14.0311 	EXP 	Created instr = ImageStim(__class__=<class 'psychopy.visual.image.ImageStim'>, autoLog=True, color=array([1., 1., 1.]), colorSpace='rgb', contrast=1.0, depth=0.0, flipHoriz=False, flipVert=False, image='instuctions.png', interpolate=True, mask=None, maskParams=None, name='instr', opacity=1, ori=0.0, pos=array([0., 0.]), size=array([0.5, 0.5]), texRes=128.0, units='height', win=Window(...))
14.2150 	EXP 	Created isNative = TextStim(__class__=<class 'psychopy.visual.text.TextStim'>, alignHoriz=method-wrapper(...), alignText='center', alignVert=method-wrapper(...), anchorHoriz='center', anchorVert='center', antialias=True, autoLog=True, bold=False, color=array([1., 1., 1.]), colorSpace='rgb', contrast=1.0, depth=0.0, flipHoriz=False, flipVert=False, font='Open Sans', fontFiles=[], height=0.1, italic=False, languageStyle='LTR', name='isNative', opacity=1, ori=0.0, pos=array([0., 0.]), rgb=UNKNOWN, text=str(...), units='height', win=Window(...), wrapWidth=1)
14.2298 	EXP 	Created text = TextStim(__class__=<class 'psychopy.visual.text.TextStim'>, alignHoriz=method-wrapper(...), alignText='center', alignVert=method-wrapper(...), anchorHoriz='center', anchorVert='center', antialias=True, autoLog=True, bold=False, color=array([1., 1., 1.]), colorSpace='rgb', contrast=1.0, depth=0.0, flipHoriz=False, flipVert=False, font='Open Sans', fontFiles=[], height=0.1, italic=False, languageStyle='LTR', name='text', opacity=1, ori=0.0, pos=array([0., 0.]), rgb=UNKNOWN, text=str(...), units='height', win=Window(...), wrapWidth=1)
14.2320 	EXP 	Created text_2 = TextStim(__class__=<class 'psychopy.visual.text.TextStim'>, alignHoriz=method-wrapper(...), alignText='center', alignVert=method-wrapper(...), anchorHoriz='center', anchorVert='center', antialias=True, autoLog=True, bold=False, color=array([1., 1., 1.]), colorSpace='rgb', contrast=1.0, depth=-1.0, flipHoriz=False, flipVert=False, font='Open Sans', fontFiles=[], height=0.1, italic=False, languageStyle='LTR', name='text_2', opacity=1, ori=0.0, pos=array([0., 0.]), rgb=UNKNOWN, text='', units='height', win=Window(...), wrapWidth=1)
14.2384 	EXP 	Created practice1Cross = TextStim(__class__=<class 'psychopy.visual.text.TextStim'>, alignHoriz=method-wrapper(...), alignText='center', alignVert=method-wrapper(...), anchorHoriz='center', anchorVert='center', antialias=True, autoLog=True, bold=False, color=array([1., 1., 1.]), colorSpace='rgb', contrast=1.0, depth=0.0, flipHoriz=False, flipVert=False, font='Open Sans', fontFiles=[], height=0.1, italic=False, languageStyle='LTR', name='practice1Cross', opacity=1, ori=0.0, pos=array([0., 0.]), rgb=UNKNOWN, text='+', units='height', win=Window(...), wrapWidth=1)
14.2479 	EXP 	Created practice1Text = TextStim(__class__=<class 'psychopy.visual.text.TextStim'>, alignHoriz=method-wrapper(...), alignText='center', alignVert=method-wrapper(...), anchorHoriz='center', anchorVert='center', antialias=True, autoLog=True, bold=False, color=array([1., 1., 1.]), colorSpace='rgb', contrast=1.0, depth=-1.0, flipHoriz=False, flipVert=False, font='Open Sans', fontFiles=[], height=0.1, italic=False, languageStyle='LTR', name='practice1Text', opacity=1, ori=0.0, pos=array([0., 0.]), rgb=UNKNOWN, text='The driver crashed the car.', units='height', win=Window(...), wrapWidth=1)
14.2496 	EXP 	Created feedback1Text = TextStim(__class__=<class 'psychopy.visual.text.TextStim'>, alignHoriz=method-wrapper(...), alignText='center', alignVert=method-wrapper(...), anchorHoriz='center', anchorVert='center', antialias=True, autoLog=True, bold=False, color=array([1., 1., 1.]), colorSpace='rgb', contrast=1.0, depth=0.0, flipHoriz=False, flipVert=False, font='Open Sans', fontFiles=[], height=0.1, italic=False, languageStyle='LTR', name='feedback1Text', opacity=1, ori=0.0, pos=array([0., 0.]), rgb=UNKNOWN, text='', units='height', win=Window(...), wrapWidth=1)
14.2520 	EXP 	Created feedback1Blank = TextStim(__class__=<class 'psychopy.visual.text.TextStim'>, alignHoriz=method-wrapper(...), alignText='center', alignVert=method-wrapper(...), anchorHoriz='center', anchorVert='center', antialias=True, autoLog=True, bold=False, color=array([1., 1., 1.]), colorSpace='rgb', contrast=1.0, depth=-1.0, flipHoriz=False, flipVert=False, font='Open Sans', fontFiles=[], height=0.1, italic=False, languageStyle='LTR', name='feedback1Blank', opacity=1, ori=0.0, pos=array([0., 0.]), rgb=UNKNOWN, text='', units='height', win=Window(...), wrapWidth=1)
14.2560 	EXP 	Created practice2Cross = TextStim(__class__=<class 'psychopy.visual.text.TextStim'>, alignHoriz=method-wrapper(...), alignText='center', alignVert=method-wrapper(...), anchorHoriz='center', anchorVert='center', antialias=True, autoLog=True, bold=False, color=array([1., 1., 1.]), colorSpace='rgb', contrast=1.0, depth=0.0, flipHoriz=False, flipVert=False, font='Open Sans', fontFiles=[], height=0.1, italic=False, languageStyle='LTR', name='practice2Cross', opacity=1, ori=0.0, pos=array([0., 0.]), rgb=UNKNOWN, text='+', units='height', win=Window(...), wrapWidth=1)
14.2643 	EXP 	Created practice2Text = TextStim(__class__=<class 'psychopy.visual.text.TextStim'>, alignHoriz=method-wrapper(...), alignText='center', alignVert=method-wrapper(...), anchorHoriz='center', anchorVert='center', antialias=True, autoLog=True, bold=False, color=array([1., 1., 1.]), colorSpace='rgb', contrast=1.0, depth=-1.0, flipHoriz=False, flipVert=False, font='Open Sans', fontFiles=[], height=0.1, italic=False, languageStyle='LTR', name='practice2Text', opacity=1, ori=0.0, pos=array([0., 0.]), rgb=UNKNOWN, text='The car drives the airplane.', units='height', win=Window(...), wrapWidth=1)
14.2664 	EXP 	Created feedback2Text = TextStim(__class__=<class 'psychopy.visual.text.TextStim'>, alignHoriz=method-wrapper(...), alignText='center', alignVert=method-wrapper(...), anchorHoriz='center', anchorVert='center', antialias=True, autoLog=True, bold=False, color=array([1., 1., 1.]), colorSpace='rgb', contrast=1.0, depth=0.0, flipHoriz=False, flipVert=False, font='Open Sans', fontFiles=[], height=0.1, italic=False, languageStyle='LTR', name='feedback2Text', opacity=1, ori=0.0, pos=array([0., 0.]), rgb=UNKNOWN, text='', units='height', win=Window(...), wrapWidth=1)
14.2689 	EXP 	Created feedback2Blank = TextStim(__class__=<class 'psychopy.visual.text.TextStim'>, alignHoriz=method-wrapper(...), alignText='center', alignVert=method-wrapper(...), anchorHoriz='center', anchorVert='center', antialias=True, autoLog=True, bold=False, color=array([1., 1., 1.]), colorSpace='rgb', contrast=1.0, depth=-1.0, flipHoriz=False, flipVert=False, font='Open Sans', fontFiles=[], height=0.1, italic=False, languageStyle='LTR', name='feedback2Blank', opacity=1, ori=0.0, pos=array([0., 0.]), rgb=UNKNOWN, text='', units='height', win=Window(...), wrapWidth=1)
14.2705 	EXP 	Created sentence = TextStim(__class__=<class 'psychopy.visual.text.TextStim'>, alignHoriz=method-wrapper(...), alignText='center', alignVert=method-wrapper(...), anchorHoriz='center', anchorVert='center', antialias=True, autoLog=True, bold=False, color=array([1., 1., 1.]), colorSpace='rgb', contrast=1.0, depth=0.0, flipHoriz=False, flipVert=False, font='Open Sans', fontFiles=[], height=0.1, italic=False, languageStyle='LTR', name='sentence', opacity=1, ori=0.0, pos=array([0., 0.]), rgb=UNKNOWN, text='', units='height', win=Window(...), wrapWidth=1)
14.2738 	EXP 	Created fixationCross = TextStim(__class__=<class 'psychopy.visual.text.TextStim'>, alignHoriz=method-wrapper(...), alignText='center', alignVert=method-wrapper(...), anchorHoriz='center', anchorVert='center', antialias=True, autoLog=True, bold=False, color=array([1., 1., 1.]), colorSpace='rgb', contrast=1.0, depth=-1.0, flipHoriz=False, flipVert=False, font='Open Sans', fontFiles=[], height=0.1, italic=False, languageStyle='LTR', name='fixationCross', opacity=1, ori=0.0, pos=array([0., 0.]), rgb=UNKNOWN, text='+', units='height', win=Window(...), wrapWidth=1)
14.3135 	EXP 	Created debriefText = TextStim(__class__=<class 'psychopy.visual.text.TextStim'>, alignHoriz=method-wrapper(...), alignText='center', alignVert=method-wrapper(...), anchorHoriz='center', anchorVert='center', antialias=True, autoLog=True, bold=False, color=array([1., 1., 1.]), colorSpace='rgb', contrast=1.0, depth=0.0, flipHoriz=False, flipVert=False, font='Open Sans', fontFiles=[], height=0.1, italic=False, languageStyle='LTR', name='debriefText', opacity=1, ori=0.0, pos=array([0., 0.]), rgb=UNKNOWN, text=str(...), units='height', win=Window(...), wrapWidth=1)
14.3931 	EXP 	instr: autoDraw = True
69.2045 	DATA 	Keypress: y
69.2180 	EXP 	instr: autoDraw = False
69.2180 	EXP 	isNative: autoDraw = True
73.3884 	DATA 	Keypress: n
73.3951 	EXP 	isNative: autoDraw = False
73.3951 	EXP 	text: autoDraw = True
78.3834 	EXP 	text_2: autoDraw = True
78.3996 	EXP 	text: autoDraw = False
81.3856 	EXP 	text_2: autoDraw = False
81.3856 	EXP 	text: autoDraw = False
81.3856 	EXP 	text_2: autoDraw = False
81.3856 	EXP 	practice1Cross: autoDraw = True
82.3704 	EXP 	practice1Text: autoDraw = True
82.3874 	EXP 	practice1Cross: autoDraw = False
86.4195 	DATA 	Keypress: y
86.4225 	EXP 	practice1Cross: autoDraw = False
86.4225 	EXP 	practice1Text: autoDraw = False
86.4225 	EXP 	feedback1Text: text = "Your response was: 'yes'. Now let's try one more round."
86.4225 	EXP 	feedback1Text: autoDraw = True
91.4132 	EXP 	feedback1Blank: autoDraw = True
91.4293 	EXP 	feedback1Text: autoDraw = False
94.4157 	EXP 	feedback1Blank: autoDraw = False
94.4157 	EXP 	feedback1Text: autoDraw = False
94.4157 	EXP 	feedback1Blank: autoDraw = False
94.4157 	EXP 	practice2Cross: autoDraw = True
95.4002 	EXP 	practice2Text: autoDraw = True
95.4169 	EXP 	practice2Cross: autoDraw = False
97.8751 	DATA 	Keypress: n
97.8786 	EXP 	practice2Cross: autoDraw = False
97.8786 	EXP 	practice2Text: autoDraw = False
97.8786 	EXP 	feedback2Text: text = "Your response was: 'no', which is correct. The experiment will begin now."
97.8786 	EXP 	feedback2Text: autoDraw = True
102.8582 	EXP 	feedback2Blank: autoDraw = True
102.8908 	EXP 	feedback2Text: autoDraw = False
105.8755 	EXP 	Imported stimuliFiltered.xlsx as conditions, 64 conditions, 5 params
105.8764 	EXP 	Created sequence: random, trialTypes=64, nReps=1, seed=None
105.8768 	EXP 	New trial (rep=0, index=0): {'sentenceID': 27, 'isConcordant': True, 'sentenceType': 'intransitive', 'isPlausible': True, 'sentenceContent': 'The cake crumbled in my hands.'}
105.8896 	EXP 	feedback2Blank: autoDraw = False
105.8896 	EXP 	feedback2Text: autoDraw = False
105.8896 	EXP 	feedback2Blank: autoDraw = False
105.8896 	EXP 	sentence: text = 'The cake crumbled in my hands.'
105.8896 	EXP 	fixationCross: autoDraw = True
106.8784 	EXP 	sentence: autoDraw = True
106.8951 	EXP 	fixationCross: autoDraw = False
109.8810 	EXP 	sentence: autoDraw = False
110.1055 	EXP 	New trial (rep=0, index=1): {'sentenceID': 49, 'isConcordant': False, 'sentenceType': 'intransitive', 'isPlausible': True, 'sentenceContent': 'The box opened after a short while.'}
110.1221 	DATA 	Keypress: y
110.1246 	EXP 	sentence: autoDraw = False
110.1246 	EXP 	fixationCross: autoDraw = False
110.1246 	EXP 	sentence: text = 'The box opened after a short while.'
110.1246 	EXP 	fixationCross: autoDraw = True
111.1161 	EXP 	sentence: autoDraw = True
111.1328 	EXP 	fixationCross: autoDraw = False
114.0248 	EXP 	New trial (rep=0, index=2): {'sentenceID': 63, 'isConcordant': False, 'sentenceType': 'intransitive', 'isPlausible': True, 'sentenceContent': 'The sweater tore along the seams.'}
114.0391 	DATA 	Keypress: y
114.0417 	EXP 	sentence: autoDraw = False
114.0417 	EXP 	fixationCross: autoDraw = False
114.0417 	EXP 	sentence: text = 'The sweater tore along the seams.'
114.0417 	EXP 	fixationCross: autoDraw = True
115.0366 	EXP 	sentence: autoDraw = True
115.0532 	EXP 	fixationCross: autoDraw = False
117.9786 	DATA 	Keypress: y
117.9952 	EXP 	New trial (rep=0, index=3): {'sentenceID': 30, 'isConcordant': True, 'sentenceType': 'intransitive', 'isPlausible': False, 'sentenceContent': 'The boy burst behind the balloon.'}
118.0115 	EXP 	sentence: autoDraw = False
118.0115 	EXP 	fixationCross: autoDraw = False
118.0115 	EXP 	sentence: text = 'The boy burst behind the balloon.'
118.0115 	EXP 	fixationCross: autoDraw = True
119.0072 	EXP 	sentence: autoDraw = True
119.0239 	EXP 	fixationCross: autoDraw = False
121.9657 	EXP 	New trial (rep=0, index=4): {'sentenceID': 42, 'isConcordant': False, 'sentenceType': 'transitive', 'isPlausible': False, 'sentenceContent': 'The shirt shrank the hot water.'}
121.9771 	DATA 	Keypress: n
121.9796 	EXP 	sentence: autoDraw = False
121.9796 	EXP 	fixationCross: autoDraw = False
121.9796 	EXP 	sentence: text = 'The shirt shrank the hot water.'
121.9796 	EXP 	fixationCross: autoDraw = True
122.9778 	EXP 	sentence: autoDraw = True
122.9941 	EXP 	fixationCross: autoDraw = False
125.6024 	DATA 	Keypress: n
125.6182 	EXP 	New trial (rep=0, index=5): {'sentenceID': 35, 'isConcordant': False, 'sentenceType': 'transitive', 'isPlausible': True, 'sentenceContent': 'The waves sank the boat.'}
125.6316 	EXP 	sentence: autoDraw = False
125.6316 	EXP 	fixationCross: autoDraw = False
125.6316 	EXP 	sentence: text = 'The waves sank the boat.'
125.6316 	EXP 	fixationCross: autoDraw = True
126.6314 	EXP 	sentence: autoDraw = True
126.6314 	EXP 	fixationCross: autoDraw = False
129.2229 	EXP 	New trial (rep=0, index=6): {'sentenceID': 41, 'isConcordant': False, 'sentenceType': 'transitive', 'isPlausible': True, 'sentenceContent': 'The hot water shrank the shirt.'}
129.2376 	DATA 	Keypress: y
129.2404 	EXP 	sentence: autoDraw = False
129.2404 	EXP 	fixationCross: autoDraw = False
129.2404 	EXP 	sentence: text = 'The hot water shrank the shirt.'
129.2404 	EXP 	fixationCross: autoDraw = True
130.2184 	EXP 	sentence: autoDraw = True
130.2517 	EXP 	fixationCross: autoDraw = False
132.4426 	EXP 	New trial (rep=0, index=7): {'sentenceID': 9, 'isConcordant': True, 'sentenceType': 'transitive', 'isPlausible': True, 'sentenceContent': 'The heat softened the butter.'}
132.4532 	DATA 	Keypress: y
132.4557 	EXP 	sentence: autoDraw = False
132.4557 	EXP 	fixationCross: autoDraw = False
132.4557 	EXP 	sentence: text = 'The heat softened the butter.'
132.4557 	EXP 	fixationCross: autoDraw = True
133.4549 	EXP 	sentence: autoDraw = True
133.4549 	EXP 	fixationCross: autoDraw = False
135.6311 	DATA 	Keypress: y
135.6463 	EXP 	New trial (rep=0, index=8): {'sentenceID': 26, 'isConcordant': True, 'sentenceType': 'intransitive', 'isPlausible': False, 'sentenceContent': 'The wash shrank in the shirt.'}
135.6616 	EXP 	sentence: autoDraw = False
135.6616 	EXP 	fixationCross: autoDraw = False
135.6616 	EXP 	sentence: text = 'The wash shrank in the shirt.'
135.6616 	EXP 	fixationCross: autoDraw = True
136.6582 	EXP 	sentence: autoDraw = True
136.6749 	EXP 	fixationCross: autoDraw = False
139.3670 	EXP 	New trial (rep=0, index=9): {'sentenceID': 59, 'isConcordant': False, 'sentenceType': 'intransitive', 'isPlausible': True, 'sentenceContent': 'The soup heated in the pot.'}
139.3800 	DATA 	Keypress: n
139.3824 	EXP 	sentence: autoDraw = False
139.3824 	EXP 	fixationCross: autoDraw = False
139.3824 	EXP 	sentence: text = 'The soup heated in the pot.'
139.3824 	EXP 	fixationCross: autoDraw = True
140.3785 	EXP 	sentence: autoDraw = True
140.3952 	EXP 	fixationCross: autoDraw = False
142.6210 	DATA 	Keypress: y
142.6361 	EXP 	New trial (rep=0, index=10): {'sentenceID': 21, 'isConcordant': True, 'sentenceType': 'intransitive', 'isPlausible': True, 'sentenceContent': 'The bomb exploded in the street.'}
142.6535 	EXP 	sentence: autoDraw = False
142.6535 	EXP 	fixationCross: autoDraw = False
142.6535 	EXP 	sentence: text = 'The bomb exploded in the street.'
142.6535 	EXP 	fixationCross: autoDraw = True
143.6319 	EXP 	sentence: autoDraw = True
143.6651 	EXP 	fixationCross: autoDraw = False
145.7390 	EXP 	New trial (rep=0, index=11): {'sentenceID': 28, 'isConcordant': True, 'sentenceType': 'intransitive', 'isPlausible': False, 'sentenceContent': 'My hands crumbled in the cake.'}
145.7531 	DATA 	Keypress: y
145.7556 	EXP 	sentence: autoDraw = False
145.7556 	EXP 	fixationCross: autoDraw = False
145.7556 	EXP 	sentence: text = 'My hands crumbled in the cake.'
145.7556 	EXP 	fixationCross: autoDraw = True
146.7515 	EXP 	sentence: autoDraw = True
146.7683 	EXP 	fixationCross: autoDraw = False
148.8095 	DATA 	Keypress: n
148.8251 	EXP 	New trial (rep=0, index=12): {'sentenceID': 12, 'isConcordant': True, 'sentenceType': 'transitive', 'isPlausible': False, 'sentenceContent': 'The soup heated the cook.'}
148.8389 	EXP 	sentence: autoDraw = False
148.8389 	EXP 	fixationCross: autoDraw = False
148.8389 	EXP 	sentence: text = 'The soup heated the cook.'
148.8389 	EXP 	fixationCross: autoDraw = True
149.8378 	EXP 	sentence: autoDraw = True
149.8546 	EXP 	fixationCross: autoDraw = False
151.5444 	EXP 	New trial (rep=0, index=13): {'sentenceID': 19, 'isConcordant': True, 'sentenceType': 'intransitive', 'isPlausible': True, 'sentenceContent': 'The boat sank in the storm.'}
151.5532 	DATA 	Keypress: n
151.5558 	EXP 	sentence: autoDraw = False
151.5558 	EXP 	fixationCross: autoDraw = False
151.5558 	EXP 	sentence: text = 'The boat sank in the storm.'
151.5558 	EXP 	fixationCross: autoDraw = True
152.5570 	EXP 	sentence: autoDraw = True
152.5570 	EXP 	fixationCross: autoDraw = False
155.3152 	EXP 	New trial (rep=0, index=14): {'sentenceID': 58, 'isConcordant': False, 'sentenceType': 'intransitive', 'isPlausible': False, 'sentenceContent': 'The heat softened the butter.'}
155.3253 	DATA 	Keypress: y
155.3278 	EXP 	sentence: autoDraw = False
155.3278 	EXP 	fixationCross: autoDraw = False
155.3278 	EXP 	sentence: text = 'The heat softened the butter.'
155.3278 	EXP 	fixationCross: autoDraw = True
156.3278 	EXP 	sentence: autoDraw = True
156.3278 	EXP 	fixationCross: autoDraw = False
159.0528 	EXP 	New trial (rep=0, index=15): {'sentenceID': 40, 'isConcordant': False, 'sentenceType': 'transitive', 'isPlausible': False, 'sentenceContent': 'The sand hardened the sun.'}
159.0643 	DATA 	Keypress: y
159.0668 	EXP 	sentence: autoDraw = False
159.0668 	EXP 	fixationCross: autoDraw = False
159.0668 	EXP 	sentence: text = 'The sand hardened the sun.'
159.0668 	EXP 	fixationCross: autoDraw = True
160.0648 	EXP 	sentence: autoDraw = True
160.0815 	EXP 	fixationCross: autoDraw = False
162.2904 	DATA 	Keypress: n
162.3055 	EXP 	New trial (rep=0, index=16): {'sentenceID': 17, 'isConcordant': True, 'sentenceType': 'intransitive', 'isPlausible': True, 'sentenceContent': 'The flowers grew in clusters.'}
162.3192 	EXP 	sentence: autoDraw = False
162.3192 	EXP 	fixationCross: autoDraw = False
162.3192 	EXP 	sentence: text = 'The flowers grew in clusters.'
162.3192 	EXP 	fixationCross: autoDraw = True
163.3182 	EXP 	sentence: autoDraw = True
163.3348 	EXP 	fixationCross: autoDraw = False
165.7094 	EXP 	New trial (rep=0, index=17): {'sentenceID': 37, 'isConcordant': False, 'sentenceType': 'transitive', 'isPlausible': True, 'sentenceContent': 'The guards exploded the bomb.'}
165.7207 	DATA 	Keypress: y
165.7232 	EXP 	sentence: autoDraw = False
165.7232 	EXP 	fixationCross: autoDraw = False
165.7232 	EXP 	sentence: text = 'The guards exploded the bomb.'
165.7232 	EXP 	fixationCross: autoDraw = True
166.7215 	EXP 	sentence: autoDraw = True
166.7382 	EXP 	fixationCross: autoDraw = False
169.5298 	EXP 	New trial (rep=0, index=18): {'sentenceID': 61, 'isConcordant': False, 'sentenceType': 'intransitive', 'isPlausible': True, 'sentenceContent': 'The store shut at six o’clock.'}
169.5441 	DATA 	Keypress: n
169.5466 	EXP 	sentence: autoDraw = False
169.5466 	EXP 	fixationCross: autoDraw = False
169.5466 	EXP 	sentence: text = 'The store shut at six o’clock.'
169.5466 	EXP 	fixationCross: autoDraw = True
170.5420 	EXP 	sentence: autoDraw = True
170.5586 	EXP 	fixationCross: autoDraw = False
172.8172 	DATA 	Keypress: y
172.8328 	EXP 	New trial (rep=0, index=19): {'sentenceID': 20, 'isConcordant': True, 'sentenceType': 'intransitive', 'isPlausible': False, 'sentenceContent': 'The storm sank in the boat.'}
172.8463 	EXP 	sentence: autoDraw = False
172.8463 	EXP 	fixationCross: autoDraw = False
172.8463 	EXP 	sentence: text = 'The storm sank in the boat.'
172.8463 	EXP 	fixationCross: autoDraw = True
173.8452 	EXP 	sentence: autoDraw = True
173.8619 	EXP 	fixationCross: autoDraw = False
176.0878 	DATA 	Keypress: n
176.1036 	EXP 	New trial (rep=0, index=20): {'sentenceID': 52, 'isConcordant': False, 'sentenceType': 'intransitive', 'isPlausible': False, 'sentenceContent': 'The leaves clogged after the rain.'}
176.1216 	EXP 	sentence: autoDraw = False
176.1216 	EXP 	fixationCross: autoDraw = False
176.1216 	EXP 	sentence: text = 'The leaves clogged after the rain.'
176.1216 	EXP 	fixationCross: autoDraw = True
177.1153 	EXP 	sentence: autoDraw = True
177.1319 	EXP 	fixationCross: autoDraw = False
179.5561 	EXP 	New trial (rep=0, index=21): {'sentenceID': 24, 'isConcordant': True, 'sentenceType': 'intransitive', 'isPlausible': False, 'sentenceContent': 'The sun hardened in the concrete.'}
179.5665 	DATA 	Keypress: n
179.5690 	EXP 	sentence: autoDraw = False
179.5690 	EXP 	fixationCross: autoDraw = False
179.5690 	EXP 	sentence: text = 'The sun hardened in the concrete.'
179.5690 	EXP 	fixationCross: autoDraw = True
180.5687 	EXP 	sentence: autoDraw = True
180.5687 	EXP 	fixationCross: autoDraw = False
183.3600 	EXP 	New trial (rep=0, index=22): {'sentenceID': 44, 'isConcordant': False, 'sentenceType': 'transitive', 'isPlausible': False, 'sentenceContent': 'The cake crumbled the cook.'}
183.3722 	DATA 	Keypress: n
183.3746 	EXP 	sentence: autoDraw = False
183.3746 	EXP 	fixationCross: autoDraw = False
183.3746 	EXP 	sentence: text = 'The cake crumbled the cook.'
183.3746 	EXP 	fixationCross: autoDraw = True
184.3724 	EXP 	sentence: autoDraw = True
184.3891 	EXP 	fixationCross: autoDraw = False
186.5802 	EXP 	New trial (rep=0, index=23): {'sentenceID': 31, 'isConcordant': True, 'sentenceType': 'intransitive', 'isPlausible': True, 'sentenceContent': 'The soup boiled in the pot.'}
186.5916 	DATA 	Keypress: n
186.5941 	EXP 	sentence: autoDraw = False
186.5941 	EXP 	fixationCross: autoDraw = False
186.5941 	EXP 	sentence: text = 'The soup boiled in the pot.'
186.5941 	EXP 	fixationCross: autoDraw = True
187.5923 	EXP 	sentence: autoDraw = True
187.6090 	EXP 	fixationCross: autoDraw = False
189.5843 	DATA 	Keypress: y
189.5996 	EXP 	New trial (rep=0, index=24): {'sentenceID': 33, 'isConcordant': False, 'sentenceType': 'transitive', 'isPlausible': True, 'sentenceContent': 'His parents grow flowers on their balcony.'}
189.6193 	EXP 	sentence: autoDraw = False
189.6193 	EXP 	fixationCross: autoDraw = False
189.6193 	EXP 	sentence: text = 'His parents grow flowers on their balcony.'
189.6193 	EXP 	fixationCross: autoDraw = True
190.6119 	EXP 	sentence: autoDraw = True
190.6288 	EXP 	fixationCross: autoDraw = False
193.6147 	EXP 	sentence: autoDraw = False
193.6710 	EXP 	New trial (rep=0, index=25): {'sentenceID': 7, 'isConcordant': True, 'sentenceType': 'transitive', 'isPlausible': True, 'sentenceContent': 'The baker dissolved the sugar.'}
193.6859 	DATA 	Keypress: y
193.6884 	EXP 	sentence: autoDraw = False
193.6884 	EXP 	fixationCross: autoDraw = False
193.6884 	EXP 	sentence: text = 'The baker dissolved the sugar.'
193.6884 	EXP 	fixationCross: autoDraw = True
194.6828 	EXP 	sentence: autoDraw = True
194.6995 	EXP 	fixationCross: autoDraw = False
197.3073 	EXP 	New trial (rep=0, index=26): {'sentenceID': 34, 'isConcordant': False, 'sentenceType': 'transitive', 'isPlausible': False, 'sentenceContent': 'Flowers grow his parents on their balcony.'}
197.3237 	DATA 	Keypress: y
197.3262 	EXP 	sentence: autoDraw = False
197.3262 	EXP 	fixationCross: autoDraw = False
197.3262 	EXP 	sentence: text = 'Flowers grow his parents on their balcony.'
197.3262 	EXP 	fixationCross: autoDraw = True
198.3198 	EXP 	sentence: autoDraw = True
198.3365 	EXP 	fixationCross: autoDraw = False
200.3941 	EXP 	New trial (rep=0, index=27): {'sentenceID': 45, 'isConcordant': False, 'sentenceType': 'transitive', 'isPlausible': True, 'sentenceContent': 'The boy burst the balloon.'}
200.4058 	DATA 	Keypress: n
200.4083 	EXP 	sentence: autoDraw = False
200.4083 	EXP 	fixationCross: autoDraw = False
200.4083 	EXP 	sentence: text = 'The boy burst the balloon.'
200.4083 	EXP 	fixationCross: autoDraw = True
201.4061 	EXP 	sentence: autoDraw = True
201.4227 	EXP 	fixationCross: autoDraw = False
203.5470 	EXP 	New trial (rep=0, index=28): {'sentenceID': 29, 'isConcordant': True, 'sentenceType': 'intransitive', 'isPlausible': True, 'sentenceContent': 'The balloon burst behind the boy.'}
203.5578 	DATA 	Keypress: y
203.5603 	EXP 	sentence: autoDraw = False
203.5603 	EXP 	fixationCross: autoDraw = False
203.5603 	EXP 	sentence: text = 'The balloon burst behind the boy.'
203.5603 	EXP 	fixationCross: autoDraw = True
204.5594 	EXP 	sentence: autoDraw = True
204.5761 	EXP 	fixationCross: autoDraw = False
206.9181 	EXP 	New trial (rep=0, index=29): {'sentenceID': 39, 'isConcordant': False, 'sentenceType': 'transitive', 'isPlausible': True, 'sentenceContent': 'The sun hardened the sand.'}
206.9330 	DATA 	Keypress: y
206.9355 	EXP 	sentence: autoDraw = False
206.9355 	EXP 	fixationCross: autoDraw = False
206.9355 	EXP 	sentence: text = 'The sun hardened the sand.'
206.9355 	EXP 	fixationCross: autoDraw = True
207.9125 	EXP 	sentence: autoDraw = True
207.9459 	EXP 	fixationCross: autoDraw = False
210.4041 	EXP 	New trial (rep=0, index=30): {'sentenceID': 1, 'isConcordant': True, 'sentenceType': 'transitive', 'isPlausible': True, 'sentenceContent': 'The teacher opened the box. '}
210.4169 	DATA 	Keypress: y
210.4193 	EXP 	sentence: autoDraw = False
210.4193 	EXP 	fixationCross: autoDraw = False
210.4193 	EXP 	sentence: text = 'The teacher opened the box. '
210.4193 	EXP 	fixationCross: autoDraw = True
211.4161 	EXP 	sentence: autoDraw = True
211.4327 	EXP 	fixationCross: autoDraw = False
213.7413 	EXP 	New trial (rep=0, index=31): {'sentenceID': 10, 'isConcordant': True, 'sentenceType': 'transitive', 'isPlausible': False, 'sentenceContent': 'The butter softened the heat.'}
213.7599 	DATA 	Keypress: y
213.7629 	EXP 	sentence: autoDraw = False
213.7629 	EXP 	fixationCross: autoDraw = False
213.7629 	EXP 	sentence: text = 'The butter softened the heat.'
213.7629 	EXP 	fixationCross: autoDraw = True
214.7529 	EXP 	sentence: autoDraw = True
214.7695 	EXP 	fixationCross: autoDraw = False
217.4278 	EXP 	New trial (rep=0, index=32): {'sentenceID': 2, 'isConcordant': True, 'sentenceType': 'transitive', 'isPlausible': False, 'sentenceContent': 'The box opened the teacher.'}
217.4415 	DATA 	Keypress: n
217.4440 	EXP 	sentence: autoDraw = False
217.4440 	EXP 	fixationCross: autoDraw = False
217.4440 	EXP 	sentence: text = 'The box opened the teacher.'
217.4440 	EXP 	fixationCross: autoDraw = True
218.4398 	EXP 	sentence: autoDraw = True
218.4565 	EXP 	fixationCross: autoDraw = False
220.4988 	DATA 	Keypress: n
220.5144 	EXP 	New trial (rep=0, index=33): {'sentenceID': 5, 'isConcordant': True, 'sentenceType': 'transitive', 'isPlausible': True, 'sentenceContent': 'The waiter poured the wine.'}
220.5297 	EXP 	sentence: autoDraw = False
220.5297 	EXP 	fixationCross: autoDraw = False
220.5297 	EXP 	sentence: text = 'The waiter poured the wine.'
220.5297 	EXP 	fixationCross: autoDraw = True
221.5262 	EXP 	sentence: autoDraw = True
221.5430 	EXP 	fixationCross: autoDraw = False
223.1999 	EXP 	New trial (rep=0, index=34): {'sentenceID': 62, 'isConcordant': False, 'sentenceType': 'intransitive', 'isPlausible': False, 'sentenceContent': 'The assistant shut at six o’clock.'}
223.2114 	DATA 	Keypress: y
223.2140 	EXP 	sentence: autoDraw = False
223.2140 	EXP 	fixationCross: autoDraw = False
223.2140 	EXP 	sentence: text = 'The assistant shut at six o’clock.'
223.2140 	EXP 	fixationCross: autoDraw = True
224.2122 	EXP 	sentence: autoDraw = True
224.2290 	EXP 	fixationCross: autoDraw = False
226.2867 	EXP 	New trial (rep=0, index=35): {'sentenceID': 6, 'isConcordant': True, 'sentenceType': 'transitive', 'isPlausible': False, 'sentenceContent': 'The wine poured the waiter.'}
226.2999 	DATA 	Keypress: n
226.3023 	EXP 	sentence: autoDraw = False
226.3023 	EXP 	fixationCross: autoDraw = False
226.3023 	EXP 	sentence: text = 'The wine poured the waiter.'
226.3023 	EXP 	fixationCross: autoDraw = True
227.2984 	EXP 	sentence: autoDraw = True
227.3152 	EXP 	fixationCross: autoDraw = False
229.2074 	DATA 	Keypress: n
229.2232 	EXP 	New trial (rep=0, index=36): {'sentenceID': 57, 'isConcordant': False, 'sentenceType': 'intransitive', 'isPlausible': True, 'sentenceContent': 'The butter softened in the heat.'}
229.2388 	EXP 	sentence: autoDraw = False
229.2388 	EXP 	fixationCross: autoDraw = False
229.2388 	EXP 	sentence: text = 'The butter softened in the heat.'
229.2388 	EXP 	fixationCross: autoDraw = True
230.2349 	EXP 	sentence: autoDraw = True
230.2516 	EXP 	fixationCross: autoDraw = False
232.2267 	DATA 	Keypress: y
232.2424 	EXP 	New trial (rep=0, index=37): {'sentenceID': 60, 'isConcordant': False, 'sentenceType': 'intransitive', 'isPlausible': False, 'sentenceContent': 'The cook heated in the soup.'}
232.2563 	EXP 	sentence: autoDraw = False
232.2563 	EXP 	fixationCross: autoDraw = False
232.2563 	EXP 	sentence: text = 'The cook heated in the soup.'
232.2563 	EXP 	fixationCross: autoDraw = True
233.2546 	EXP 	sentence: autoDraw = True
233.2713 	EXP 	fixationCross: autoDraw = False
235.0785 	EXP 	New trial (rep=0, index=38): {'sentenceID': 22, 'isConcordant': True, 'sentenceType': 'intransitive', 'isPlausible': False, 'sentenceContent': 'The street exploded in the bomb.'}
235.0895 	DATA 	Keypress: n
235.0920 	EXP 	sentence: autoDraw = False
235.0920 	EXP 	fixationCross: autoDraw = False
235.0920 	EXP 	sentence: text = 'The street exploded in the bomb.'
235.0920 	EXP 	fixationCross: autoDraw = True
236.0909 	EXP 	sentence: autoDraw = True
236.1075 	EXP 	fixationCross: autoDraw = False
237.8983 	EXP 	New trial (rep=0, index=39): {'sentenceID': 4, 'isConcordant': True, 'sentenceType': 'transitive', 'isPlausible': False, 'sentenceContent': 'The pipe clogged the leaves.'}
237.9110 	DATA 	Keypress: n
237.9135 	EXP 	sentence: autoDraw = False
237.9135 	EXP 	fixationCross: autoDraw = False
237.9135 	EXP 	sentence: text = 'The pipe clogged the leaves.'
237.9135 	EXP 	fixationCross: autoDraw = True
238.9101 	EXP 	sentence: autoDraw = True
238.9269 	EXP 	fixationCross: autoDraw = False
241.0346 	EXP 	New trial (rep=0, index=40): {'sentenceID': 38, 'isConcordant': False, 'sentenceType': 'transitive', 'isPlausible': False, 'sentenceContent': 'The bomb exploded the guards.'}
241.0471 	DATA 	Keypress: n
241.0495 	EXP 	sentence: autoDraw = False
241.0495 	EXP 	fixationCross: autoDraw = False
241.0495 	EXP 	sentence: text = 'The bomb exploded the guards.'
241.0495 	EXP 	fixationCross: autoDraw = True
242.0468 	EXP 	sentence: autoDraw = True
242.0635 	EXP 	fixationCross: autoDraw = False
245.0494 	EXP 	sentence: autoDraw = False
246.5383 	EXP 	New trial (rep=0, index=41): {'sentenceID': 46, 'isConcordant': False, 'sentenceType': 'transitive', 'isPlausible': False, 'sentenceContent': 'The balloon burst the boy.'}
246.5565 	EXP 	sentence: autoDraw = False
246.5565 	EXP 	fixationCross: autoDraw = False
246.5565 	EXP 	sentence: text = 'The balloon burst the boy.'
246.5565 	EXP 	fixationCross: autoDraw = True
247.5522 	EXP 	sentence: autoDraw = True
247.5688 	EXP 	fixationCross: autoDraw = False
249.6430 	EXP 	New trial (rep=0, index=42): {'sentenceID': 43, 'isConcordant': False, 'sentenceType': 'transitive', 'isPlausible': True, 'sentenceContent': 'The cook crumbled the cake.'}
249.6539 	DATA 	Keypress: n
249.6564 	EXP 	sentence: autoDraw = False
249.6564 	EXP 	fixationCross: autoDraw = False
249.6564 	EXP 	sentence: text = 'The cook crumbled the cake.'
249.6564 	EXP 	fixationCross: autoDraw = True
250.6553 	EXP 	sentence: autoDraw = True
250.6720 	EXP 	fixationCross: autoDraw = False
252.8300 	EXP 	New trial (rep=0, index=43): {'sentenceID': 15, 'isConcordant': True, 'sentenceType': 'transitive', 'isPlausible': True, 'sentenceContent': 'The girl tore her sweater.'}
252.8431 	DATA 	Keypress: y
252.8457 	EXP 	sentence: autoDraw = False
252.8457 	EXP 	fixationCross: autoDraw = False
252.8457 	EXP 	sentence: text = 'The girl tore her sweater.'
252.8457 	EXP 	fixationCross: autoDraw = True
253.8418 	EXP 	sentence: autoDraw = True
253.8586 	EXP 	fixationCross: autoDraw = False
255.4170 	DATA 	Keypress: y
255.4326 	EXP 	New trial (rep=0, index=44): {'sentenceID': 51, 'isConcordant': False, 'sentenceType': 'intransitive', 'isPlausible': True, 'sentenceContent': 'The pipe clogged after the rain.'}
255.4481 	EXP 	sentence: autoDraw = False
255.4481 	EXP 	fixationCross: autoDraw = False
255.4481 	EXP 	sentence: text = 'The pipe clogged after the rain.'
255.4481 	EXP 	fixationCross: autoDraw = True
256.4442 	EXP 	sentence: autoDraw = True
256.4611 	EXP 	fixationCross: autoDraw = False
258.5198 	DATA 	Keypress: y
258.5353 	EXP 	New trial (rep=0, index=45): {'sentenceID': 64, 'isConcordant': False, 'sentenceType': 'intransitive', 'isPlausible': False, 'sentenceContent': 'The seams tore along the sweater.'}
258.5488 	EXP 	sentence: autoDraw = False
258.5488 	EXP 	fixationCross: autoDraw = False
258.5488 	EXP 	sentence: text = 'The seams tore along the sweater.'
258.5488 	EXP 	fixationCross: autoDraw = True
259.5475 	EXP 	sentence: autoDraw = True
259.5642 	EXP 	fixationCross: autoDraw = False
262.0724 	EXP 	New trial (rep=0, index=46): {'sentenceID': 3, 'isConcordant': True, 'sentenceType': 'transitive', 'isPlausible': True, 'sentenceContent': 'The leaves clogged the pipe.'}
262.0858 	DATA 	Keypress: n
262.0883 	EXP 	sentence: autoDraw = False
262.0883 	EXP 	fixationCross: autoDraw = False
262.0883 	EXP 	sentence: text = 'The leaves clogged the pipe.'
262.0883 	EXP 	fixationCross: autoDraw = True
263.0844 	EXP 	sentence: autoDraw = True
263.1011 	EXP 	fixationCross: autoDraw = False
265.2418 	DATA 	Keypress: y
265.2586 	EXP 	New trial (rep=0, index=47): {'sentenceID': 48, 'isConcordant': False, 'sentenceType': 'transitive', 'isPlausible': False, 'sentenceContent': 'The soup boiled the cook.'}
265.2720 	EXP 	sentence: autoDraw = False
265.2720 	EXP 	fixationCross: autoDraw = False
265.2720 	EXP 	sentence: text = 'The soup boiled the cook.'
265.2720 	EXP 	fixationCross: autoDraw = True
266.2708 	EXP 	sentence: autoDraw = True
266.2875 	EXP 	fixationCross: autoDraw = False
268.4121 	EXP 	New trial (rep=0, index=48): {'sentenceID': 25, 'isConcordant': True, 'sentenceType': 'intransitive', 'isPlausible': True, 'sentenceContent': 'The shirt shrank in the wash.'}
268.4262 	DATA 	Keypress: n
268.4287 	EXP 	sentence: autoDraw = False
268.4287 	EXP 	fixationCross: autoDraw = False
268.4287 	EXP 	sentence: text = 'The shirt shrank in the wash.'
268.4287 	EXP 	fixationCross: autoDraw = True
269.4241 	EXP 	sentence: autoDraw = True
269.4407 	EXP 	fixationCross: autoDraw = False
271.6486 	EXP 	New trial (rep=0, index=49): {'sentenceID': 14, 'isConcordant': True, 'sentenceType': 'transitive', 'isPlausible': False, 'sentenceContent': 'The store shut the assistant.'}
271.6640 	DATA 	Keypress: y
271.6666 	EXP 	sentence: autoDraw = False
271.6666 	EXP 	fixationCross: autoDraw = False
271.6666 	EXP 	sentence: text = 'The store shut the assistant.'
271.6666 	EXP 	fixationCross: autoDraw = True
272.6605 	EXP 	sentence: autoDraw = True
272.6773 	EXP 	fixationCross: autoDraw = False
274.5679 	EXP 	New trial (rep=0, index=50): {'sentenceID': 54, 'isConcordant': False, 'sentenceType': 'intransitive', 'isPlausible': False, 'sentenceContent': 'The table poured over the wine.'}
274.5790 	DATA 	Keypress: n
274.5816 	EXP 	sentence: autoDraw = False
274.5816 	EXP 	fixationCross: autoDraw = False
274.5816 	EXP 	sentence: text = 'The table poured over the wine.'
274.5816 	EXP 	fixationCross: autoDraw = True
275.5802 	EXP 	sentence: autoDraw = True
275.5969 	EXP 	fixationCross: autoDraw = False
277.4701 	EXP 	New trial (rep=0, index=51): {'sentenceID': 55, 'isConcordant': False, 'sentenceType': 'intransitive', 'isPlausible': True, 'sentenceContent': 'The sugar dissolved in the milk.'}
277.4800 	DATA 	Keypress: n
277.4825 	EXP 	sentence: autoDraw = False
277.4825 	EXP 	fixationCross: autoDraw = False
277.4825 	EXP 	sentence: text = 'The sugar dissolved in the milk.'
277.4825 	EXP 	fixationCross: autoDraw = True
278.4830 	EXP 	sentence: autoDraw = True
278.4830 	EXP 	fixationCross: autoDraw = False
280.1404 	EXP 	New trial (rep=0, index=52): {'sentenceID': 16, 'isConcordant': True, 'sentenceType': 'transitive', 'isPlausible': False, 'sentenceContent': 'The sweater tore the girl.'}
280.1500 	DATA 	Keypress: y
280.1525 	EXP 	sentence: autoDraw = False
280.1525 	EXP 	fixationCross: autoDraw = False
280.1525 	EXP 	sentence: text = 'The sweater tore the girl.'
280.1525 	EXP 	fixationCross: autoDraw = True
281.1522 	EXP 	sentence: autoDraw = True
281.1522 	EXP 	fixationCross: autoDraw = False
283.0933 	EXP 	New trial (rep=0, index=53): {'sentenceID': 13, 'isConcordant': True, 'sentenceType': 'transitive', 'isPlausible': True, 'sentenceContent': 'The assistant shut the store.'}
283.1037 	DATA 	Keypress: n
283.1063 	EXP 	sentence: autoDraw = False
283.1063 	EXP 	fixationCross: autoDraw = False
283.1063 	EXP 	sentence: text = 'The assistant shut the store.'
283.1063 	EXP 	fixationCross: autoDraw = True
284.1053 	EXP 	sentence: autoDraw = True
284.1220 	EXP 	fixationCross: autoDraw = False
285.8795 	EXP 	New trial (rep=0, index=54): {'sentenceID': 56, 'isConcordant': False, 'sentenceType': 'intransitive', 'isPlausible': False, 'sentenceContent': 'The baker dissolved in the milk.'}
285.8903 	DATA 	Keypress: y
285.8929 	EXP 	sentence: autoDraw = False
285.8929 	EXP 	fixationCross: autoDraw = False
285.8929 	EXP 	sentence: text = 'The baker dissolved in the milk.'
285.8929 	EXP 	fixationCross: autoDraw = True
286.8916 	EXP 	sentence: autoDraw = True
286.9082 	EXP 	fixationCross: autoDraw = False
288.6987 	EXP 	New trial (rep=0, index=55): {'sentenceID': 36, 'isConcordant': False, 'sentenceType': 'transitive', 'isPlausible': False, 'sentenceContent': 'The boat sank the waves.'}
288.7094 	DATA 	Keypress: n
288.7121 	EXP 	sentence: autoDraw = False
288.7121 	EXP 	fixationCross: autoDraw = False
288.7121 	EXP 	sentence: text = 'The boat sank the waves.'
288.7121 	EXP 	fixationCross: autoDraw = True
289.7110 	EXP 	sentence: autoDraw = True
289.7277 	EXP 	fixationCross: autoDraw = False
291.7351 	EXP 	New trial (rep=0, index=56): {'sentenceID': 11, 'isConcordant': True, 'sentenceType': 'transitive', 'isPlausible': True, 'sentenceContent': 'The cook heated the soup.'}
291.7458 	DATA 	Keypress: n
291.7483 	EXP 	sentence: autoDraw = False
291.7483 	EXP 	fixationCross: autoDraw = False
291.7483 	EXP 	sentence: text = 'The cook heated the soup.'
291.7483 	EXP 	fixationCross: autoDraw = True
292.7473 	EXP 	sentence: autoDraw = True
292.7640 	EXP 	fixationCross: autoDraw = False
294.3882 	EXP 	New trial (rep=0, index=57): {'sentenceID': 50, 'isConcordant': False, 'sentenceType': 'intransitive', 'isPlausible': False, 'sentenceContent': 'The teacher opened after a short while.'}
294.4052 	DATA 	Keypress: y
294.4077 	EXP 	sentence: autoDraw = False
294.4077 	EXP 	fixationCross: autoDraw = False
294.4077 	EXP 	sentence: text = 'The teacher opened after a short while.'
294.4077 	EXP 	fixationCross: autoDraw = True
295.4001 	EXP 	sentence: autoDraw = True
295.4167 	EXP 	fixationCross: autoDraw = False
297.7934 	DATA 	Keypress: n
297.8082 	EXP 	New trial (rep=0, index=58): {'sentenceID': 18, 'isConcordant': True, 'sentenceType': 'intransitive', 'isPlausible': False, 'sentenceContent': 'The clusters grew in the flowers.'}
297.8256 	EXP 	sentence: autoDraw = False
297.8256 	EXP 	fixationCross: autoDraw = False
297.8256 	EXP 	sentence: text = 'The clusters grew in the flowers.'
297.8256 	EXP 	fixationCross: autoDraw = True
298.8202 	EXP 	sentence: autoDraw = True
298.8368 	EXP 	fixationCross: autoDraw = False
301.0449 	EXP 	New trial (rep=0, index=59): {'sentenceID': 23, 'isConcordant': True, 'sentenceType': 'intransitive', 'isPlausible': True, 'sentenceContent': 'The concrete hardened in the sun.'}
301.0576 	DATA 	Keypress: n
301.0601 	EXP 	sentence: autoDraw = False
301.0601 	EXP 	fixationCross: autoDraw = False
301.0601 	EXP 	sentence: text = 'The concrete hardened in the sun.'
301.0601 	EXP 	fixationCross: autoDraw = True
302.0568 	EXP 	sentence: autoDraw = True
302.0734 	EXP 	fixationCross: autoDraw = False
304.1644 	EXP 	New trial (rep=0, index=60): {'sentenceID': 47, 'isConcordant': False, 'sentenceType': 'transitive', 'isPlausible': True, 'sentenceContent': 'The cook boiled the soup.'}
304.1755 	DATA 	Keypress: y
304.1781 	EXP 	sentence: autoDraw = False
304.1781 	EXP 	fixationCross: autoDraw = False
304.1781 	EXP 	sentence: text = 'The cook boiled the soup.'
304.1781 	EXP 	fixationCross: autoDraw = True
305.1763 	EXP 	sentence: autoDraw = True
305.1930 	EXP 	fixationCross: autoDraw = False
306.7839 	DATA 	Keypress: y
306.8003 	EXP 	New trial (rep=0, index=61): {'sentenceID': 53, 'isConcordant': False, 'sentenceType': 'intransitive', 'isPlausible': True, 'sentenceContent': 'The wine poured over the table.'}
306.8138 	EXP 	sentence: autoDraw = False
306.8138 	EXP 	fixationCross: autoDraw = False
306.8138 	EXP 	sentence: text = 'The wine poured over the table.'
306.8138 	EXP 	fixationCross: autoDraw = True
307.8125 	EXP 	sentence: autoDraw = True
307.8292 	EXP 	fixationCross: autoDraw = False
309.7864 	EXP 	New trial (rep=0, index=62): {'sentenceID': 8, 'isConcordant': True, 'sentenceType': 'transitive', 'isPlausible': False, 'sentenceContent': 'The sugar dissolved the baker.'}
309.7975 	DATA 	Keypress: y
309.8000 	EXP 	sentence: autoDraw = False
309.8000 	EXP 	fixationCross: autoDraw = False
309.8000 	EXP 	sentence: text = 'The sugar dissolved the baker.'
309.8000 	EXP 	fixationCross: autoDraw = True
310.7988 	EXP 	sentence: autoDraw = True
310.8154 	EXP 	fixationCross: autoDraw = False
312.5228 	EXP 	New trial (rep=0, index=63): {'sentenceID': 32, 'isConcordant': True, 'sentenceType': 'intransitive', 'isPlausible': False, 'sentenceContent': 'The cook boiled in the pot.'}
312.5352 	DATA 	Keypress: n
312.5376 	EXP 	sentence: autoDraw = False
312.5376 	EXP 	fixationCross: autoDraw = False
312.5376 	EXP 	sentence: text = 'The cook boiled in the pot.'
312.5376 	EXP 	fixationCross: autoDraw = True
313.5347 	EXP 	sentence: autoDraw = True
313.5514 	EXP 	fixationCross: autoDraw = False
315.9608 	DATA 	Keypress: n
315.9877 	EXP 	sentence: autoDraw = False
315.9877 	EXP 	fixationCross: autoDraw = False
315.9877 	EXP 	debriefText: autoDraw = True
322.9939 	EXP 	debriefText: autoDraw = False
322.9939 	EXP 	debriefText: autoDraw = False
323.1562 	EXP 	window1: mouseVisible = True
