1.3471 	WARNING 	We strongly recommend you activate the PTB sound engine in PsychoPy prefs as the preferred audio engine. Its timing is vastly superior. Your prefs are currently set to use ['sounddevice', 'PTB', 'pyo', 'pygame'] (in that order).
6.1285 	WARNING 	User requested fullscreen with size [1024  768], but screen is actually [1920, 1080]. Using actual size
7.9900 	EXP 	Created window1 = Window(allowGUI=False, allowStencil=False, autoLog=True, backendConf=UNKNOWN, bitsMode=UNKNOWN, blendMode='avg', bpc=(8, 8, 8), color=array([0, 0, 0]), colorSpace='rgb', depthBits=8, fullscr=<method-wrapper '__getattribute__' of attributeSetter object at 0x000001CCBAE6CBA8>, gamma=None, gammaErrorPolicy='raise', lms=UNKNOWN, monitor=<psychopy.monitors.calibTools.Monitor object at 0x000001CCBAEC1048>, multiSample=False, name='window1', numSamples=2, pos=[0.0, 0.0], screen=0, size=array([1920, 1080]), stencilBits=0, stereo=False, units='height', useFBO=True, useRetina=False, viewOri=0.0, viewPos=None, viewScale=None, waitBlanking=True, winType='pyglet')
7.9906 	EXP 	window1: mouseVisible = True
7.9907 	EXP 	window1: recordFrameIntervals = False
8.1554 	EXP 	window1: recordFrameIntervals = True
8.3391 	EXP 	window1: recordFrameIntervals = False
8.9291 	EXP 	Created instr = ImageStim(__class__=<class 'psychopy.visual.image.ImageStim'>, autoLog=True, color=array([1., 1., 1.]), colorSpace='rgb', contrast=1.0, depth=0.0, flipHoriz=False, flipVert=False, image='instuctions.png', interpolate=True, mask=None, maskParams=None, name='instr', opacity=1, ori=0.0, pos=array([0., 0.]), size=array([0.5, 0.5]), texRes=128.0, units='height', win=Window(...))
9.0847 	EXP 	Created isNative = TextStim(__class__=<class 'psychopy.visual.text.TextStim'>, alignHoriz=method-wrapper(...), alignText='center', alignVert=method-wrapper(...), anchorHoriz='center', anchorVert='center', antialias=True, autoLog=True, bold=False, color=array([1., 1., 1.]), colorSpace='rgb', contrast=1.0, depth=0.0, flipHoriz=False, flipVert=False, font='Open Sans', fontFiles=[], height=0.1, italic=False, languageStyle='LTR', name='isNative', opacity=1, ori=0.0, pos=array([0., 0.]), rgb=UNKNOWN, text=str(...), units='height', win=Window(...), wrapWidth=1)
9.0990 	EXP 	Created text = TextStim(__class__=<class 'psychopy.visual.text.TextStim'>, alignHoriz=method-wrapper(...), alignText='center', alignVert=method-wrapper(...), anchorHoriz='center', anchorVert='center', antialias=True, autoLog=True, bold=False, color=array([1., 1., 1.]), colorSpace='rgb', contrast=1.0, depth=0.0, flipHoriz=False, flipVert=False, font='Open Sans', fontFiles=[], height=0.1, italic=False, languageStyle='LTR', name='text', opacity=1, ori=0.0, pos=array([0., 0.]), rgb=UNKNOWN, text=str(...), units='height', win=Window(...), wrapWidth=1)
9.1008 	EXP 	Created text_2 = TextStim(__class__=<class 'psychopy.visual.text.TextStim'>, alignHoriz=method-wrapper(...), alignText='center', alignVert=method-wrapper(...), anchorHoriz='center', anchorVert='center', antialias=True, autoLog=True, bold=False, color=array([1., 1., 1.]), colorSpace='rgb', contrast=1.0, depth=-1.0, flipHoriz=False, flipVert=False, font='Open Sans', fontFiles=[], height=0.1, italic=False, languageStyle='LTR', name='text_2', opacity=1, ori=0.0, pos=array([0., 0.]), rgb=UNKNOWN, text='', units='height', win=Window(...), wrapWidth=1)
9.1073 	EXP 	Created practice1Cross = TextStim(__class__=<class 'psychopy.visual.text.TextStim'>, alignHoriz=method-wrapper(...), alignText='center', alignVert=method-wrapper(...), anchorHoriz='center', anchorVert='center', antialias=True, autoLog=True, bold=False, color=array([1., 1., 1.]), colorSpace='rgb', contrast=1.0, depth=0.0, flipHoriz=False, flipVert=False, font='Open Sans', fontFiles=[], height=0.1, italic=False, languageStyle='LTR', name='practice1Cross', opacity=1, ori=0.0, pos=array([0., 0.]), rgb=UNKNOWN, text='+', units='height', win=Window(...), wrapWidth=1)
9.1172 	EXP 	Created practice1Text = TextStim(__class__=<class 'psychopy.visual.text.TextStim'>, alignHoriz=method-wrapper(...), alignText='center', alignVert=method-wrapper(...), anchorHoriz='center', anchorVert='center', antialias=True, autoLog=True, bold=False, color=array([1., 1., 1.]), colorSpace='rgb', contrast=1.0, depth=-1.0, flipHoriz=False, flipVert=False, font='Open Sans', fontFiles=[], height=0.1, italic=False, languageStyle='LTR', name='practice1Text', opacity=1, ori=0.0, pos=array([0., 0.]), rgb=UNKNOWN, text='The driver crashed the car.', units='height', win=Window(...), wrapWidth=1)
9.1188 	EXP 	Created feedback1Text = TextStim(__class__=<class 'psychopy.visual.text.TextStim'>, alignHoriz=method-wrapper(...), alignText='center', alignVert=method-wrapper(...), anchorHoriz='center', anchorVert='center', antialias=True, autoLog=True, bold=False, color=array([1., 1., 1.]), colorSpace='rgb', contrast=1.0, depth=0.0, flipHoriz=False, flipVert=False, font='Open Sans', fontFiles=[], height=0.1, italic=False, languageStyle='LTR', name='feedback1Text', opacity=1, ori=0.0, pos=array([0., 0.]), rgb=UNKNOWN, text='', units='height', win=Window(...), wrapWidth=1)
9.1207 	EXP 	Created feedback1Blank = TextStim(__class__=<class 'psychopy.visual.text.TextStim'>, alignHoriz=method-wrapper(...), alignText='center', alignVert=method-wrapper(...), anchorHoriz='center', anchorVert='center', antialias=True, autoLog=True, bold=False, color=array([1., 1., 1.]), colorSpace='rgb', contrast=1.0, depth=-1.0, flipHoriz=False, flipVert=False, font='Open Sans', fontFiles=[], height=0.1, italic=False, languageStyle='LTR', name='feedback1Blank', opacity=1, ori=0.0, pos=array([0., 0.]), rgb=UNKNOWN, text='', units='height', win=Window(...), wrapWidth=1)
9.1239 	EXP 	Created practice2Cross = TextStim(__class__=<class 'psychopy.visual.text.TextStim'>, alignHoriz=method-wrapper(...), alignText='center', alignVert=method-wrapper(...), anchorHoriz='center', anchorVert='center', antialias=True, autoLog=True, bold=False, color=array([1., 1., 1.]), colorSpace='rgb', contrast=1.0, depth=0.0, flipHoriz=False, flipVert=False, font='Open Sans', fontFiles=[], height=0.1, italic=False, languageStyle='LTR', name='practice2Cross', opacity=1, ori=0.0, pos=array([0., 0.]), rgb=UNKNOWN, text='+', units='height', win=Window(...), wrapWidth=1)
9.1314 	EXP 	Created practice2Text = TextStim(__class__=<class 'psychopy.visual.text.TextStim'>, alignHoriz=method-wrapper(...), alignText='center', alignVert=method-wrapper(...), anchorHoriz='center', anchorVert='center', antialias=True, autoLog=True, bold=False, color=array([1., 1., 1.]), colorSpace='rgb', contrast=1.0, depth=-1.0, flipHoriz=False, flipVert=False, font='Open Sans', fontFiles=[], height=0.1, italic=False, languageStyle='LTR', name='practice2Text', opacity=1, ori=0.0, pos=array([0., 0.]), rgb=UNKNOWN, text='The car drives the airplane.', units='height', win=Window(...), wrapWidth=1)
9.1330 	EXP 	Created feedback2Text = TextStim(__class__=<class 'psychopy.visual.text.TextStim'>, alignHoriz=method-wrapper(...), alignText='center', alignVert=method-wrapper(...), anchorHoriz='center', anchorVert='center', antialias=True, autoLog=True, bold=False, color=array([1., 1., 1.]), colorSpace='rgb', contrast=1.0, depth=0.0, flipHoriz=False, flipVert=False, font='Open Sans', fontFiles=[], height=0.1, italic=False, languageStyle='LTR', name='feedback2Text', opacity=1, ori=0.0, pos=array([0., 0.]), rgb=UNKNOWN, text='', units='height', win=Window(...), wrapWidth=1)
9.1348 	EXP 	Created feedback2Blank = TextStim(__class__=<class 'psychopy.visual.text.TextStim'>, alignHoriz=method-wrapper(...), alignText='center', alignVert=method-wrapper(...), anchorHoriz='center', anchorVert='center', antialias=True, autoLog=True, bold=False, color=array([1., 1., 1.]), colorSpace='rgb', contrast=1.0, depth=-1.0, flipHoriz=False, flipVert=False, font='Open Sans', fontFiles=[], height=0.1, italic=False, languageStyle='LTR', name='feedback2Blank', opacity=1, ori=0.0, pos=array([0., 0.]), rgb=UNKNOWN, text='', units='height', win=Window(...), wrapWidth=1)
9.1363 	EXP 	Created sentence = TextStim(__class__=<class 'psychopy.visual.text.TextStim'>, alignHoriz=method-wrapper(...), alignText='center', alignVert=method-wrapper(...), anchorHoriz='center', anchorVert='center', antialias=True, autoLog=True, bold=False, color=array([1., 1., 1.]), colorSpace='rgb', contrast=1.0, depth=0.0, flipHoriz=False, flipVert=False, font='Open Sans', fontFiles=[], height=0.1, italic=False, languageStyle='LTR', name='sentence', opacity=1, ori=0.0, pos=array([0., 0.]), rgb=UNKNOWN, text='', units='height', win=Window(...), wrapWidth=1)
9.1399 	EXP 	Created fixationCross = TextStim(__class__=<class 'psychopy.visual.text.TextStim'>, alignHoriz=method-wrapper(...), alignText='center', alignVert=method-wrapper(...), anchorHoriz='center', anchorVert='center', antialias=True, autoLog=True, bold=False, color=array([1., 1., 1.]), colorSpace='rgb', contrast=1.0, depth=-1.0, flipHoriz=False, flipVert=False, font='Open Sans', fontFiles=[], height=0.1, italic=False, languageStyle='LTR', name='fixationCross', opacity=1, ori=0.0, pos=array([0., 0.]), rgb=UNKNOWN, text='+', units='height', win=Window(...), wrapWidth=1)
9.1625 	EXP 	Created debriefText = TextStim(__class__=<class 'psychopy.visual.text.TextStim'>, alignHoriz=method-wrapper(...), alignText='center', alignVert=method-wrapper(...), anchorHoriz='center', anchorVert='center', antialias=True, autoLog=True, bold=False, color=array([1., 1., 1.]), colorSpace='rgb', contrast=1.0, depth=0.0, flipHoriz=False, flipVert=False, font='Open Sans', fontFiles=[], height=0.1, italic=False, languageStyle='LTR', name='debriefText', opacity=1, ori=0.0, pos=array([0., 0.]), rgb=UNKNOWN, text=str(...), units='height', win=Window(...), wrapWidth=1)
9.2322 	EXP 	instr: autoDraw = True
17.6545 	DATA 	Keypress: y
17.6821 	EXP 	instr: autoDraw = False
17.6821 	EXP 	isNative: autoDraw = True
18.8241 	DATA 	Keypress: n
18.8496 	EXP 	isNative: autoDraw = False
18.8496 	EXP 	text: autoDraw = True
23.8380 	EXP 	text_2: autoDraw = True
23.8541 	EXP 	text: autoDraw = False
26.8406 	EXP 	text_2: autoDraw = False
26.8406 	EXP 	text: autoDraw = False
26.8406 	EXP 	text_2: autoDraw = False
26.8406 	EXP 	practice1Cross: autoDraw = True
27.8252 	EXP 	practice1Text: autoDraw = True
27.8418 	EXP 	practice1Cross: autoDraw = False
28.8005 	DATA 	Keypress: n
28.8350 	EXP 	practice1Cross: autoDraw = False
28.8350 	EXP 	practice1Text: autoDraw = False
28.8350 	EXP 	feedback1Text: text = 'Your answer was incorrect. Please talk to Dan about the instructions.'
28.8350 	EXP 	feedback1Text: autoDraw = True
33.8150 	EXP 	feedback1Blank: autoDraw = True
33.8475 	EXP 	feedback1Text: autoDraw = False
36.8172 	EXP 	feedback1Blank: autoDraw = False
36.8172 	EXP 	feedback1Text: autoDraw = False
36.8172 	EXP 	feedback1Blank: autoDraw = False
36.8172 	EXP 	practice2Cross: autoDraw = True
37.8018 	EXP 	practice2Text: autoDraw = True
37.8184 	EXP 	practice2Cross: autoDraw = False
38.3097 	DATA 	Keypress: y
38.3472 	EXP 	practice2Cross: autoDraw = False
38.3472 	EXP 	practice2Text: autoDraw = False
38.3472 	EXP 	feedback2Text: text = 'Your answer was incorrect. Please talk to Dan about the instructions.'
38.3472 	EXP 	feedback2Text: autoDraw = True
43.3411 	EXP 	feedback2Blank: autoDraw = True
43.3570 	EXP 	feedback2Text: autoDraw = False
46.3569 	EXP 	Imported stimuliFiltered.xlsx as conditions, 64 conditions, 5 params
46.3581 	EXP 	Created sequence: random, trialTypes=64, nReps=1, seed=None
46.3586 	EXP 	New trial (rep=0, index=0): {'sentenceID': 40, 'isConcordant': False, 'sentenceType': 'transitive', 'isPlausible': False, 'sentenceContent': 'The sand hardened the sun.'}
46.3712 	EXP 	feedback2Blank: autoDraw = False
46.3712 	EXP 	feedback2Text: autoDraw = False
46.3712 	EXP 	feedback2Blank: autoDraw = False
46.3712 	EXP 	sentence: text = 'The sand hardened the sun.'
46.3712 	EXP 	fixationCross: autoDraw = True
47.3612 	EXP 	sentence: autoDraw = True
47.3780 	EXP 	fixationCross: autoDraw = False
50.3640 	EXP 	sentence: autoDraw = False
51.8542 	EXP 	New trial (rep=0, index=1): {'sentenceID': 18, 'isConcordant': True, 'sentenceType': 'intransitive', 'isPlausible': False, 'sentenceContent': 'The clusters grew in the flowers.'}
51.8775 	EXP 	sentence: autoDraw = False
51.8775 	EXP 	fixationCross: autoDraw = False
51.8775 	EXP 	sentence: text = 'The clusters grew in the flowers.'
51.8775 	EXP 	fixationCross: autoDraw = True
52.8669 	EXP 	sentence: autoDraw = True
52.8835 	EXP 	fixationCross: autoDraw = False
55.8696 	EXP 	sentence: autoDraw = False
57.3587 	EXP 	New trial (rep=0, index=2): {'sentenceID': 22, 'isConcordant': True, 'sentenceType': 'intransitive', 'isPlausible': False, 'sentenceContent': 'The street exploded in the bomb.'}
57.3805 	EXP 	sentence: autoDraw = False
57.3805 	EXP 	fixationCross: autoDraw = False
57.3805 	EXP 	sentence: text = 'The street exploded in the bomb.'
57.3805 	EXP 	fixationCross: autoDraw = True
58.3723 	EXP 	sentence: autoDraw = True
58.3892 	EXP 	fixationCross: autoDraw = False
61.3750 	EXP 	sentence: autoDraw = False
62.8634 	EXP 	New trial (rep=0, index=3): {'sentenceID': 43, 'isConcordant': False, 'sentenceType': 'transitive', 'isPlausible': True, 'sentenceContent': 'The cook crumbled the cake.'}
62.8766 	EXP 	sentence: autoDraw = False
62.8766 	EXP 	fixationCross: autoDraw = False
62.8766 	EXP 	sentence: text = 'The cook crumbled the cake.'
62.8766 	EXP 	fixationCross: autoDraw = True
63.8778 	EXP 	sentence: autoDraw = True
63.8778 	EXP 	fixationCross: autoDraw = False
66.8805 	EXP 	sentence: autoDraw = False
68.3695 	EXP 	New trial (rep=0, index=4): {'sentenceID': 55, 'isConcordant': False, 'sentenceType': 'intransitive', 'isPlausible': True, 'sentenceContent': 'The sugar dissolved in the milk.'}
68.3902 	EXP 	sentence: autoDraw = False
68.3902 	EXP 	fixationCross: autoDraw = False
68.3902 	EXP 	sentence: text = 'The sugar dissolved in the milk.'
68.3902 	EXP 	fixationCross: autoDraw = True
69.3832 	EXP 	sentence: autoDraw = True
69.3999 	EXP 	fixationCross: autoDraw = False
72.3861 	EXP 	sentence: autoDraw = False
73.1422 	DATA 	Keypress: escape
73.4397 	EXP 	window1: mouseVisible = True
